
*** Running vivado
    with args -log design_1_cv_hw_0_0.vds -m64 -product Vivado -mode batch -messageDb vivado.pb -notrace -source design_1_cv_hw_0_0.tcl


****** Vivado v2018.2.2 (64-bit)
  **** SW Build 2348494 on Mon Oct  1 18:25:39 MDT 2018
  **** IP Build 2318053 on Mon Oct  1 21:44:26 MDT 2018
    ** Copyright 1986-2018 Xilinx, Inc. All Rights Reserved.

source design_1_cv_hw_0_0.tcl -notrace
Command: synth_design -top design_1_cv_hw_0_0 -part xczu3eg-sbva484-1-e -mode out_of_context
Starting synth_design
Attempting to get a license for feature 'Synthesis' and/or device 'xczu3eg'
INFO: [Common 17-349] Got license for feature 'Synthesis' and/or device 'xczu3eg'
INFO: Launching helper process for spawning children vivado processes
INFO: Helper process launched with PID 27519 
---------------------------------------------------------------------------------
Starting RTL Elaboration : Time (s): cpu = 00:00:01 ; elapsed = 00:00:02 . Memory (MB): peak = 1341.336 ; gain = 75.871 ; free physical = 21788 ; free virtual = 26749
---------------------------------------------------------------------------------
INFO: [Synth 8-6157] synthesizing module 'design_1_cv_hw_0_0' [/home/shwetashob/workspace/hls/xilinx-vivado/ultra96_opencv.srcs/sources_1/bd/design_1/ip/design_1_cv_hw_0_0/synth/design_1_cv_hw_0_0.v:58]
INFO: [Synth 8-6157] synthesizing module 'cv_hw' [/home/shwetashob/workspace/hls/xilinx-vivado/ultra96_opencv.srcs/sources_1/bd/design_1/ipshared/a1ab/hdl/verilog/cv_hw.v:12]
INFO: [Synth 8-6157] synthesizing module 'Block_proc' [/home/shwetashob/workspace/hls/xilinx-vivado/ultra96_opencv.srcs/sources_1/bd/design_1/ipshared/a1ab/hdl/verilog/Block_proc.v:10]
	Parameter ap_ST_fsm_state1 bound to: 1'b1 
INFO: [Synth 8-5534] Detected attribute (* fsm_encoding = "none" *) [/home/shwetashob/workspace/hls/xilinx-vivado/ultra96_opencv.srcs/sources_1/bd/design_1/ipshared/a1ab/hdl/verilog/Block_proc.v:49]
INFO: [Synth 8-6155] done synthesizing module 'Block_proc' (1#1) [/home/shwetashob/workspace/hls/xilinx-vivado/ultra96_opencv.srcs/sources_1/bd/design_1/ipshared/a1ab/hdl/verilog/Block_proc.v:10]
INFO: [Synth 8-6157] synthesizing module 'AXIvideo2Mat' [/home/shwetashob/workspace/hls/xilinx-vivado/ultra96_opencv.srcs/sources_1/bd/design_1/ipshared/a1ab/hdl/verilog/AXIvideo2Mat.v:10]
	Parameter ap_ST_fsm_state1 bound to: 8'b00000001 
	Parameter ap_ST_fsm_state2 bound to: 8'b00000010 
	Parameter ap_ST_fsm_state3 bound to: 8'b00000100 
	Parameter ap_ST_fsm_state4 bound to: 8'b00001000 
	Parameter ap_ST_fsm_pp1_stage0 bound to: 8'b00010000 
	Parameter ap_ST_fsm_state7 bound to: 8'b00100000 
	Parameter ap_ST_fsm_pp2_stage0 bound to: 8'b01000000 
	Parameter ap_ST_fsm_state10 bound to: 8'b10000000 
INFO: [Synth 8-5534] Detected attribute (* fsm_encoding = "none" *) [/home/shwetashob/workspace/hls/xilinx-vivado/ultra96_opencv.srcs/sources_1/bd/design_1/ipshared/a1ab/hdl/verilog/AXIvideo2Mat.v:117]
INFO: [Synth 8-6155] done synthesizing module 'AXIvideo2Mat' (2#1) [/home/shwetashob/workspace/hls/xilinx-vivado/ultra96_opencv.srcs/sources_1/bd/design_1/ipshared/a1ab/hdl/verilog/AXIvideo2Mat.v:10]
INFO: [Synth 8-6157] synthesizing module 'CvtColor' [/home/shwetashob/workspace/hls/xilinx-vivado/ultra96_opencv.srcs/sources_1/bd/design_1/ipshared/a1ab/hdl/verilog/CvtColor.v:10]
	Parameter ap_ST_fsm_state1 bound to: 4'b0001 
	Parameter ap_ST_fsm_state2 bound to: 4'b0010 
	Parameter ap_ST_fsm_pp0_stage0 bound to: 4'b0100 
	Parameter ap_ST_fsm_state6 bound to: 4'b1000 
INFO: [Synth 8-5534] Detected attribute (* fsm_encoding = "none" *) [/home/shwetashob/workspace/hls/xilinx-vivado/ultra96_opencv.srcs/sources_1/bd/design_1/ipshared/a1ab/hdl/verilog/CvtColor.v:88]
INFO: [Synth 8-6157] synthesizing module 'cv_hw_mul_mul_8nsbkb' [/home/shwetashob/workspace/hls/xilinx-vivado/ultra96_opencv.srcs/sources_1/bd/design_1/ipshared/a1ab/hdl/verilog/cv_hw_mul_mul_8nsbkb.v:14]
	Parameter ID bound to: 1 - type: integer 
	Parameter NUM_STAGE bound to: 1 - type: integer 
	Parameter din0_WIDTH bound to: 8 - type: integer 
	Parameter din1_WIDTH bound to: 22 - type: integer 
	Parameter dout_WIDTH bound to: 29 - type: integer 
INFO: [Synth 8-6157] synthesizing module 'cv_hw_mul_mul_8nsbkb_DSP48_0' [/home/shwetashob/workspace/hls/xilinx-vivado/ultra96_opencv.srcs/sources_1/bd/design_1/ipshared/a1ab/hdl/verilog/cv_hw_mul_mul_8nsbkb.v:4]
INFO: [Synth 8-6155] done synthesizing module 'cv_hw_mul_mul_8nsbkb_DSP48_0' (3#1) [/home/shwetashob/workspace/hls/xilinx-vivado/ultra96_opencv.srcs/sources_1/bd/design_1/ipshared/a1ab/hdl/verilog/cv_hw_mul_mul_8nsbkb.v:4]
INFO: [Synth 8-6155] done synthesizing module 'cv_hw_mul_mul_8nsbkb' (4#1) [/home/shwetashob/workspace/hls/xilinx-vivado/ultra96_opencv.srcs/sources_1/bd/design_1/ipshared/a1ab/hdl/verilog/cv_hw_mul_mul_8nsbkb.v:14]
INFO: [Synth 8-6157] synthesizing module 'cv_hw_mac_muladd_cud' [/home/shwetashob/workspace/hls/xilinx-vivado/ultra96_opencv.srcs/sources_1/bd/design_1/ipshared/a1ab/hdl/verilog/cv_hw_mac_muladd_cud.v:34]
	Parameter ID bound to: 1 - type: integer 
	Parameter NUM_STAGE bound to: 1 - type: integer 
	Parameter din0_WIDTH bound to: 8 - type: integer 
	Parameter din1_WIDTH bound to: 20 - type: integer 
	Parameter din2_WIDTH bound to: 29 - type: integer 
	Parameter dout_WIDTH bound to: 29 - type: integer 
INFO: [Synth 8-6157] synthesizing module 'cv_hw_mac_muladd_cud_DSP48_1' [/home/shwetashob/workspace/hls/xilinx-vivado/ultra96_opencv.srcs/sources_1/bd/design_1/ipshared/a1ab/hdl/verilog/cv_hw_mac_muladd_cud.v:10]
INFO: [Synth 8-6155] done synthesizing module 'cv_hw_mac_muladd_cud_DSP48_1' (5#1) [/home/shwetashob/workspace/hls/xilinx-vivado/ultra96_opencv.srcs/sources_1/bd/design_1/ipshared/a1ab/hdl/verilog/cv_hw_mac_muladd_cud.v:10]
INFO: [Synth 8-6155] done synthesizing module 'cv_hw_mac_muladd_cud' (6#1) [/home/shwetashob/workspace/hls/xilinx-vivado/ultra96_opencv.srcs/sources_1/bd/design_1/ipshared/a1ab/hdl/verilog/cv_hw_mac_muladd_cud.v:34]
INFO: [Synth 8-6157] synthesizing module 'cv_hw_mac_muladd_dEe' [/home/shwetashob/workspace/hls/xilinx-vivado/ultra96_opencv.srcs/sources_1/bd/design_1/ipshared/a1ab/hdl/verilog/cv_hw_mac_muladd_dEe.v:34]
	Parameter ID bound to: 1 - type: integer 
	Parameter NUM_STAGE bound to: 1 - type: integer 
	Parameter din0_WIDTH bound to: 8 - type: integer 
	Parameter din1_WIDTH bound to: 23 - type: integer 
	Parameter din2_WIDTH bound to: 29 - type: integer 
	Parameter dout_WIDTH bound to: 30 - type: integer 
INFO: [Synth 8-6157] synthesizing module 'cv_hw_mac_muladd_dEe_DSP48_2' [/home/shwetashob/workspace/hls/xilinx-vivado/ultra96_opencv.srcs/sources_1/bd/design_1/ipshared/a1ab/hdl/verilog/cv_hw_mac_muladd_dEe.v:10]
INFO: [Synth 8-6155] done synthesizing module 'cv_hw_mac_muladd_dEe_DSP48_2' (7#1) [/home/shwetashob/workspace/hls/xilinx-vivado/ultra96_opencv.srcs/sources_1/bd/design_1/ipshared/a1ab/hdl/verilog/cv_hw_mac_muladd_dEe.v:10]
INFO: [Synth 8-6155] done synthesizing module 'cv_hw_mac_muladd_dEe' (8#1) [/home/shwetashob/workspace/hls/xilinx-vivado/ultra96_opencv.srcs/sources_1/bd/design_1/ipshared/a1ab/hdl/verilog/cv_hw_mac_muladd_dEe.v:34]
WARNING: [Synth 8-589] replacing case/wildcard equality operator === with logical equality operator == [/home/shwetashob/workspace/hls/xilinx-vivado/ultra96_opencv.srcs/sources_1/bd/design_1/ipshared/a1ab/hdl/verilog/CvtColor.v:579]
INFO: [Synth 8-6155] done synthesizing module 'CvtColor' (9#1) [/home/shwetashob/workspace/hls/xilinx-vivado/ultra96_opencv.srcs/sources_1/bd/design_1/ipshared/a1ab/hdl/verilog/CvtColor.v:10]
INFO: [Synth 8-6157] synthesizing module 'Mat2AXIvideo' [/home/shwetashob/workspace/hls/xilinx-vivado/ultra96_opencv.srcs/sources_1/bd/design_1/ipshared/a1ab/hdl/verilog/Mat2AXIvideo.v:10]
	Parameter ap_ST_fsm_state1 bound to: 4'b0001 
	Parameter ap_ST_fsm_state2 bound to: 4'b0010 
	Parameter ap_ST_fsm_pp0_stage0 bound to: 4'b0100 
	Parameter ap_ST_fsm_state6 bound to: 4'b1000 
INFO: [Synth 8-5534] Detected attribute (* fsm_encoding = "none" *) [/home/shwetashob/workspace/hls/xilinx-vivado/ultra96_opencv.srcs/sources_1/bd/design_1/ipshared/a1ab/hdl/verilog/Mat2AXIvideo.v:63]
WARNING: [Synth 8-6014] Unused sequential element AXI_video_strm_V_dest_V_1_sel_rd_reg was removed.  [/home/shwetashob/workspace/hls/xilinx-vivado/ultra96_opencv.srcs/sources_1/bd/design_1/ipshared/a1ab/hdl/verilog/Mat2AXIvideo.v:240]
WARNING: [Synth 8-6014] Unused sequential element AXI_video_strm_V_id_V_1_sel_rd_reg was removed.  [/home/shwetashob/workspace/hls/xilinx-vivado/ultra96_opencv.srcs/sources_1/bd/design_1/ipshared/a1ab/hdl/verilog/Mat2AXIvideo.v:266]
WARNING: [Synth 8-6014] Unused sequential element AXI_video_strm_V_keep_V_1_sel_rd_reg was removed.  [/home/shwetashob/workspace/hls/xilinx-vivado/ultra96_opencv.srcs/sources_1/bd/design_1/ipshared/a1ab/hdl/verilog/Mat2AXIvideo.v:292]
WARNING: [Synth 8-6014] Unused sequential element AXI_video_strm_V_strb_V_1_sel_rd_reg was removed.  [/home/shwetashob/workspace/hls/xilinx-vivado/ultra96_opencv.srcs/sources_1/bd/design_1/ipshared/a1ab/hdl/verilog/Mat2AXIvideo.v:354]
INFO: [Synth 8-6155] done synthesizing module 'Mat2AXIvideo' (10#1) [/home/shwetashob/workspace/hls/xilinx-vivado/ultra96_opencv.srcs/sources_1/bd/design_1/ipshared/a1ab/hdl/verilog/Mat2AXIvideo.v:10]
INFO: [Synth 8-6157] synthesizing module 'fifo_w12_d2_A' [/home/shwetashob/workspace/hls/xilinx-vivado/ultra96_opencv.srcs/sources_1/bd/design_1/ipshared/a1ab/hdl/verilog/fifo_w12_d2_A.v:45]
	Parameter MEM_STYLE bound to: shiftreg - type: string 
	Parameter DATA_WIDTH bound to: 12 - type: integer 
	Parameter ADDR_WIDTH bound to: 1 - type: integer 
	Parameter DEPTH bound to: 2'b10 
INFO: [Synth 8-6157] synthesizing module 'fifo_w12_d2_A_shiftReg' [/home/shwetashob/workspace/hls/xilinx-vivado/ultra96_opencv.srcs/sources_1/bd/design_1/ipshared/a1ab/hdl/verilog/fifo_w12_d2_A.v:11]
	Parameter DATA_WIDTH bound to: 12 - type: integer 
	Parameter ADDR_WIDTH bound to: 1 - type: integer 
	Parameter DEPTH bound to: 2'b10 
INFO: [Synth 8-6155] done synthesizing module 'fifo_w12_d2_A_shiftReg' (11#1) [/home/shwetashob/workspace/hls/xilinx-vivado/ultra96_opencv.srcs/sources_1/bd/design_1/ipshared/a1ab/hdl/verilog/fifo_w12_d2_A.v:11]
INFO: [Synth 8-6155] done synthesizing module 'fifo_w12_d2_A' (12#1) [/home/shwetashob/workspace/hls/xilinx-vivado/ultra96_opencv.srcs/sources_1/bd/design_1/ipshared/a1ab/hdl/verilog/fifo_w12_d2_A.v:45]
INFO: [Synth 8-6157] synthesizing module 'fifo_w8_d2_A' [/home/shwetashob/workspace/hls/xilinx-vivado/ultra96_opencv.srcs/sources_1/bd/design_1/ipshared/a1ab/hdl/verilog/fifo_w8_d2_A.v:45]
	Parameter MEM_STYLE bound to: shiftreg - type: string 
	Parameter DATA_WIDTH bound to: 8 - type: integer 
	Parameter ADDR_WIDTH bound to: 1 - type: integer 
	Parameter DEPTH bound to: 2'b10 
INFO: [Synth 8-6157] synthesizing module 'fifo_w8_d2_A_shiftReg' [/home/shwetashob/workspace/hls/xilinx-vivado/ultra96_opencv.srcs/sources_1/bd/design_1/ipshared/a1ab/hdl/verilog/fifo_w8_d2_A.v:11]
	Parameter DATA_WIDTH bound to: 8 - type: integer 
	Parameter ADDR_WIDTH bound to: 1 - type: integer 
	Parameter DEPTH bound to: 2'b10 
INFO: [Synth 8-6155] done synthesizing module 'fifo_w8_d2_A_shiftReg' (13#1) [/home/shwetashob/workspace/hls/xilinx-vivado/ultra96_opencv.srcs/sources_1/bd/design_1/ipshared/a1ab/hdl/verilog/fifo_w8_d2_A.v:11]
INFO: [Synth 8-6155] done synthesizing module 'fifo_w8_d2_A' (14#1) [/home/shwetashob/workspace/hls/xilinx-vivado/ultra96_opencv.srcs/sources_1/bd/design_1/ipshared/a1ab/hdl/verilog/fifo_w8_d2_A.v:45]
INFO: [Synth 8-6157] synthesizing module 'start_for_CvtColoeOg' [/home/shwetashob/workspace/hls/xilinx-vivado/ultra96_opencv.srcs/sources_1/bd/design_1/ipshared/a1ab/hdl/verilog/start_for_CvtColoeOg.v:45]
	Parameter MEM_STYLE bound to: shiftreg - type: string 
	Parameter DATA_WIDTH bound to: 1 - type: integer 
	Parameter ADDR_WIDTH bound to: 1 - type: integer 
	Parameter DEPTH bound to: 2'b10 
INFO: [Synth 8-6157] synthesizing module 'start_for_CvtColoeOg_shiftReg' [/home/shwetashob/workspace/hls/xilinx-vivado/ultra96_opencv.srcs/sources_1/bd/design_1/ipshared/a1ab/hdl/verilog/start_for_CvtColoeOg.v:11]
	Parameter DATA_WIDTH bound to: 1 - type: integer 
	Parameter ADDR_WIDTH bound to: 1 - type: integer 
	Parameter DEPTH bound to: 2'b10 
INFO: [Synth 8-6155] done synthesizing module 'start_for_CvtColoeOg_shiftReg' (15#1) [/home/shwetashob/workspace/hls/xilinx-vivado/ultra96_opencv.srcs/sources_1/bd/design_1/ipshared/a1ab/hdl/verilog/start_for_CvtColoeOg.v:11]
INFO: [Synth 8-6155] done synthesizing module 'start_for_CvtColoeOg' (16#1) [/home/shwetashob/workspace/hls/xilinx-vivado/ultra96_opencv.srcs/sources_1/bd/design_1/ipshared/a1ab/hdl/verilog/start_for_CvtColoeOg.v:45]
INFO: [Synth 8-6157] synthesizing module 'start_for_Mat2AXIfYi' [/home/shwetashob/workspace/hls/xilinx-vivado/ultra96_opencv.srcs/sources_1/bd/design_1/ipshared/a1ab/hdl/verilog/start_for_Mat2AXIfYi.v:45]
	Parameter MEM_STYLE bound to: shiftreg - type: string 
	Parameter DATA_WIDTH bound to: 1 - type: integer 
	Parameter ADDR_WIDTH bound to: 1 - type: integer 
	Parameter DEPTH bound to: 2'b10 
INFO: [Synth 8-6157] synthesizing module 'start_for_Mat2AXIfYi_shiftReg' [/home/shwetashob/workspace/hls/xilinx-vivado/ultra96_opencv.srcs/sources_1/bd/design_1/ipshared/a1ab/hdl/verilog/start_for_Mat2AXIfYi.v:11]
	Parameter DATA_WIDTH bound to: 1 - type: integer 
	Parameter ADDR_WIDTH bound to: 1 - type: integer 
	Parameter DEPTH bound to: 2'b10 
INFO: [Synth 8-6155] done synthesizing module 'start_for_Mat2AXIfYi_shiftReg' (17#1) [/home/shwetashob/workspace/hls/xilinx-vivado/ultra96_opencv.srcs/sources_1/bd/design_1/ipshared/a1ab/hdl/verilog/start_for_Mat2AXIfYi.v:11]
INFO: [Synth 8-6155] done synthesizing module 'start_for_Mat2AXIfYi' (18#1) [/home/shwetashob/workspace/hls/xilinx-vivado/ultra96_opencv.srcs/sources_1/bd/design_1/ipshared/a1ab/hdl/verilog/start_for_Mat2AXIfYi.v:45]
INFO: [Synth 8-6155] done synthesizing module 'cv_hw' (19#1) [/home/shwetashob/workspace/hls/xilinx-vivado/ultra96_opencv.srcs/sources_1/bd/design_1/ipshared/a1ab/hdl/verilog/cv_hw.v:12]
INFO: [Synth 8-6155] done synthesizing module 'design_1_cv_hw_0_0' (20#1) [/home/shwetashob/workspace/hls/xilinx-vivado/ultra96_opencv.srcs/sources_1/bd/design_1/ip/design_1_cv_hw_0_0/synth/design_1_cv_hw_0_0.v:58]
WARNING: [Synth 8-3331] design AXIvideo2Mat has unconnected port in_stream_TKEEP[3]
WARNING: [Synth 8-3331] design AXIvideo2Mat has unconnected port in_stream_TKEEP[2]
WARNING: [Synth 8-3331] design AXIvideo2Mat has unconnected port in_stream_TKEEP[1]
WARNING: [Synth 8-3331] design AXIvideo2Mat has unconnected port in_stream_TKEEP[0]
WARNING: [Synth 8-3331] design AXIvideo2Mat has unconnected port in_stream_TSTRB[3]
WARNING: [Synth 8-3331] design AXIvideo2Mat has unconnected port in_stream_TSTRB[2]
WARNING: [Synth 8-3331] design AXIvideo2Mat has unconnected port in_stream_TSTRB[1]
WARNING: [Synth 8-3331] design AXIvideo2Mat has unconnected port in_stream_TSTRB[0]
WARNING: [Synth 8-3331] design AXIvideo2Mat has unconnected port in_stream_TID[0]
WARNING: [Synth 8-3331] design AXIvideo2Mat has unconnected port in_stream_TDEST[0]
---------------------------------------------------------------------------------
Finished RTL Elaboration : Time (s): cpu = 00:00:02 ; elapsed = 00:00:03 . Memory (MB): peak = 1387.961 ; gain = 122.496 ; free physical = 21757 ; free virtual = 26719
---------------------------------------------------------------------------------

Report Check Netlist: 
+------+------------------+-------+---------+-------+------------------+
|      |Item              |Errors |Warnings |Status |Description       |
+------+------------------+-------+---------+-------+------------------+
|1     |multi_driven_nets |      0|        0|Passed |Multi driven nets |
+------+------------------+-------+---------+-------+------------------+
---------------------------------------------------------------------------------
Start Handling Custom Attributes
---------------------------------------------------------------------------------
---------------------------------------------------------------------------------
Finished Handling Custom Attributes : Time (s): cpu = 00:00:02 ; elapsed = 00:00:03 . Memory (MB): peak = 1387.961 ; gain = 122.496 ; free physical = 21712 ; free virtual = 26674
---------------------------------------------------------------------------------
---------------------------------------------------------------------------------
Finished RTL Optimization Phase 1 : Time (s): cpu = 00:00:02 ; elapsed = 00:00:03 . Memory (MB): peak = 1387.961 ; gain = 122.496 ; free physical = 21712 ; free virtual = 26674
---------------------------------------------------------------------------------
INFO: [Device 21-403] Loading part xczu3eg-sbva484-1-e
INFO: [Project 1-570] Preparing netlist for logic optimization

Processing XDC Constraints
Initializing timing engine
Parsing XDC File [/home/shwetashob/workspace/hls/xilinx-vivado/ultra96_opencv.srcs/sources_1/bd/design_1/ip/design_1_cv_hw_0_0/constraints/cv_hw_ooc.xdc] for cell 'inst'
Finished Parsing XDC File [/home/shwetashob/workspace/hls/xilinx-vivado/ultra96_opencv.srcs/sources_1/bd/design_1/ip/design_1_cv_hw_0_0/constraints/cv_hw_ooc.xdc] for cell 'inst'
Parsing XDC File [/home/shwetashob/workspace/hls/xilinx-vivado/ultra96_opencv.runs/design_1_cv_hw_0_0_synth_1/dont_touch.xdc]
Finished Parsing XDC File [/home/shwetashob/workspace/hls/xilinx-vivado/ultra96_opencv.runs/design_1_cv_hw_0_0_synth_1/dont_touch.xdc]
Completed Processing XDC Constraints

INFO: [Project 1-111] Unisim Transformation Summary:
No Unisim elements were transformed.

Constraint Validation Runtime : Time (s): cpu = 00:00:00.03 ; elapsed = 00:00:00.02 . Memory (MB): peak = 2295.688 ; gain = 0.000 ; free physical = 20034 ; free virtual = 24997
---------------------------------------------------------------------------------
Finished Constraint Validation : Time (s): cpu = 00:00:12 ; elapsed = 00:00:26 . Memory (MB): peak = 2295.688 ; gain = 1030.223 ; free physical = 20039 ; free virtual = 25003
---------------------------------------------------------------------------------
---------------------------------------------------------------------------------
Start Loading Part and Timing Information
---------------------------------------------------------------------------------
Loading part: xczu3eg-sbva484-1-e
---------------------------------------------------------------------------------
Finished Loading Part and Timing Information : Time (s): cpu = 00:00:12 ; elapsed = 00:00:26 . Memory (MB): peak = 2295.688 ; gain = 1030.223 ; free physical = 20039 ; free virtual = 25002
---------------------------------------------------------------------------------
---------------------------------------------------------------------------------
Start Applying 'set_property' XDC Constraints
---------------------------------------------------------------------------------
Applied set_property DONT_TOUCH = true for inst. (constraint file  /home/shwetashob/workspace/hls/xilinx-vivado/ultra96_opencv.runs/design_1_cv_hw_0_0_synth_1/dont_touch.xdc, line 9).
---------------------------------------------------------------------------------
Finished applying 'set_property' XDC Constraints : Time (s): cpu = 00:00:12 ; elapsed = 00:00:26 . Memory (MB): peak = 2295.688 ; gain = 1030.223 ; free physical = 20039 ; free virtual = 25002
---------------------------------------------------------------------------------
INFO: [Synth 8-4490] FSM extraction disabled for register 'ap_CS_fsm_reg' through user attribute
INFO: [Synth 8-4490] FSM extraction disabled for register 'ap_CS_fsm_reg' through user attribute
INFO: [Synth 8-4490] FSM extraction disabled for register 'ap_CS_fsm_reg' through user attribute
INFO: [Synth 8-4490] FSM extraction disabled for register 'ap_CS_fsm_reg' through user attribute
INFO: [Synth 8-5546] ROM "exitcond1_fu_164_p2" won't be mapped to RAM because it is too sparse
INFO: [Synth 8-5546] ROM "exitcond_fu_176_p2" won't be mapped to RAM because it is too sparse
INFO: [Synth 8-5546] ROM "axi_last_V_fu_188_p2" won't be mapped to RAM because it is too sparse
INFO: [Synth 8-5544] ROM "internal_empty_n" won't be mapped to Block RAM because address size (2) smaller than threshold (5)
INFO: [Synth 8-5544] ROM "internal_empty_n" won't be mapped to Block RAM because address size (2) smaller than threshold (5)
INFO: [Synth 8-5544] ROM "internal_empty_n" won't be mapped to Block RAM because address size (2) smaller than threshold (5)
INFO: [Synth 8-5544] ROM "internal_empty_n" won't be mapped to Block RAM because address size (2) smaller than threshold (5)
---------------------------------------------------------------------------------
Finished RTL Optimization Phase 2 : Time (s): cpu = 00:00:13 ; elapsed = 00:00:27 . Memory (MB): peak = 2295.688 ; gain = 1030.223 ; free physical = 20084 ; free virtual = 25049
---------------------------------------------------------------------------------

Report RTL Partitions: 
+-+--------------+------------+----------+
| |RTL Partition |Replication |Instances |
+-+--------------+------------+----------+
+-+--------------+------------+----------+
---------------------------------------------------------------------------------
Start RTL Component Statistics 
---------------------------------------------------------------------------------
Detailed RTL Component Info : 
+---Adders : 
	   2 Input     11 Bit       Adders := 6     
	   2 Input      8 Bit       Adders := 1     
	   2 Input      2 Bit       Adders := 10    
+---XORs : 
	   2 Input      1 Bit         XORs := 1     
+---Registers : 
	               32 Bit    Registers := 8     
	               29 Bit    Registers := 1     
	               12 Bit    Registers := 12    
	               11 Bit    Registers := 9     
	                8 Bit    Registers := 10    
	                4 Bit    Registers := 2     
	                2 Bit    Registers := 21    
	                1 Bit    Registers := 76    
+---Muxes : 
	   2 Input     32 Bit        Muxes := 14    
	   2 Input     12 Bit        Muxes := 4     
	   3 Input      8 Bit        Muxes := 1     
	   2 Input      8 Bit        Muxes := 5     
	   3 Input      6 Bit        Muxes := 1     
	   2 Input      5 Bit        Muxes := 1     
	   3 Input      4 Bit        Muxes := 1     
	   2 Input      4 Bit        Muxes := 2     
	   3 Input      3 Bit        Muxes := 2     
	   2 Input      3 Bit        Muxes := 1     
	   2 Input      2 Bit        Muxes := 14    
	   4 Input      2 Bit        Muxes := 11    
	   2 Input      1 Bit        Muxes := 93    
---------------------------------------------------------------------------------
Finished RTL Component Statistics 
---------------------------------------------------------------------------------
---------------------------------------------------------------------------------
Start RTL Hierarchical Component Statistics 
---------------------------------------------------------------------------------
Hierarchical RTL Component report 
Module Block_proc 
Detailed RTL Component Info : 
+---Registers : 
	                1 Bit    Registers := 2     
+---Muxes : 
	   2 Input      1 Bit        Muxes := 2     
Module AXIvideo2Mat 
Detailed RTL Component Info : 
+---Adders : 
	   2 Input     11 Bit       Adders := 2     
+---Registers : 
	               32 Bit    Registers := 6     
	               12 Bit    Registers := 2     
	               11 Bit    Registers := 3     
	                8 Bit    Registers := 1     
	                2 Bit    Registers := 4     
	                1 Bit    Registers := 25    
+---Muxes : 
	   2 Input     32 Bit        Muxes := 13    
	   3 Input      8 Bit        Muxes := 1     
	   3 Input      6 Bit        Muxes := 1     
	   2 Input      5 Bit        Muxes := 1     
	   3 Input      3 Bit        Muxes := 1     
	   2 Input      2 Bit        Muxes := 5     
	   4 Input      2 Bit        Muxes := 4     
	   2 Input      1 Bit        Muxes := 26    
Module CvtColor 
Detailed RTL Component Info : 
+---Adders : 
	   2 Input     11 Bit       Adders := 2     
	   2 Input      8 Bit       Adders := 1     
+---XORs : 
	   2 Input      1 Bit         XORs := 1     
+---Registers : 
	               29 Bit    Registers := 1     
	               12 Bit    Registers := 2     
	               11 Bit    Registers := 3     
	                8 Bit    Registers := 1     
	                4 Bit    Registers := 1     
	                1 Bit    Registers := 7     
+---Muxes : 
	   2 Input      8 Bit        Muxes := 1     
	   3 Input      4 Bit        Muxes := 1     
	   2 Input      3 Bit        Muxes := 1     
	   2 Input      2 Bit        Muxes := 1     
	   2 Input      1 Bit        Muxes := 6     
Module Mat2AXIvideo 
Detailed RTL Component Info : 
+---Adders : 
	   2 Input     11 Bit       Adders := 2     
+---Registers : 
	               32 Bit    Registers := 2     
	               11 Bit    Registers := 3     
	                4 Bit    Registers := 1     
	                2 Bit    Registers := 7     
	                1 Bit    Registers := 18    
+---Muxes : 
	   2 Input     32 Bit        Muxes := 1     
	   2 Input      4 Bit        Muxes := 2     
	   3 Input      3 Bit        Muxes := 1     
	   2 Input      2 Bit        Muxes := 8     
	   4 Input      2 Bit        Muxes := 7     
	   2 Input      1 Bit        Muxes := 17    
Module fifo_w12_d2_A_shiftReg 
Detailed RTL Component Info : 
+---Registers : 
	               12 Bit    Registers := 2     
+---Muxes : 
	   2 Input     12 Bit        Muxes := 1     
Module fifo_w12_d2_A 
Detailed RTL Component Info : 
+---Adders : 
	   2 Input      2 Bit       Adders := 1     
+---Registers : 
	                2 Bit    Registers := 1     
	                1 Bit    Registers := 2     
+---Muxes : 
	   2 Input      1 Bit        Muxes := 4     
Module fifo_w8_d2_A_shiftReg 
Detailed RTL Component Info : 
+---Registers : 
	                8 Bit    Registers := 2     
+---Muxes : 
	   2 Input      8 Bit        Muxes := 1     
Module fifo_w8_d2_A 
Detailed RTL Component Info : 
+---Adders : 
	   2 Input      2 Bit       Adders := 1     
+---Registers : 
	                2 Bit    Registers := 1     
	                1 Bit    Registers := 2     
+---Muxes : 
	   2 Input      1 Bit        Muxes := 4     
Module start_for_CvtColoeOg_shiftReg 
Detailed RTL Component Info : 
+---Registers : 
	                1 Bit    Registers := 2     
+---Muxes : 
	   2 Input      1 Bit        Muxes := 1     
Module start_for_CvtColoeOg 
Detailed RTL Component Info : 
+---Adders : 
	   2 Input      2 Bit       Adders := 1     
+---Registers : 
	                2 Bit    Registers := 1     
	                1 Bit    Registers := 2     
+---Muxes : 
	   2 Input      1 Bit        Muxes := 4     
Module start_for_Mat2AXIfYi_shiftReg 
Detailed RTL Component Info : 
+---Registers : 
	                1 Bit    Registers := 2     
+---Muxes : 
	   2 Input      1 Bit        Muxes := 1     
Module start_for_Mat2AXIfYi 
Detailed RTL Component Info : 
+---Adders : 
	   2 Input      2 Bit       Adders := 1     
+---Registers : 
	                2 Bit    Registers := 1     
	                1 Bit    Registers := 2     
+---Muxes : 
	   2 Input      1 Bit        Muxes := 4     
---------------------------------------------------------------------------------
Finished RTL Hierarchical Component Statistics
---------------------------------------------------------------------------------
---------------------------------------------------------------------------------
Start Part Resource Summary
---------------------------------------------------------------------------------
Part Resources:
DSPs: 360 (col length:72)
BRAMs: 432 (col length: RAMB18 72 RAMB36 36)
---------------------------------------------------------------------------------
Finished Part Resource Summary
---------------------------------------------------------------------------------
---------------------------------------------------------------------------------
Start Cross Boundary and Area Optimization
---------------------------------------------------------------------------------
Warning: Parallel synthesis criteria is not met 
INFO: [Synth 8-5544] ROM "AXIvideo2Mat_U0/" won't be mapped to Block RAM because address size (1) smaller than threshold (5)
INFO: [Synth 8-5546] ROM "Mat2AXIvideo_U0/exitcond_fu_176_p2" won't be mapped to RAM because it is too sparse
INFO: [Synth 8-5546] ROM "Mat2AXIvideo_U0/exitcond1_fu_164_p2" won't be mapped to RAM because it is too sparse
INFO: [Synth 8-5546] ROM "Mat2AXIvideo_U0/axi_last_V_fu_188_p2" won't be mapped to RAM because it is too sparse
WARNING: [Synth 8-6014] Unused sequential element CvtColor_U0/tmp_6_reg_378_reg was removed.  [/home/shwetashob/workspace/hls/xilinx-vivado/ultra96_opencv.srcs/sources_1/bd/design_1/ipshared/a1ab/hdl/verilog/CvtColor.v:317]
WARNING: [Synth 8-6014] Unused sequential element  was removed.  [/home/shwetashob/workspace/hls/xilinx-vivado/ultra96_opencv.srcs/sources_1/bd/design_1/ipshared/a1ab/hdl/verilog/cv_hw_mac_muladd_dEe.v:26]
DSP Report: Generating DSP CvtColor_U0/cv_hw_mac_muladd_cud_U18/cv_hw_mac_muladd_cud_DSP48_1_U/m, operation Mode is: (A:0x74bc6)*B.
DSP Report: operator CvtColor_U0/cv_hw_mac_muladd_cud_U18/cv_hw_mac_muladd_cud_DSP48_1_U/m is absorbed into DSP CvtColor_U0/cv_hw_mac_muladd_cud_U18/cv_hw_mac_muladd_cud_DSP48_1_U/m.
DSP Report: Generating DSP CvtColor_U0/p_Val2_1_reg_383_reg, operation Mode is: (PCIN+(A:0x1322d0)*B)'.
DSP Report: register CvtColor_U0/p_Val2_1_reg_383_reg is absorbed into DSP CvtColor_U0/p_Val2_1_reg_383_reg.
DSP Report: operator CvtColor_U0/cv_hw_mac_muladd_cud_U18/cv_hw_mac_muladd_cud_DSP48_1_U/p is absorbed into DSP CvtColor_U0/p_Val2_1_reg_383_reg.
DSP Report: operator CvtColor_U0/cv_hw_mul_mul_8nsbkb_U17/cv_hw_mul_mul_8nsbkb_DSP48_0_U/p is absorbed into DSP CvtColor_U0/p_Val2_1_reg_383_reg.
DSP Report: Generating DSP CvtColor_U0/cv_hw_mac_muladd_dEe_U19/cv_hw_mac_muladd_dEe_DSP48_2_U/p, operation Mode is: C+(A:0x259168)*B2.
DSP Report: register B is absorbed into DSP CvtColor_U0/cv_hw_mac_muladd_dEe_U19/cv_hw_mac_muladd_dEe_DSP48_2_U/p.
DSP Report: operator CvtColor_U0/cv_hw_mac_muladd_dEe_U19/cv_hw_mac_muladd_dEe_DSP48_2_U/p is absorbed into DSP CvtColor_U0/cv_hw_mac_muladd_dEe_U19/cv_hw_mac_muladd_dEe_DSP48_2_U/p.
DSP Report: operator CvtColor_U0/cv_hw_mac_muladd_dEe_U19/cv_hw_mac_muladd_dEe_DSP48_2_U/m is absorbed into DSP CvtColor_U0/cv_hw_mac_muladd_dEe_U19/cv_hw_mac_muladd_dEe_DSP48_2_U/p.
WARNING: [Synth 8-3331] design cv_hw has unconnected port in_stream_TKEEP[3]
WARNING: [Synth 8-3331] design cv_hw has unconnected port in_stream_TKEEP[2]
WARNING: [Synth 8-3331] design cv_hw has unconnected port in_stream_TKEEP[1]
WARNING: [Synth 8-3331] design cv_hw has unconnected port in_stream_TKEEP[0]
WARNING: [Synth 8-3331] design cv_hw has unconnected port in_stream_TSTRB[3]
WARNING: [Synth 8-3331] design cv_hw has unconnected port in_stream_TSTRB[2]
WARNING: [Synth 8-3331] design cv_hw has unconnected port in_stream_TSTRB[1]
WARNING: [Synth 8-3331] design cv_hw has unconnected port in_stream_TSTRB[0]
WARNING: [Synth 8-3331] design cv_hw has unconnected port in_stream_TID[0]
WARNING: [Synth 8-3331] design cv_hw has unconnected port in_stream_TDEST[0]
INFO: [Synth 8-3333] propagating constant 1 across sequential element (inst/\Block_proc_U0/ap_CS_fsm_reg[0] )
INFO: [Synth 8-3333] propagating constant 0 across sequential element (inst/\Block_proc_U0/ap_done_reg_reg )
INFO: [Synth 8-3333] propagating constant 0 across sequential element (inst/\CvtColor_U0/ap_done_reg_reg )
INFO: [Synth 8-3886] merging instance 'inst/rgb_rows_V_c_U/U_fifo_w12_d2_A_ram/SRL_SIG_reg[0][0]' (FDE) to 'inst/rgb_rows_V_c_U/U_fifo_w12_d2_A_ram/SRL_SIG_reg[0][1]'
INFO: [Synth 8-3886] merging instance 'inst/rgb_rows_V_c_U/U_fifo_w12_d2_A_ram/SRL_SIG_reg[1][1]' (FDE) to 'inst/rgb_rows_V_c_U/U_fifo_w12_d2_A_ram/SRL_SIG_reg[1][0]'
INFO: [Synth 8-3886] merging instance 'inst/rgb_rows_V_c_U/U_fifo_w12_d2_A_ram/SRL_SIG_reg[0][1]' (FDE) to 'inst/rgb_rows_V_c_U/U_fifo_w12_d2_A_ram/SRL_SIG_reg[0][2]'
INFO: [Synth 8-3886] merging instance 'inst/rgb_rows_V_c_U/U_fifo_w12_d2_A_ram/SRL_SIG_reg[1][2]' (FDE) to 'inst/rgb_rows_V_c_U/U_fifo_w12_d2_A_ram/SRL_SIG_reg[1][0]'
INFO: [Synth 8-3886] merging instance 'inst/rgb_rows_V_c_U/U_fifo_w12_d2_A_ram/SRL_SIG_reg[0][2]' (FDE) to 'inst/rgb_rows_V_c_U/U_fifo_w12_d2_A_ram/SRL_SIG_reg[0][6]'
INFO: [Synth 8-3886] merging instance 'inst/rgb_rows_V_c_U/U_fifo_w12_d2_A_ram/SRL_SIG_reg[0][3]' (FDE) to 'inst/rgb_rows_V_c_U/U_fifo_w12_d2_A_ram/SRL_SIG_reg[0][4]'
INFO: [Synth 8-3886] merging instance 'inst/rgb_rows_V_c_U/U_fifo_w12_d2_A_ram/SRL_SIG_reg[1][4]' (FDE) to 'inst/rgb_rows_V_c_U/U_fifo_w12_d2_A_ram/SRL_SIG_reg[1][3]'
INFO: [Synth 8-3886] merging instance 'inst/rgb_rows_V_c_U/U_fifo_w12_d2_A_ram/SRL_SIG_reg[0][4]' (FDE) to 'inst/rgb_rows_V_c_U/U_fifo_w12_d2_A_ram/SRL_SIG_reg[0][5]'
INFO: [Synth 8-3886] merging instance 'inst/rgb_rows_V_c_U/U_fifo_w12_d2_A_ram/SRL_SIG_reg[1][5]' (FDE) to 'inst/rgb_rows_V_c_U/U_fifo_w12_d2_A_ram/SRL_SIG_reg[1][3]'
INFO: [Synth 8-3886] merging instance 'inst/rgb_rows_V_c_U/U_fifo_w12_d2_A_ram/SRL_SIG_reg[0][5]' (FDE) to 'inst/rgb_rows_V_c_U/U_fifo_w12_d2_A_ram/SRL_SIG_reg[0][10]'
INFO: [Synth 8-3886] merging instance 'inst/rgb_rows_V_c_U/U_fifo_w12_d2_A_ram/SRL_SIG_reg[1][6]' (FDE) to 'inst/rgb_rows_V_c_U/U_fifo_w12_d2_A_ram/SRL_SIG_reg[1][0]'
INFO: [Synth 8-3886] merging instance 'inst/rgb_rows_V_c_U/U_fifo_w12_d2_A_ram/SRL_SIG_reg[0][6]' (FDE) to 'inst/rgb_rows_V_c_U/U_fifo_w12_d2_A_ram/SRL_SIG_reg[0][7]'
INFO: [Synth 8-3886] merging instance 'inst/rgb_rows_V_c_U/U_fifo_w12_d2_A_ram/SRL_SIG_reg[1][7]' (FDE) to 'inst/rgb_rows_V_c_U/U_fifo_w12_d2_A_ram/SRL_SIG_reg[1][0]'
INFO: [Synth 8-3886] merging instance 'inst/rgb_rows_V_c_U/U_fifo_w12_d2_A_ram/SRL_SIG_reg[0][7]' (FDE) to 'inst/rgb_rows_V_c_U/U_fifo_w12_d2_A_ram/SRL_SIG_reg[0][8]'
INFO: [Synth 8-3886] merging instance 'inst/rgb_rows_V_c_U/U_fifo_w12_d2_A_ram/SRL_SIG_reg[1][8]' (FDE) to 'inst/rgb_rows_V_c_U/U_fifo_w12_d2_A_ram/SRL_SIG_reg[1][0]'
INFO: [Synth 8-3886] merging instance 'inst/rgb_rows_V_c_U/U_fifo_w12_d2_A_ram/SRL_SIG_reg[0][8]' (FDE) to 'inst/rgb_rows_V_c_U/U_fifo_w12_d2_A_ram/SRL_SIG_reg[0][9]'
INFO: [Synth 8-3886] merging instance 'inst/rgb_rows_V_c_U/U_fifo_w12_d2_A_ram/SRL_SIG_reg[1][9]' (FDE) to 'inst/rgb_rows_V_c_U/U_fifo_w12_d2_A_ram/SRL_SIG_reg[1][0]'
INFO: [Synth 8-3886] merging instance 'inst/rgb_rows_V_c_U/U_fifo_w12_d2_A_ram/SRL_SIG_reg[0][9]' (FDE) to 'inst/rgb_rows_V_c_U/U_fifo_w12_d2_A_ram/SRL_SIG_reg[0][11]'
INFO: [Synth 8-3886] merging instance 'inst/rgb_rows_V_c_U/U_fifo_w12_d2_A_ram/SRL_SIG_reg[1][10]' (FDE) to 'inst/rgb_rows_V_c_U/U_fifo_w12_d2_A_ram/SRL_SIG_reg[1][3]'
INFO: [Synth 8-3333] propagating constant 1 across sequential element (inst/\rgb_rows_V_c_U/U_fifo_w12_d2_A_ram/SRL_SIG_reg[0][10] )
INFO: [Synth 8-3886] merging instance 'inst/rgb_rows_V_c_U/U_fifo_w12_d2_A_ram/SRL_SIG_reg[1][11]' (FDE) to 'inst/rgb_rows_V_c_U/U_fifo_w12_d2_A_ram/SRL_SIG_reg[1][0]'
INFO: [Synth 8-3333] propagating constant 0 across sequential element (inst/\rgb_rows_V_c_U/U_fifo_w12_d2_A_ram/SRL_SIG_reg[0][11] )
INFO: [Synth 8-3886] merging instance 'inst/rgb_cols_V_c_U/U_fifo_w12_d2_A_ram/SRL_SIG_reg[0][0]' (FDE) to 'inst/rgb_cols_V_c_U/U_fifo_w12_d2_A_ram/SRL_SIG_reg[0][1]'
INFO: [Synth 8-3886] merging instance 'inst/rgb_cols_V_c_U/U_fifo_w12_d2_A_ram/SRL_SIG_reg[1][1]' (FDE) to 'inst/rgb_cols_V_c_U/U_fifo_w12_d2_A_ram/SRL_SIG_reg[1][0]'
INFO: [Synth 8-3886] merging instance 'inst/rgb_cols_V_c_U/U_fifo_w12_d2_A_ram/SRL_SIG_reg[0][1]' (FDE) to 'inst/rgb_cols_V_c_U/U_fifo_w12_d2_A_ram/SRL_SIG_reg[0][2]'
INFO: [Synth 8-3886] merging instance 'inst/rgb_cols_V_c_U/U_fifo_w12_d2_A_ram/SRL_SIG_reg[1][2]' (FDE) to 'inst/rgb_cols_V_c_U/U_fifo_w12_d2_A_ram/SRL_SIG_reg[1][0]'
INFO: [Synth 8-3886] merging instance 'inst/rgb_cols_V_c_U/U_fifo_w12_d2_A_ram/SRL_SIG_reg[0][2]' (FDE) to 'inst/rgb_cols_V_c_U/U_fifo_w12_d2_A_ram/SRL_SIG_reg[0][3]'
INFO: [Synth 8-3886] merging instance 'inst/rgb_cols_V_c_U/U_fifo_w12_d2_A_ram/SRL_SIG_reg[1][3]' (FDE) to 'inst/rgb_cols_V_c_U/U_fifo_w12_d2_A_ram/SRL_SIG_reg[1][0]'
INFO: [Synth 8-3886] merging instance 'inst/rgb_cols_V_c_U/U_fifo_w12_d2_A_ram/SRL_SIG_reg[0][3]' (FDE) to 'inst/rgb_cols_V_c_U/U_fifo_w12_d2_A_ram/SRL_SIG_reg[0][4]'
INFO: [Synth 8-3886] merging instance 'inst/rgb_cols_V_c_U/U_fifo_w12_d2_A_ram/SRL_SIG_reg[1][4]' (FDE) to 'inst/rgb_cols_V_c_U/U_fifo_w12_d2_A_ram/SRL_SIG_reg[1][0]'
INFO: [Synth 8-3886] merging instance 'inst/rgb_cols_V_c_U/U_fifo_w12_d2_A_ram/SRL_SIG_reg[0][4]' (FDE) to 'inst/rgb_cols_V_c_U/U_fifo_w12_d2_A_ram/SRL_SIG_reg[0][5]'
INFO: [Synth 8-3886] merging instance 'inst/rgb_cols_V_c_U/U_fifo_w12_d2_A_ram/SRL_SIG_reg[1][5]' (FDE) to 'inst/rgb_cols_V_c_U/U_fifo_w12_d2_A_ram/SRL_SIG_reg[1][0]'
INFO: [Synth 8-3886] merging instance 'inst/rgb_cols_V_c_U/U_fifo_w12_d2_A_ram/SRL_SIG_reg[0][5]' (FDE) to 'inst/rgb_cols_V_c_U/U_fifo_w12_d2_A_ram/SRL_SIG_reg[0][6]'
INFO: [Synth 8-3886] merging instance 'inst/rgb_cols_V_c_U/U_fifo_w12_d2_A_ram/SRL_SIG_reg[1][6]' (FDE) to 'inst/rgb_cols_V_c_U/U_fifo_w12_d2_A_ram/SRL_SIG_reg[1][0]'
INFO: [Synth 8-3886] merging instance 'inst/rgb_cols_V_c_U/U_fifo_w12_d2_A_ram/SRL_SIG_reg[0][6]' (FDE) to 'inst/rgb_cols_V_c_U/U_fifo_w12_d2_A_ram/SRL_SIG_reg[0][11]'
INFO: [Synth 8-3886] merging instance 'inst/rgb_cols_V_c_U/U_fifo_w12_d2_A_ram/SRL_SIG_reg[0][7]' (FDE) to 'inst/rgb_cols_V_c_U/U_fifo_w12_d2_A_ram/SRL_SIG_reg[0][8]'
INFO: [Synth 8-3886] merging instance 'inst/rgb_cols_V_c_U/U_fifo_w12_d2_A_ram/SRL_SIG_reg[1][8]' (FDE) to 'inst/rgb_cols_V_c_U/U_fifo_w12_d2_A_ram/SRL_SIG_reg[1][7]'
INFO: [Synth 8-3886] merging instance 'inst/rgb_cols_V_c_U/U_fifo_w12_d2_A_ram/SRL_SIG_reg[0][8]' (FDE) to 'inst/rgb_cols_V_c_U/U_fifo_w12_d2_A_ram/SRL_SIG_reg[0][9]'
INFO: [Synth 8-3886] merging instance 'inst/rgb_cols_V_c_U/U_fifo_w12_d2_A_ram/SRL_SIG_reg[1][9]' (FDE) to 'inst/rgb_cols_V_c_U/U_fifo_w12_d2_A_ram/SRL_SIG_reg[1][7]'
INFO: [Synth 8-3886] merging instance 'inst/rgb_cols_V_c_U/U_fifo_w12_d2_A_ram/SRL_SIG_reg[0][9]' (FDE) to 'inst/rgb_cols_V_c_U/U_fifo_w12_d2_A_ram/SRL_SIG_reg[0][10]'
INFO: [Synth 8-3886] merging instance 'inst/rgb_cols_V_c_U/U_fifo_w12_d2_A_ram/SRL_SIG_reg[1][10]' (FDE) to 'inst/rgb_cols_V_c_U/U_fifo_w12_d2_A_ram/SRL_SIG_reg[1][7]'
INFO: [Synth 8-3333] propagating constant 1 across sequential element (inst/\rgb_cols_V_c_U/U_fifo_w12_d2_A_ram/SRL_SIG_reg[0][10] )
INFO: [Synth 8-3886] merging instance 'inst/rgb_cols_V_c_U/U_fifo_w12_d2_A_ram/SRL_SIG_reg[1][11]' (FDE) to 'inst/rgb_cols_V_c_U/U_fifo_w12_d2_A_ram/SRL_SIG_reg[1][0]'
INFO: [Synth 8-3333] propagating constant 0 across sequential element (inst/\rgb_cols_V_c_U/U_fifo_w12_d2_A_ram/SRL_SIG_reg[0][11] )
INFO: [Synth 8-3333] propagating constant 0 across sequential element (inst/\AXIvideo2Mat_U0/ap_done_reg_reg )
INFO: [Synth 8-3333] propagating constant 0 across sequential element (inst/\Mat2AXIvideo_U0/ap_done_reg_reg )
INFO: [Synth 8-3886] merging instance 'inst/Mat2AXIvideo_U0/AXI_video_strm_V_data_V_1_payload_B_reg[8]' (FDE) to 'inst/Mat2AXIvideo_U0/AXI_video_strm_V_data_V_1_payload_B_reg[9]'
INFO: [Synth 8-3886] merging instance 'inst/Mat2AXIvideo_U0/AXI_video_strm_V_data_V_1_payload_A_reg[8]' (FDE) to 'inst/Mat2AXIvideo_U0/AXI_video_strm_V_data_V_1_payload_A_reg[9]'
INFO: [Synth 8-3886] merging instance 'inst/Mat2AXIvideo_U0/AXI_video_strm_V_data_V_1_payload_B_reg[9]' (FDE) to 'inst/Mat2AXIvideo_U0/AXI_video_strm_V_data_V_1_payload_B_reg[10]'
INFO: [Synth 8-3886] merging instance 'inst/Mat2AXIvideo_U0/AXI_video_strm_V_data_V_1_payload_A_reg[9]' (FDE) to 'inst/Mat2AXIvideo_U0/AXI_video_strm_V_data_V_1_payload_A_reg[10]'
INFO: [Synth 8-3886] merging instance 'inst/Mat2AXIvideo_U0/AXI_video_strm_V_data_V_1_payload_B_reg[10]' (FDE) to 'inst/Mat2AXIvideo_U0/AXI_video_strm_V_data_V_1_payload_B_reg[11]'
INFO: [Synth 8-3886] merging instance 'inst/Mat2AXIvideo_U0/AXI_video_strm_V_data_V_1_payload_A_reg[10]' (FDE) to 'inst/Mat2AXIvideo_U0/AXI_video_strm_V_data_V_1_payload_A_reg[11]'
INFO: [Synth 8-3886] merging instance 'inst/Mat2AXIvideo_U0/AXI_video_strm_V_data_V_1_payload_B_reg[11]' (FDE) to 'inst/Mat2AXIvideo_U0/AXI_video_strm_V_data_V_1_payload_B_reg[12]'
INFO: [Synth 8-3886] merging instance 'inst/Mat2AXIvideo_U0/AXI_video_strm_V_data_V_1_payload_A_reg[11]' (FDE) to 'inst/Mat2AXIvideo_U0/AXI_video_strm_V_data_V_1_payload_A_reg[12]'
INFO: [Synth 8-3886] merging instance 'inst/Mat2AXIvideo_U0/AXI_video_strm_V_data_V_1_payload_B_reg[12]' (FDE) to 'inst/Mat2AXIvideo_U0/AXI_video_strm_V_data_V_1_payload_B_reg[13]'
INFO: [Synth 8-3886] merging instance 'inst/Mat2AXIvideo_U0/AXI_video_strm_V_data_V_1_payload_A_reg[12]' (FDE) to 'inst/Mat2AXIvideo_U0/AXI_video_strm_V_data_V_1_payload_A_reg[13]'
INFO: [Synth 8-3886] merging instance 'inst/Mat2AXIvideo_U0/AXI_video_strm_V_data_V_1_payload_B_reg[13]' (FDE) to 'inst/Mat2AXIvideo_U0/AXI_video_strm_V_data_V_1_payload_B_reg[14]'
INFO: [Synth 8-3886] merging instance 'inst/Mat2AXIvideo_U0/AXI_video_strm_V_data_V_1_payload_A_reg[13]' (FDE) to 'inst/Mat2AXIvideo_U0/AXI_video_strm_V_data_V_1_payload_A_reg[14]'
INFO: [Synth 8-3886] merging instance 'inst/Mat2AXIvideo_U0/AXI_video_strm_V_data_V_1_payload_B_reg[14]' (FDE) to 'inst/Mat2AXIvideo_U0/AXI_video_strm_V_data_V_1_payload_B_reg[15]'
INFO: [Synth 8-3886] merging instance 'inst/Mat2AXIvideo_U0/AXI_video_strm_V_data_V_1_payload_A_reg[14]' (FDE) to 'inst/Mat2AXIvideo_U0/AXI_video_strm_V_data_V_1_payload_A_reg[15]'
INFO: [Synth 8-3886] merging instance 'inst/Mat2AXIvideo_U0/AXI_video_strm_V_data_V_1_payload_B_reg[15]' (FDE) to 'inst/Mat2AXIvideo_U0/AXI_video_strm_V_data_V_1_payload_B_reg[16]'
INFO: [Synth 8-3886] merging instance 'inst/Mat2AXIvideo_U0/AXI_video_strm_V_data_V_1_payload_A_reg[15]' (FDE) to 'inst/Mat2AXIvideo_U0/AXI_video_strm_V_data_V_1_payload_A_reg[16]'
INFO: [Synth 8-3886] merging instance 'inst/Mat2AXIvideo_U0/AXI_video_strm_V_data_V_1_payload_B_reg[16]' (FDE) to 'inst/Mat2AXIvideo_U0/AXI_video_strm_V_data_V_1_payload_B_reg[17]'
INFO: [Synth 8-3886] merging instance 'inst/Mat2AXIvideo_U0/AXI_video_strm_V_data_V_1_payload_A_reg[16]' (FDE) to 'inst/Mat2AXIvideo_U0/AXI_video_strm_V_data_V_1_payload_A_reg[17]'
INFO: [Synth 8-3886] merging instance 'inst/Mat2AXIvideo_U0/AXI_video_strm_V_data_V_1_payload_B_reg[17]' (FDE) to 'inst/Mat2AXIvideo_U0/AXI_video_strm_V_data_V_1_payload_B_reg[18]'
INFO: [Synth 8-3886] merging instance 'inst/Mat2AXIvideo_U0/AXI_video_strm_V_data_V_1_payload_A_reg[17]' (FDE) to 'inst/Mat2AXIvideo_U0/AXI_video_strm_V_data_V_1_payload_A_reg[18]'
INFO: [Synth 8-3886] merging instance 'inst/Mat2AXIvideo_U0/AXI_video_strm_V_data_V_1_payload_B_reg[18]' (FDE) to 'inst/Mat2AXIvideo_U0/AXI_video_strm_V_data_V_1_payload_B_reg[19]'
INFO: [Synth 8-3886] merging instance 'inst/Mat2AXIvideo_U0/AXI_video_strm_V_data_V_1_payload_A_reg[18]' (FDE) to 'inst/Mat2AXIvideo_U0/AXI_video_strm_V_data_V_1_payload_A_reg[19]'
INFO: [Synth 8-3886] merging instance 'inst/Mat2AXIvideo_U0/AXI_video_strm_V_data_V_1_payload_B_reg[19]' (FDE) to 'inst/Mat2AXIvideo_U0/AXI_video_strm_V_data_V_1_payload_B_reg[20]'
INFO: [Synth 8-3886] merging instance 'inst/Mat2AXIvideo_U0/AXI_video_strm_V_data_V_1_payload_A_reg[19]' (FDE) to 'inst/Mat2AXIvideo_U0/AXI_video_strm_V_data_V_1_payload_A_reg[20]'
INFO: [Synth 8-3886] merging instance 'inst/Mat2AXIvideo_U0/AXI_video_strm_V_data_V_1_payload_B_reg[20]' (FDE) to 'inst/Mat2AXIvideo_U0/AXI_video_strm_V_data_V_1_payload_B_reg[21]'
INFO: [Synth 8-3886] merging instance 'inst/Mat2AXIvideo_U0/AXI_video_strm_V_data_V_1_payload_A_reg[20]' (FDE) to 'inst/Mat2AXIvideo_U0/AXI_video_strm_V_data_V_1_payload_A_reg[21]'
INFO: [Synth 8-3886] merging instance 'inst/Mat2AXIvideo_U0/AXI_video_strm_V_data_V_1_payload_B_reg[21]' (FDE) to 'inst/Mat2AXIvideo_U0/AXI_video_strm_V_data_V_1_payload_B_reg[22]'
INFO: [Synth 8-3886] merging instance 'inst/Mat2AXIvideo_U0/AXI_video_strm_V_data_V_1_payload_A_reg[21]' (FDE) to 'inst/Mat2AXIvideo_U0/AXI_video_strm_V_data_V_1_payload_A_reg[22]'
INFO: [Synth 8-3886] merging instance 'inst/Mat2AXIvideo_U0/AXI_video_strm_V_data_V_1_payload_B_reg[22]' (FDE) to 'inst/Mat2AXIvideo_U0/AXI_video_strm_V_data_V_1_payload_B_reg[23]'
INFO: [Synth 8-3886] merging instance 'inst/Mat2AXIvideo_U0/AXI_video_strm_V_data_V_1_payload_A_reg[22]' (FDE) to 'inst/Mat2AXIvideo_U0/AXI_video_strm_V_data_V_1_payload_A_reg[23]'
INFO: [Synth 8-3886] merging instance 'inst/Mat2AXIvideo_U0/AXI_video_strm_V_data_V_1_payload_B_reg[23]' (FDE) to 'inst/Mat2AXIvideo_U0/AXI_video_strm_V_data_V_1_payload_B_reg[24]'
INFO: [Synth 8-3886] merging instance 'inst/Mat2AXIvideo_U0/AXI_video_strm_V_data_V_1_payload_A_reg[23]' (FDE) to 'inst/Mat2AXIvideo_U0/AXI_video_strm_V_data_V_1_payload_A_reg[24]'
INFO: [Synth 8-3886] merging instance 'inst/Mat2AXIvideo_U0/AXI_video_strm_V_data_V_1_payload_B_reg[24]' (FDE) to 'inst/Mat2AXIvideo_U0/AXI_video_strm_V_data_V_1_payload_B_reg[25]'
INFO: [Synth 8-3886] merging instance 'inst/Mat2AXIvideo_U0/AXI_video_strm_V_data_V_1_payload_A_reg[24]' (FDE) to 'inst/Mat2AXIvideo_U0/AXI_video_strm_V_data_V_1_payload_A_reg[25]'
INFO: [Synth 8-3886] merging instance 'inst/Mat2AXIvideo_U0/AXI_video_strm_V_data_V_1_payload_B_reg[25]' (FDE) to 'inst/Mat2AXIvideo_U0/AXI_video_strm_V_data_V_1_payload_B_reg[26]'
INFO: [Synth 8-3886] merging instance 'inst/Mat2AXIvideo_U0/AXI_video_strm_V_data_V_1_payload_A_reg[25]' (FDE) to 'inst/Mat2AXIvideo_U0/AXI_video_strm_V_data_V_1_payload_A_reg[26]'
INFO: [Synth 8-3886] merging instance 'inst/Mat2AXIvideo_U0/AXI_video_strm_V_data_V_1_payload_B_reg[26]' (FDE) to 'inst/Mat2AXIvideo_U0/AXI_video_strm_V_data_V_1_payload_B_reg[27]'
INFO: [Synth 8-3886] merging instance 'inst/Mat2AXIvideo_U0/AXI_video_strm_V_data_V_1_payload_A_reg[26]' (FDE) to 'inst/Mat2AXIvideo_U0/AXI_video_strm_V_data_V_1_payload_A_reg[27]'
INFO: [Synth 8-3886] merging instance 'inst/Mat2AXIvideo_U0/AXI_video_strm_V_data_V_1_payload_B_reg[27]' (FDE) to 'inst/Mat2AXIvideo_U0/AXI_video_strm_V_data_V_1_payload_B_reg[28]'
INFO: [Synth 8-3886] merging instance 'inst/Mat2AXIvideo_U0/AXI_video_strm_V_data_V_1_payload_A_reg[27]' (FDE) to 'inst/Mat2AXIvideo_U0/AXI_video_strm_V_data_V_1_payload_A_reg[28]'
INFO: [Synth 8-3886] merging instance 'inst/Mat2AXIvideo_U0/AXI_video_strm_V_data_V_1_payload_B_reg[28]' (FDE) to 'inst/Mat2AXIvideo_U0/AXI_video_strm_V_data_V_1_payload_B_reg[29]'
INFO: [Synth 8-3886] merging instance 'inst/Mat2AXIvideo_U0/AXI_video_strm_V_data_V_1_payload_A_reg[28]' (FDE) to 'inst/Mat2AXIvideo_U0/AXI_video_strm_V_data_V_1_payload_A_reg[29]'
INFO: [Synth 8-3886] merging instance 'inst/Mat2AXIvideo_U0/AXI_video_strm_V_data_V_1_payload_B_reg[29]' (FDE) to 'inst/Mat2AXIvideo_U0/AXI_video_strm_V_data_V_1_payload_B_reg[30]'
INFO: [Synth 8-3886] merging instance 'inst/Mat2AXIvideo_U0/AXI_video_strm_V_data_V_1_payload_A_reg[29]' (FDE) to 'inst/Mat2AXIvideo_U0/AXI_video_strm_V_data_V_1_payload_A_reg[30]'
INFO: [Synth 8-3886] merging instance 'inst/Mat2AXIvideo_U0/AXI_video_strm_V_data_V_1_payload_B_reg[30]' (FDE) to 'inst/Mat2AXIvideo_U0/AXI_video_strm_V_data_V_1_payload_B_reg[31]'
INFO: [Synth 8-3886] merging instance 'inst/Mat2AXIvideo_U0/AXI_video_strm_V_data_V_1_payload_A_reg[30]' (FDE) to 'inst/Mat2AXIvideo_U0/AXI_video_strm_V_data_V_1_payload_A_reg[31]'
INFO: [Synth 8-3333] propagating constant 1 across sequential element (inst/\Mat2AXIvideo_U0/AXI_video_strm_V_data_V_1_payload_B_reg[31] )
INFO: [Synth 8-3333] propagating constant 1 across sequential element (inst/\Mat2AXIvideo_U0/AXI_video_strm_V_data_V_1_payload_A_reg[31] )
INFO: [Synth 8-3886] merging instance 'inst/rgb_rows_V_c6_U/U_fifo_w12_d2_A_ram/SRL_SIG_reg[0][0]' (FDE) to 'inst/rgb_rows_V_c6_U/U_fifo_w12_d2_A_ram/SRL_SIG_reg[0][1]'
INFO: [Synth 8-3886] merging instance 'inst/rgb_rows_V_c6_U/U_fifo_w12_d2_A_ram/SRL_SIG_reg[1][1]' (FDE) to 'inst/rgb_rows_V_c6_U/U_fifo_w12_d2_A_ram/SRL_SIG_reg[1][0]'
INFO: [Synth 8-3886] merging instance 'inst/rgb_rows_V_c6_U/U_fifo_w12_d2_A_ram/SRL_SIG_reg[0][1]' (FDE) to 'inst/rgb_rows_V_c6_U/U_fifo_w12_d2_A_ram/SRL_SIG_reg[0][2]'
INFO: [Synth 8-3886] merging instance 'inst/rgb_rows_V_c6_U/U_fifo_w12_d2_A_ram/SRL_SIG_reg[1][2]' (FDE) to 'inst/rgb_rows_V_c6_U/U_fifo_w12_d2_A_ram/SRL_SIG_reg[1][0]'
INFO: [Synth 8-3886] merging instance 'inst/rgb_rows_V_c6_U/U_fifo_w12_d2_A_ram/SRL_SIG_reg[0][2]' (FDE) to 'inst/rgb_rows_V_c6_U/U_fifo_w12_d2_A_ram/SRL_SIG_reg[0][6]'
INFO: [Synth 8-3886] merging instance 'inst/rgb_rows_V_c6_U/U_fifo_w12_d2_A_ram/SRL_SIG_reg[0][3]' (FDE) to 'inst/rgb_rows_V_c6_U/U_fifo_w12_d2_A_ram/SRL_SIG_reg[0][4]'
INFO: [Synth 8-3886] merging instance 'inst/rgb_rows_V_c6_U/U_fifo_w12_d2_A_ram/SRL_SIG_reg[1][4]' (FDE) to 'inst/rgb_rows_V_c6_U/U_fifo_w12_d2_A_ram/SRL_SIG_reg[1][3]'
INFO: [Synth 8-3886] merging instance 'inst/rgb_rows_V_c6_U/U_fifo_w12_d2_A_ram/SRL_SIG_reg[0][4]' (FDE) to 'inst/rgb_rows_V_c6_U/U_fifo_w12_d2_A_ram/SRL_SIG_reg[0][5]'
INFO: [Synth 8-3886] merging instance 'inst/rgb_rows_V_c6_U/U_fifo_w12_d2_A_ram/SRL_SIG_reg[1][5]' (FDE) to 'inst/rgb_rows_V_c6_U/U_fifo_w12_d2_A_ram/SRL_SIG_reg[1][3]'
INFO: [Synth 8-3886] merging instance 'inst/rgb_rows_V_c6_U/U_fifo_w12_d2_A_ram/SRL_SIG_reg[0][5]' (FDE) to 'inst/rgb_rows_V_c6_U/U_fifo_w12_d2_A_ram/SRL_SIG_reg[0][10]'
INFO: [Synth 8-3886] merging instance 'inst/rgb_rows_V_c6_U/U_fifo_w12_d2_A_ram/SRL_SIG_reg[1][6]' (FDE) to 'inst/rgb_rows_V_c6_U/U_fifo_w12_d2_A_ram/SRL_SIG_reg[1][0]'
INFO: [Synth 8-3886] merging instance 'inst/rgb_rows_V_c6_U/U_fifo_w12_d2_A_ram/SRL_SIG_reg[0][6]' (FDE) to 'inst/rgb_rows_V_c6_U/U_fifo_w12_d2_A_ram/SRL_SIG_reg[0][7]'
INFO: [Synth 8-3886] merging instance 'inst/rgb_rows_V_c6_U/U_fifo_w12_d2_A_ram/SRL_SIG_reg[1][7]' (FDE) to 'inst/rgb_rows_V_c6_U/U_fifo_w12_d2_A_ram/SRL_SIG_reg[1][0]'
INFO: [Synth 8-3886] merging instance 'inst/rgb_rows_V_c6_U/U_fifo_w12_d2_A_ram/SRL_SIG_reg[0][7]' (FDE) to 'inst/rgb_rows_V_c6_U/U_fifo_w12_d2_A_ram/SRL_SIG_reg[0][8]'
INFO: [Common 17-14] Message 'Synth 8-3886' appears 100 times and further instances of the messages will be disabled. Use the Tcl command set_msg_config to change the current settings.
INFO: [Synth 8-3333] propagating constant 1 across sequential element (inst/\rgb_rows_V_c_U/U_fifo_w12_d2_A_ram/SRL_SIG_reg[1][3] )
INFO: [Synth 8-3333] propagating constant 0 across sequential element (inst/\rgb_rows_V_c_U/U_fifo_w12_d2_A_ram/SRL_SIG_reg[1][0] )
INFO: [Synth 8-3333] propagating constant 1 across sequential element (inst/\rgb_cols_V_c_U/U_fifo_w12_d2_A_ram/SRL_SIG_reg[1][7] )
INFO: [Synth 8-3333] propagating constant 0 across sequential element (inst/\rgb_cols_V_c_U/U_fifo_w12_d2_A_ram/SRL_SIG_reg[1][0] )
INFO: [Synth 8-3333] propagating constant 1 across sequential element (inst/\rgb_rows_V_c6_U/U_fifo_w12_d2_A_ram/SRL_SIG_reg[0][10] )
INFO: [Synth 8-3333] propagating constant 0 across sequential element (inst/\rgb_rows_V_c6_U/U_fifo_w12_d2_A_ram/SRL_SIG_reg[0][11] )
INFO: [Synth 8-3333] propagating constant 1 across sequential element (inst/\rgb_cols_V_c7_U/U_fifo_w12_d2_A_ram/SRL_SIG_reg[0][10] )
INFO: [Synth 8-3333] propagating constant 0 across sequential element (inst/\rgb_cols_V_c7_U/U_fifo_w12_d2_A_ram/SRL_SIG_reg[0][11] )
INFO: [Synth 8-3333] propagating constant 1 across sequential element (inst/\AXIvideo2Mat_U0/img_cols_V_read_reg_484_reg[10] )
INFO: [Synth 8-3333] propagating constant 0 across sequential element (inst/\AXIvideo2Mat_U0/img_cols_V_read_reg_484_reg[11] )
INFO: [Synth 8-3333] propagating constant 1 across sequential element (inst/\rgb_rows_V_c6_U/U_fifo_w12_d2_A_ram/SRL_SIG_reg[1][3] )
INFO: [Synth 8-3333] propagating constant 0 across sequential element (inst/\rgb_rows_V_c6_U/U_fifo_w12_d2_A_ram/SRL_SIG_reg[1][0] )
INFO: [Synth 8-3333] propagating constant 1 across sequential element (inst/\rgb_cols_V_c7_U/U_fifo_w12_d2_A_ram/SRL_SIG_reg[1][7] )
INFO: [Synth 8-3333] propagating constant 0 across sequential element (inst/\rgb_cols_V_c7_U/U_fifo_w12_d2_A_ram/SRL_SIG_reg[1][0] )
INFO: [Synth 8-3333] propagating constant 1 across sequential element (inst/\CvtColor_U0/p_src_cols_V_read_reg_350_reg[10] )
INFO: [Synth 8-3333] propagating constant 0 across sequential element (inst/\CvtColor_U0/p_src_cols_V_read_reg_350_reg[11] )
WARNING: [Synth 8-3332] Sequential element (Block_proc_U0/ap_done_reg_reg) is unused and will be removed from module cv_hw.
WARNING: [Synth 8-3332] Sequential element (Block_proc_U0/ap_CS_fsm_reg[0]) is unused and will be removed from module cv_hw.
WARNING: [Synth 8-3332] Sequential element (AXIvideo2Mat_U0/ap_done_reg_reg) is unused and will be removed from module cv_hw.
WARNING: [Synth 8-3332] Sequential element (AXIvideo2Mat_U0/AXI_video_strm_V_data_V_0_payload_A_reg[31]) is unused and will be removed from module cv_hw.
WARNING: [Synth 8-3332] Sequential element (AXIvideo2Mat_U0/AXI_video_strm_V_data_V_0_payload_A_reg[30]) is unused and will be removed from module cv_hw.
WARNING: [Synth 8-3332] Sequential element (AXIvideo2Mat_U0/AXI_video_strm_V_data_V_0_payload_A_reg[29]) is unused and will be removed from module cv_hw.
WARNING: [Synth 8-3332] Sequential element (AXIvideo2Mat_U0/AXI_video_strm_V_data_V_0_payload_A_reg[28]) is unused and will be removed from module cv_hw.
WARNING: [Synth 8-3332] Sequential element (AXIvideo2Mat_U0/AXI_video_strm_V_data_V_0_payload_A_reg[27]) is unused and will be removed from module cv_hw.
WARNING: [Synth 8-3332] Sequential element (AXIvideo2Mat_U0/AXI_video_strm_V_data_V_0_payload_A_reg[26]) is unused and will be removed from module cv_hw.
WARNING: [Synth 8-3332] Sequential element (AXIvideo2Mat_U0/AXI_video_strm_V_data_V_0_payload_A_reg[25]) is unused and will be removed from module cv_hw.
WARNING: [Synth 8-3332] Sequential element (AXIvideo2Mat_U0/AXI_video_strm_V_data_V_0_payload_A_reg[24]) is unused and will be removed from module cv_hw.
WARNING: [Synth 8-3332] Sequential element (AXIvideo2Mat_U0/AXI_video_strm_V_data_V_0_payload_B_reg[31]) is unused and will be removed from module cv_hw.
WARNING: [Synth 8-3332] Sequential element (AXIvideo2Mat_U0/AXI_video_strm_V_data_V_0_payload_B_reg[30]) is unused and will be removed from module cv_hw.
WARNING: [Synth 8-3332] Sequential element (AXIvideo2Mat_U0/AXI_video_strm_V_data_V_0_payload_B_reg[29]) is unused and will be removed from module cv_hw.
WARNING: [Synth 8-3332] Sequential element (AXIvideo2Mat_U0/AXI_video_strm_V_data_V_0_payload_B_reg[28]) is unused and will be removed from module cv_hw.
WARNING: [Synth 8-3332] Sequential element (AXIvideo2Mat_U0/AXI_video_strm_V_data_V_0_payload_B_reg[27]) is unused and will be removed from module cv_hw.
WARNING: [Synth 8-3332] Sequential element (AXIvideo2Mat_U0/AXI_video_strm_V_data_V_0_payload_B_reg[26]) is unused and will be removed from module cv_hw.
WARNING: [Synth 8-3332] Sequential element (AXIvideo2Mat_U0/AXI_video_strm_V_data_V_0_payload_B_reg[25]) is unused and will be removed from module cv_hw.
WARNING: [Synth 8-3332] Sequential element (AXIvideo2Mat_U0/AXI_video_strm_V_data_V_0_payload_B_reg[24]) is unused and will be removed from module cv_hw.
WARNING: [Synth 8-3332] Sequential element (AXIvideo2Mat_U0/axi_data_V_3_i_reg_377_reg[31]) is unused and will be removed from module cv_hw.
WARNING: [Synth 8-3332] Sequential element (AXIvideo2Mat_U0/axi_data_V_3_i_reg_377_reg[30]) is unused and will be removed from module cv_hw.
WARNING: [Synth 8-3332] Sequential element (AXIvideo2Mat_U0/axi_data_V_3_i_reg_377_reg[29]) is unused and will be removed from module cv_hw.
WARNING: [Synth 8-3332] Sequential element (AXIvideo2Mat_U0/axi_data_V_3_i_reg_377_reg[28]) is unused and will be removed from module cv_hw.
WARNING: [Synth 8-3332] Sequential element (AXIvideo2Mat_U0/axi_data_V_3_i_reg_377_reg[27]) is unused and will be removed from module cv_hw.
WARNING: [Synth 8-3332] Sequential element (AXIvideo2Mat_U0/axi_data_V_3_i_reg_377_reg[26]) is unused and will be removed from module cv_hw.
WARNING: [Synth 8-3332] Sequential element (AXIvideo2Mat_U0/axi_data_V_3_i_reg_377_reg[25]) is unused and will be removed from module cv_hw.
WARNING: [Synth 8-3332] Sequential element (AXIvideo2Mat_U0/axi_data_V_3_i_reg_377_reg[24]) is unused and will be removed from module cv_hw.
WARNING: [Synth 8-3332] Sequential element (AXIvideo2Mat_U0/tmp_data_V_reg_489_reg[31]) is unused and will be removed from module cv_hw.
WARNING: [Synth 8-3332] Sequential element (AXIvideo2Mat_U0/tmp_data_V_reg_489_reg[30]) is unused and will be removed from module cv_hw.
WARNING: [Synth 8-3332] Sequential element (AXIvideo2Mat_U0/tmp_data_V_reg_489_reg[29]) is unused and will be removed from module cv_hw.
WARNING: [Synth 8-3332] Sequential element (AXIvideo2Mat_U0/tmp_data_V_reg_489_reg[28]) is unused and will be removed from module cv_hw.
WARNING: [Synth 8-3332] Sequential element (AXIvideo2Mat_U0/tmp_data_V_reg_489_reg[27]) is unused and will be removed from module cv_hw.
WARNING: [Synth 8-3332] Sequential element (AXIvideo2Mat_U0/tmp_data_V_reg_489_reg[26]) is unused and will be removed from module cv_hw.
WARNING: [Synth 8-3332] Sequential element (AXIvideo2Mat_U0/tmp_data_V_reg_489_reg[25]) is unused and will be removed from module cv_hw.
WARNING: [Synth 8-3332] Sequential element (AXIvideo2Mat_U0/tmp_data_V_reg_489_reg[24]) is unused and will be removed from module cv_hw.
WARNING: [Synth 8-3332] Sequential element (AXIvideo2Mat_U0/axi_data_V1_i_reg_263_reg[31]) is unused and will be removed from module cv_hw.
WARNING: [Synth 8-3332] Sequential element (AXIvideo2Mat_U0/axi_data_V1_i_reg_263_reg[30]) is unused and will be removed from module cv_hw.
WARNING: [Synth 8-3332] Sequential element (AXIvideo2Mat_U0/axi_data_V1_i_reg_263_reg[29]) is unused and will be removed from module cv_hw.
WARNING: [Synth 8-3332] Sequential element (AXIvideo2Mat_U0/axi_data_V1_i_reg_263_reg[28]) is unused and will be removed from module cv_hw.
WARNING: [Synth 8-3332] Sequential element (AXIvideo2Mat_U0/axi_data_V1_i_reg_263_reg[27]) is unused and will be removed from module cv_hw.
WARNING: [Synth 8-3332] Sequential element (AXIvideo2Mat_U0/axi_data_V1_i_reg_263_reg[26]) is unused and will be removed from module cv_hw.
WARNING: [Synth 8-3332] Sequential element (AXIvideo2Mat_U0/axi_data_V1_i_reg_263_reg[25]) is unused and will be removed from module cv_hw.
WARNING: [Synth 8-3332] Sequential element (AXIvideo2Mat_U0/axi_data_V1_i_reg_263_reg[24]) is unused and will be removed from module cv_hw.
WARNING: [Synth 8-3332] Sequential element (AXIvideo2Mat_U0/axi_data_V_1_i_reg_318_reg[31]) is unused and will be removed from module cv_hw.
WARNING: [Synth 8-3332] Sequential element (AXIvideo2Mat_U0/axi_data_V_1_i_reg_318_reg[30]) is unused and will be removed from module cv_hw.
WARNING: [Synth 8-3332] Sequential element (AXIvideo2Mat_U0/axi_data_V_1_i_reg_318_reg[29]) is unused and will be removed from module cv_hw.
WARNING: [Synth 8-3332] Sequential element (AXIvideo2Mat_U0/axi_data_V_1_i_reg_318_reg[28]) is unused and will be removed from module cv_hw.
WARNING: [Synth 8-3332] Sequential element (AXIvideo2Mat_U0/axi_data_V_1_i_reg_318_reg[27]) is unused and will be removed from module cv_hw.
WARNING: [Synth 8-3332] Sequential element (AXIvideo2Mat_U0/axi_data_V_1_i_reg_318_reg[26]) is unused and will be removed from module cv_hw.
WARNING: [Synth 8-3332] Sequential element (AXIvideo2Mat_U0/axi_data_V_1_i_reg_318_reg[25]) is unused and will be removed from module cv_hw.
WARNING: [Synth 8-3332] Sequential element (AXIvideo2Mat_U0/axi_data_V_1_i_reg_318_reg[24]) is unused and will be removed from module cv_hw.
WARNING: [Synth 8-3332] Sequential element (CvtColor_U0/ap_done_reg_reg) is unused and will be removed from module cv_hw.
WARNING: [Synth 8-3332] Sequential element (Mat2AXIvideo_U0/ap_done_reg_reg) is unused and will be removed from module cv_hw.
WARNING: [Synth 8-3332] Sequential element (Mat2AXIvideo_U0/AXI_video_strm_V_data_V_1_payload_A_reg[31]) is unused and will be removed from module cv_hw.
WARNING: [Synth 8-3332] Sequential element (Mat2AXIvideo_U0/AXI_video_strm_V_data_V_1_payload_B_reg[31]) is unused and will be removed from module cv_hw.
WARNING: [Synth 8-3332] Sequential element (start_for_CvtColoeOg_U/U_start_for_CvtColoeOg_ram/SRL_SIG_reg[0][0]) is unused and will be removed from module cv_hw.
WARNING: [Synth 8-3332] Sequential element (start_for_CvtColoeOg_U/U_start_for_CvtColoeOg_ram/SRL_SIG_reg[1][0]) is unused and will be removed from module cv_hw.
WARNING: [Synth 8-3332] Sequential element (start_for_Mat2AXIfYi_U/U_start_for_Mat2AXIfYi_ram/SRL_SIG_reg[0][0]) is unused and will be removed from module cv_hw.
WARNING: [Synth 8-3332] Sequential element (start_for_Mat2AXIfYi_U/U_start_for_Mat2AXIfYi_ram/SRL_SIG_reg[1][0]) is unused and will be removed from module cv_hw.
WARNING: [Synth 8-3332] Sequential element (rgb_rows_V_c_U/U_fifo_w12_d2_A_ram/SRL_SIG_reg[1][3]) is unused and will be removed from module cv_hw.
WARNING: [Synth 8-3332] Sequential element (rgb_rows_V_c_U/U_fifo_w12_d2_A_ram/SRL_SIG_reg[1][0]) is unused and will be removed from module cv_hw.
WARNING: [Synth 8-3332] Sequential element (rgb_cols_V_c_U/U_fifo_w12_d2_A_ram/SRL_SIG_reg[1][7]) is unused and will be removed from module cv_hw.
WARNING: [Synth 8-3332] Sequential element (rgb_cols_V_c_U/U_fifo_w12_d2_A_ram/SRL_SIG_reg[1][0]) is unused and will be removed from module cv_hw.
WARNING: [Synth 8-3332] Sequential element (AXIvideo2Mat_U0/img_cols_V_read_reg_484_reg[10]) is unused and will be removed from module cv_hw.
WARNING: [Synth 8-3332] Sequential element (AXIvideo2Mat_U0/img_cols_V_read_reg_484_reg[11]) is unused and will be removed from module cv_hw.
WARNING: [Synth 8-3332] Sequential element (rgb_rows_V_c6_U/U_fifo_w12_d2_A_ram/SRL_SIG_reg[1][3]) is unused and will be removed from module cv_hw.
WARNING: [Synth 8-3332] Sequential element (rgb_rows_V_c6_U/U_fifo_w12_d2_A_ram/SRL_SIG_reg[1][0]) is unused and will be removed from module cv_hw.
WARNING: [Synth 8-3332] Sequential element (rgb_cols_V_c7_U/U_fifo_w12_d2_A_ram/SRL_SIG_reg[1][7]) is unused and will be removed from module cv_hw.
WARNING: [Synth 8-3332] Sequential element (rgb_cols_V_c7_U/U_fifo_w12_d2_A_ram/SRL_SIG_reg[1][0]) is unused and will be removed from module cv_hw.
WARNING: [Synth 8-3332] Sequential element (CvtColor_U0/p_src_cols_V_read_reg_350_reg[10]) is unused and will be removed from module cv_hw.
WARNING: [Synth 8-3332] Sequential element (CvtColor_U0/p_src_cols_V_read_reg_350_reg[11]) is unused and will be removed from module cv_hw.
---------------------------------------------------------------------------------
Finished Cross Boundary and Area Optimization : Time (s): cpu = 00:00:15 ; elapsed = 00:00:28 . Memory (MB): peak = 2295.688 ; gain = 1030.223 ; free physical = 20036 ; free virtual = 25004
---------------------------------------------------------------------------------
---------------------------------------------------------------------------------
Start ROM, RAM, DSP and Shift Register Reporting
---------------------------------------------------------------------------------

DSP: Preliminary Mapping  Report (see note below)
+-----------------------------+------------------------+--------+--------+--------+--------+--------+------+------+------+------+-------+------+------+
|Module Name                  | DSP Mapping            | A Size | B Size | C Size | D Size | P Size | AREG | BREG | CREG | DREG | ADREG | MREG | PREG | 
+-----------------------------+------------------------+--------+--------+--------+--------+--------+------+------+------+------+-------+------+------+
|cv_hw_mac_muladd_cud_DSP48_1 | (A:0x74bc6)*B          | 20     | 9      | -      | -      | 29     | 0    | 0    | -    | -    | -     | 0    | 0    | 
|cv_hw                        | (PCIN+(A:0x1322d0)*B)' | 21     | 8      | -      | -      | 29     | 0    | 0    | -    | -    | -     | 0    | 1    | 
|cv_hw                        | C+(A:0x259168)*B2      | 23     | 9      | 30     | -      | 30     | 0    | 1    | 0    | -    | -     | 0    | 0    | 
+-----------------------------+------------------------+--------+--------+--------+--------+--------+------+------+------+------+-------+------+------+

Note: The table above is a preliminary report that shows the DSPs inferred at the current stage of the synthesis flow. Some DSP may be reimplemented as non DSP primitives later in the synthesis flow. Multiple instantiated DSPs are reported only once.
---------------------------------------------------------------------------------
Finished ROM, RAM, DSP and Shift Register Reporting
---------------------------------------------------------------------------------

Report RTL Partitions: 
+-+--------------+------------+----------+
| |RTL Partition |Replication |Instances |
+-+--------------+------------+----------+
+-+--------------+------------+----------+
---------------------------------------------------------------------------------
Start Applying XDC Timing Constraints
---------------------------------------------------------------------------------
---------------------------------------------------------------------------------
Finished Applying XDC Timing Constraints : Time (s): cpu = 00:00:33 ; elapsed = 00:01:13 . Memory (MB): peak = 2525.523 ; gain = 1260.059 ; free physical = 19894 ; free virtual = 24862
---------------------------------------------------------------------------------
---------------------------------------------------------------------------------
Start Timing Optimization
---------------------------------------------------------------------------------
---------------------------------------------------------------------------------
Finished Timing Optimization : Time (s): cpu = 00:00:34 ; elapsed = 00:01:14 . Memory (MB): peak = 2559.555 ; gain = 1294.090 ; free physical = 19868 ; free virtual = 24836
---------------------------------------------------------------------------------

Report RTL Partitions: 
+-+--------------+------------+----------+
| |RTL Partition |Replication |Instances |
+-+--------------+------------+----------+
+-+--------------+------------+----------+
---------------------------------------------------------------------------------
Start Technology Mapping
---------------------------------------------------------------------------------
---------------------------------------------------------------------------------
Finished Technology Mapping : Time (s): cpu = 00:00:34 ; elapsed = 00:01:14 . Memory (MB): peak = 2567.562 ; gain = 1302.098 ; free physical = 19834 ; free virtual = 24802
---------------------------------------------------------------------------------

Report RTL Partitions: 
+-+--------------+------------+----------+
| |RTL Partition |Replication |Instances |
+-+--------------+------------+----------+
+-+--------------+------------+----------+
---------------------------------------------------------------------------------
Start IO Insertion
---------------------------------------------------------------------------------
---------------------------------------------------------------------------------
Start Flattening Before IO Insertion
---------------------------------------------------------------------------------
---------------------------------------------------------------------------------
Finished Flattening Before IO Insertion
---------------------------------------------------------------------------------
---------------------------------------------------------------------------------
Start Final Netlist Cleanup
---------------------------------------------------------------------------------
---------------------------------------------------------------------------------
Finished Final Netlist Cleanup
---------------------------------------------------------------------------------
---------------------------------------------------------------------------------
Finished IO Insertion : Time (s): cpu = 00:00:35 ; elapsed = 00:01:14 . Memory (MB): peak = 2567.562 ; gain = 1302.098 ; free physical = 19807 ; free virtual = 24776
---------------------------------------------------------------------------------

Report Check Netlist: 
+------+------------------+-------+---------+-------+------------------+
|      |Item              |Errors |Warnings |Status |Description       |
+------+------------------+-------+---------+-------+------------------+
|1     |multi_driven_nets |      0|        0|Passed |Multi driven nets |
+------+------------------+-------+---------+-------+------------------+
---------------------------------------------------------------------------------
Start Renaming Generated Instances
---------------------------------------------------------------------------------
---------------------------------------------------------------------------------
Finished Renaming Generated Instances : Time (s): cpu = 00:00:35 ; elapsed = 00:01:14 . Memory (MB): peak = 2567.562 ; gain = 1302.098 ; free physical = 19807 ; free virtual = 24776
---------------------------------------------------------------------------------

Report RTL Partitions: 
+-+--------------+------------+----------+
| |RTL Partition |Replication |Instances |
+-+--------------+------------+----------+
+-+--------------+------------+----------+
---------------------------------------------------------------------------------
Start Rebuilding User Hierarchy
---------------------------------------------------------------------------------
---------------------------------------------------------------------------------
Finished Rebuilding User Hierarchy : Time (s): cpu = 00:00:35 ; elapsed = 00:01:14 . Memory (MB): peak = 2567.562 ; gain = 1302.098 ; free physical = 19807 ; free virtual = 24776
---------------------------------------------------------------------------------
---------------------------------------------------------------------------------
Start Renaming Generated Ports
---------------------------------------------------------------------------------
---------------------------------------------------------------------------------
Finished Renaming Generated Ports : Time (s): cpu = 00:00:35 ; elapsed = 00:01:14 . Memory (MB): peak = 2567.562 ; gain = 1302.098 ; free physical = 19807 ; free virtual = 24776
---------------------------------------------------------------------------------
---------------------------------------------------------------------------------
Start Handling Custom Attributes
---------------------------------------------------------------------------------
---------------------------------------------------------------------------------
Finished Handling Custom Attributes : Time (s): cpu = 00:00:35 ; elapsed = 00:01:14 . Memory (MB): peak = 2567.562 ; gain = 1302.098 ; free physical = 19807 ; free virtual = 24776
---------------------------------------------------------------------------------
---------------------------------------------------------------------------------
Start Renaming Generated Nets
---------------------------------------------------------------------------------
---------------------------------------------------------------------------------
Finished Renaming Generated Nets : Time (s): cpu = 00:00:35 ; elapsed = 00:01:14 . Memory (MB): peak = 2567.562 ; gain = 1302.098 ; free physical = 19807 ; free virtual = 24776
---------------------------------------------------------------------------------
---------------------------------------------------------------------------------
Start Writing Synthesis Report
---------------------------------------------------------------------------------

Report BlackBoxes: 
+-+--------------+----------+
| |BlackBox name |Instances |
+-+--------------+----------+
+-+--------------+----------+

Report Cell Usage: 
+------+----------------+------+
|      |Cell            |Count |
+------+----------------+------+
|1     |CARRY8          |     2|
|2     |DSP_ALU         |     3|
|3     |DSP_A_B_DATA    |     2|
|4     |DSP_A_B_DATA_1  |     1|
|5     |DSP_C_DATA      |     2|
|6     |DSP_C_DATA_1    |     1|
|7     |DSP_MULTIPLIER  |     3|
|8     |DSP_M_DATA      |     3|
|9     |DSP_OUTPUT      |     2|
|10    |DSP_OUTPUT_1    |     1|
|11    |DSP_PREADD      |     3|
|12    |DSP_PREADD_DATA |     3|
|13    |LUT1            |    23|
|14    |LUT2            |    42|
|15    |LUT3            |   100|
|16    |LUT4            |    90|
|17    |LUT5            |   128|
|18    |LUT6            |    68|
|19    |FDRE            |   425|
|20    |FDSE            |    23|
+------+----------------+------+

Report Instance Areas: 
+------+---------------------------------------+-------------------------------------------------------------------------------+------+
|      |Instance                               |Module                                                                         |Cells |
+------+---------------------------------------+-------------------------------------------------------------------------------+------+
|1     |top                                    |                                                                               |   925|
|2     |  inst                                 |cv_hw                                                                          |   925|
|3     |    AXIvideo2Mat_U0                    |AXIvideo2Mat                                                                   |   428|
|4     |    CvtColor_U0                        |CvtColor                                                                       |   144|
|5     |      p_Val2_1_reg_383_reg             |\CvtColor_U0/p_Val2_1_reg_383_reg_funnel                                       |     8|
|6     |      cv_hw_mac_muladd_cud_U18         |cv_hw_mac_muladd_cud                                                           |     8|
|7     |        cv_hw_mac_muladd_cud_DSP48_1_U |cv_hw_mac_muladd_cud_DSP48_1                                                   |     8|
|8     |          m                            |\CvtColor_U0/cv_hw_mac_muladd_cud_U18/cv_hw_mac_muladd_cud_DSP48_1_U/m_funnel  |     8|
|9     |      cv_hw_mac_muladd_dEe_U19         |cv_hw_mac_muladd_dEe                                                           |    22|
|10    |        cv_hw_mac_muladd_dEe_DSP48_2_U |cv_hw_mac_muladd_dEe_DSP48_2                                                   |    22|
|11    |          p                            |\CvtColor_U0/cv_hw_mac_muladd_dEe_U19/cv_hw_mac_muladd_dEe_DSP48_2_U/p_funnel  |     8|
|12    |    Mat2AXIvideo_U0                    |Mat2AXIvideo                                                                   |   173|
|13    |    gray_data_stream_0_s_U             |fifo_w8_d2_A                                                                   |    32|
|14    |      U_fifo_w8_d2_A_ram               |fifo_w8_d2_A_shiftReg_8                                                        |    24|
|15    |    rgb_cols_V_c7_U                    |fifo_w12_d2_A                                                                  |     8|
|16    |    rgb_cols_V_c_U                     |fifo_w12_d2_A_0                                                                |     8|
|17    |    rgb_data_stream_0_V_U              |fifo_w8_d2_A_1                                                                 |    31|
|18    |      U_fifo_w8_d2_A_ram               |fifo_w8_d2_A_shiftReg_7                                                        |    24|
|19    |    rgb_data_stream_1_V_U              |fifo_w8_d2_A_2                                                                 |    31|
|20    |      U_fifo_w8_d2_A_ram               |fifo_w8_d2_A_shiftReg_6                                                        |    24|
|21    |    rgb_data_stream_2_V_U              |fifo_w8_d2_A_3                                                                 |    31|
|22    |      U_fifo_w8_d2_A_ram               |fifo_w8_d2_A_shiftReg                                                          |    24|
|23    |    rgb_rows_V_c6_U                    |fifo_w12_d2_A_4                                                                |     8|
|24    |    rgb_rows_V_c_U                     |fifo_w12_d2_A_5                                                                |     9|
|25    |    start_for_CvtColoeOg_U             |start_for_CvtColoeOg                                                           |    11|
|26    |    start_for_Mat2AXIfYi_U             |start_for_Mat2AXIfYi                                                           |    11|
+------+---------------------------------------+-------------------------------------------------------------------------------+------+
---------------------------------------------------------------------------------
Finished Writing Synthesis Report : Time (s): cpu = 00:00:35 ; elapsed = 00:01:14 . Memory (MB): peak = 2567.562 ; gain = 1302.098 ; free physical = 19807 ; free virtual = 24776
---------------------------------------------------------------------------------
Synthesis finished with 0 errors, 0 critical warnings and 83 warnings.
Synthesis Optimization Runtime : Time (s): cpu = 00:00:26 ; elapsed = 00:00:53 . Memory (MB): peak = 2567.562 ; gain = 394.371 ; free physical = 19848 ; free virtual = 24816
Synthesis Optimization Complete : Time (s): cpu = 00:00:35 ; elapsed = 00:01:14 . Memory (MB): peak = 2567.570 ; gain = 1302.098 ; free physical = 19848 ; free virtual = 24816
INFO: [Project 1-571] Translating synthesized netlist
INFO: [Netlist 29-17] Analyzing 5 Unisim elements for replacement
INFO: [Netlist 29-28] Unisim Transformation completed in 0 CPU seconds
INFO: [Project 1-570] Preparing netlist for logic optimization
INFO: [Opt 31-138] Pushed 0 inverter(s) to 0 load pin(s).
INFO: [Project 1-111] Unisim Transformation Summary:
  A total of 3 instances were transformed.
  DSP48E2 => DSP48E2 (DSP_ALU, DSP_A_B_DATA, DSP_C_DATA, DSP_MULTIPLIER, DSP_M_DATA, DSP_OUTPUT, DSP_PREADD_DATA, DSP_PREADD): 3 instances

INFO: [Common 17-83] Releasing license: Synthesis
198 Infos, 98 Warnings, 0 Critical Warnings and 0 Errors encountered.
synth_design completed successfully
synth_design: Time (s): cpu = 00:00:36 ; elapsed = 00:01:15 . Memory (MB): peak = 2603.578 ; gain = 1349.695 ; free physical = 18766 ; free virtual = 23734
WARNING: [Constraints 18-5210] No constraint will be written out.
INFO: [Common 17-1381] The checkpoint '/home/shwetashob/workspace/hls/xilinx-vivado/ultra96_opencv.runs/design_1_cv_hw_0_0_synth_1/design_1_cv_hw_0_0.dcp' has been generated.
