Copyright 1986-2018 Xilinx, Inc. All Rights Reserved.
------------------------------------------------------------------------------------
| Tool Version : Vivado v.2018.2 (lin64) Build 2258646 Thu Jun 14 20:02:38 MDT 2018
| Date         : Tue Oct 30 09:12:01 2018
| Host         : terminator running 64-bit Ubuntu 16.04.1 LTS
| Command      : upgrade_ip
| Device       : xczu3eg-sbva484-1-e
------------------------------------------------------------------------------------

Upgrade Log for IP 'design_1_cv_hw_0_0'

1. Summary
----------

SUCCESS in the upgrade of design_1_cv_hw_0_0 (xilinx.com:hls:cv_hw:1.0) from (Rev. 1810291956) to (Rev. 1810300843)






Copyright 1986-2018 Xilinx, Inc. All Rights Reserved.
------------------------------------------------------------------------------------
| Tool Version : Vivado v.2018.2 (lin64) Build 2258646 Thu Jun 14 20:02:38 MDT 2018
| Date         : Tue Oct 30 09:12:01 2018
| Host         : terminator running 64-bit Ubuntu 16.04.1 LTS
| Command      : upgrade_ip
| Device       : xczu3eg-sbva484-1-e
------------------------------------------------------------------------------------

Upgrade Log for IP 'design_1_axi_smc_0'

1. Summary
----------

SUCCESS in the conversion of design_1_axi_smc_0 (xilinx.com:ip:smartconnect:1.0 (Rev. 9)) to Vivado generation flows.

After upgrade, an IP may have parameter and port differences compared to the original customization. Please review the parameters within the IP customization GUI to ensure proper functionality. Also, please review the updated IP instantiation template to ensure proper connectivity, and update your design if required.

2. Interface Information
------------------------

Detected external interface differences while upgrading 'design_1_axi_smc_0'.



3. Connection Warnings
----------------------

Detected external port differences while upgrading 'design_1_axi_smc_0'. These changes may impact your design.








Copyright 1986-2018 Xilinx, Inc. All Rights Reserved.
------------------------------------------------------------------------------------
| Tool Version : Vivado v.2018.2 (lin64) Build 2258646 Thu Jun 14 20:02:38 MDT 2018
| Date         : Tue Oct 30 09:12:01 2018
| Host         : terminator running 64-bit Ubuntu 16.04.1 LTS
| Command      : upgrade_ip
| Device       : xczu3eg-sbva484-1-e
------------------------------------------------------------------------------------

Upgrade Log for IP 'design_1_axi_dma_0_1'

1. Summary
----------

SUCCESS in the conversion of design_1_axi_dma_0_1 (xilinx.com:ip:axi_dma:7.1 (Rev. 18)) to Vivado generation flows.

