09:18:43 **** Build of project hw_bsp ****
make -k all 
Running Make include in psu_cortexa53_0/libsrc/csudma_v1_2/src
make -C psu_cortexa53_0/libsrc/csudma_v1_2/src -s include  "SHELL=/bin/sh" "COMPILER=aarch64-none-elf-gcc" "ARCHIVER=aarch64-none-elf-ar" "COMPILER_FLAGS=  -O2 -c" "EXTRA_COMPILER_FLAGS=-g -Wall -Wextra"
Running Make include in psu_cortexa53_0/libsrc/cv_hw_v1_0/src
make -C psu_cortexa53_0/libsrc/cv_hw_v1_0/src -s include  "SHELL=/bin/sh" "COMPILER=aarch64-none-elf-gcc" "ARCHIVER=aarch64-none-elf-ar" "COMPILER_FLAGS=  -O2 -c" "EXTRA_COMPILER_FLAGS=-g -Wall -Wextra"
Running Make include in psu_cortexa53_0/libsrc/standalone_v6_7/src
make -C psu_cortexa53_0/libsrc/standalone_v6_7/src -s include  "SHELL=/bin/sh" "COMPILER=aarch64-none-elf-gcc" "ARCHIVER=aarch64-none-elf-ar" "COMPILER_FLAGS=  -O2 -c" "EXTRA_COMPILER_FLAGS=-g -Wall -Wextra"
Running Make include in psu_cortexa53_0/libsrc/zdma_v1_5/src
make -C psu_cortexa53_0/libsrc/zdma_v1_5/src -s include  "SHELL=/bin/sh" "COMPILER=aarch64-none-elf-gcc" "ARCHIVER=aarch64-none-elf-ar" "COMPILER_FLAGS=  -O2 -c" "EXTRA_COMPILER_FLAGS=-g -Wall -Wextra"
Running Make include in psu_cortexa53_0/libsrc/ipipsu_v2_3/src
make -C psu_cortexa53_0/libsrc/ipipsu_v2_3/src -s include  "SHELL=/bin/sh" "COMPILER=aarch64-none-elf-gcc" "ARCHIVER=aarch64-none-elf-ar" "COMPILER_FLAGS=  -O2 -c" "EXTRA_COMPILER_FLAGS=-g -Wall -Wextra"
Running Make include in psu_cortexa53_0/libsrc/gpiops_v3_3/src
make -C psu_cortexa53_0/libsrc/gpiops_v3_3/src -s include  "SHELL=/bin/sh" "COMPILER=aarch64-none-elf-gcc" "ARCHIVER=aarch64-none-elf-ar" "COMPILER_FLAGS=  -O2 -c" "EXTRA_COMPILER_FLAGS=-g -Wall -Wextra"
Running Make include in psu_cortexa53_0/libsrc/scugic_v3_9/src
make -C psu_cortexa53_0/libsrc/scugic_v3_9/src -s include  "SHELL=/bin/sh" "COMPILER=aarch64-none-elf-gcc" "ARCHIVER=aarch64-none-elf-ar" "COMPILER_FLAGS=  -O2 -c" "EXTRA_COMPILER_FLAGS=-g -Wall -Wextra"
Running Make include in psu_cortexa53_0/libsrc/uartps_v3_6/src
make -C psu_cortexa53_0/libsrc/uartps_v3_6/src -s include  "SHELL=/bin/sh" "COMPILER=aarch64-none-elf-gcc" "ARCHIVER=aarch64-none-elf-ar" "COMPILER_FLAGS=  -O2 -c" "EXTRA_COMPILER_FLAGS=-g -Wall -Wextra"
Running Make include in psu_cortexa53_0/libsrc/axidma_v9_7/src
make -C psu_cortexa53_0/libsrc/axidma_v9_7/src -s include  "SHELL=/bin/sh" "COMPILER=aarch64-none-elf-gcc" "ARCHIVER=aarch64-none-elf-ar" "COMPILER_FLAGS=  -O2 -c" "EXTRA_COMPILER_FLAGS=-g -Wall -Wextra"
Running Make include in psu_cortexa53_0/libsrc/avbuf_v2_2/src
make -C psu_cortexa53_0/libsrc/avbuf_v2_2/src -s include  "SHELL=/bin/sh" "COMPILER=aarch64-none-elf-gcc" "ARCHIVER=aarch64-none-elf-ar" "COMPILER_FLAGS=  -O2 -c" "EXTRA_COMPILER_FLAGS=-g -Wall -Wextra"
Running Make include in psu_cortexa53_0/libsrc/dpdma_v1_1/src
make -C psu_cortexa53_0/libsrc/dpdma_v1_1/src -s include  "SHELL=/bin/sh" "COMPILER=aarch64-none-elf-gcc" "ARCHIVER=aarch64-none-elf-ar" "COMPILER_FLAGS=  -O2 -c" "EXTRA_COMPILER_FLAGS=-g -Wall -Wextra"
Running Make include in psu_cortexa53_0/libsrc/iicps_v3_7/src
make -C psu_cortexa53_0/libsrc/iicps_v3_7/src -s include  "SHELL=/bin/sh" "COMPILER=aarch64-none-elf-gcc" "ARCHIVER=aarch64-none-elf-ar" "COMPILER_FLAGS=  -O2 -c" "EXTRA_COMPILER_FLAGS=-g -Wall -Wextra"
Running Make include in psu_cortexa53_0/libsrc/dppsu_v1_1/src
make -C psu_cortexa53_0/libsrc/dppsu_v1_1/src -s include  "SHELL=/bin/sh" "COMPILER=aarch64-none-elf-gcc" "ARCHIVER=aarch64-none-elf-ar" "COMPILER_FLAGS=  -O2 -c" "EXTRA_COMPILER_FLAGS=-g -Wall -Wextra"
Running Make include in psu_cortexa53_0/libsrc/video_common_v4_4/src
make -C psu_cortexa53_0/libsrc/video_common_v4_4/src -s include  "SHELL=/bin/sh" "COMPILER=aarch64-none-elf-gcc" "ARCHIVER=aarch64-none-elf-ar" "COMPILER_FLAGS=  -O2 -c" "EXTRA_COMPILER_FLAGS=-g -Wall -Wextra"
Running Make include in psu_cortexa53_0/libsrc/wdtps_v3_0/src
make -C psu_cortexa53_0/libsrc/wdtps_v3_0/src -s include  "SHELL=/bin/sh" "COMPILER=aarch64-none-elf-gcc" "ARCHIVER=aarch64-none-elf-ar" "COMPILER_FLAGS=  -O2 -c" "EXTRA_COMPILER_FLAGS=-g -Wall -Wextra"
Running Make include in psu_cortexa53_0/libsrc/rtcpsu_v1_5/src
make -C psu_cortexa53_0/libsrc/rtcpsu_v1_5/src -s include  "SHELL=/bin/sh" "COMPILER=aarch64-none-elf-gcc" "ARCHIVER=aarch64-none-elf-ar" "COMPILER_FLAGS=  -O2 -c" "EXTRA_COMPILER_FLAGS=-g -Wall -Wextra"
Running Make include in psu_cortexa53_0/libsrc/ddrcpsu_v1_1/src
make -C psu_cortexa53_0/libsrc/ddrcpsu_v1_1/src -s include  "SHELL=/bin/sh" "COMPILER=aarch64-none-elf-gcc" "ARCHIVER=aarch64-none-elf-ar" "COMPILER_FLAGS=  -O2 -c" "EXTRA_COMPILER_FLAGS=-g -Wall -Wextra"
Running Make include in psu_cortexa53_0/libsrc/spips_v3_1/src
make -C psu_cortexa53_0/libsrc/spips_v3_1/src -s include  "SHELL=/bin/sh" "COMPILER=aarch64-none-elf-gcc" "ARCHIVER=aarch64-none-elf-ar" "COMPILER_FLAGS=  -O2 -c" "EXTRA_COMPILER_FLAGS=-g -Wall -Wextra"
Running Make include in psu_cortexa53_0/libsrc/gpio_v4_3/src
make -C psu_cortexa53_0/libsrc/gpio_v4_3/src -s include  "SHELL=/bin/sh" "COMPILER=aarch64-none-elf-gcc" "ARCHIVER=aarch64-none-elf-ar" "COMPILER_FLAGS=  -O2 -c" "EXTRA_COMPILER_FLAGS=-g -Wall -Wextra"
Running Make include in psu_cortexa53_0/libsrc/cpu_cortexa53_v1_5/src
make -C psu_cortexa53_0/libsrc/cpu_cortexa53_v1_5/src -s include  "SHELL=/bin/sh" "COMPILER=aarch64-none-elf-gcc" "ARCHIVER=aarch64-none-elf-ar" "COMPILER_FLAGS=  -O2 -c" "EXTRA_COMPILER_FLAGS=-g -Wall -Wextra"
Running Make include in psu_cortexa53_0/libsrc/sysmonpsu_v2_4/src
make -C psu_cortexa53_0/libsrc/sysmonpsu_v2_4/src -s include  "SHELL=/bin/sh" "COMPILER=aarch64-none-elf-gcc" "ARCHIVER=aarch64-none-elf-ar" "COMPILER_FLAGS=  -O2 -c" "EXTRA_COMPILER_FLAGS=-g -Wall -Wextra"
Running Make include in psu_cortexa53_0/libsrc/ttcps_v3_6/src
make -C psu_cortexa53_0/libsrc/ttcps_v3_6/src -s include  "SHELL=/bin/sh" "COMPILER=aarch64-none-elf-gcc" "ARCHIVER=aarch64-none-elf-ar" "COMPILER_FLAGS=  -O2 -c" "EXTRA_COMPILER_FLAGS=-g -Wall -Wextra"
Running Make include in psu_cortexa53_0/libsrc/resetps_v1_1/src
make -C psu_cortexa53_0/libsrc/resetps_v1_1/src -s include  "SHELL=/bin/sh" "COMPILER=aarch64-none-elf-gcc" "ARCHIVER=aarch64-none-elf-ar" "COMPILER_FLAGS=  -O2 -c" "EXTRA_COMPILER_FLAGS=-g -Wall -Wextra"
Running Make include in psu_cortexa53_0/libsrc/axipmon_v6_6/src
make -C psu_cortexa53_0/libsrc/axipmon_v6_6/src -s include  "SHELL=/bin/sh" "COMPILER=aarch64-none-elf-gcc" "ARCHIVER=aarch64-none-elf-ar" "COMPILER_FLAGS=  -O2 -c" "EXTRA_COMPILER_FLAGS=-g -Wall -Wextra"
Running Make include in psu_cortexa53_0/libsrc/sdps_v3_5/src
make -C psu_cortexa53_0/libsrc/sdps_v3_5/src -s include  "SHELL=/bin/sh" "COMPILER=aarch64-none-elf-gcc" "ARCHIVER=aarch64-none-elf-ar" "COMPILER_FLAGS=  -O2 -c" "EXTRA_COMPILER_FLAGS=-g -Wall -Wextra"
Running Make include in psu_cortexa53_0/libsrc/coresightps_dcc_v1_4/src
make -C psu_cortexa53_0/libsrc/coresightps_dcc_v1_4/src -s include  "SHELL=/bin/sh" "COMPILER=aarch64-none-elf-gcc" "ARCHIVER=aarch64-none-elf-ar" "COMPILER_FLAGS=  -O2 -c" "EXTRA_COMPILER_FLAGS=-g -Wall -Wextra"
Running Make include in psu_cortexa53_0/libsrc/usbpsu_v1_4/src
make -C psu_cortexa53_0/libsrc/usbpsu_v1_4/src -s include  "SHELL=/bin/sh" "COMPILER=aarch64-none-elf-gcc" "ARCHIVER=aarch64-none-elf-ar" "COMPILER_FLAGS=  -O2 -c" "EXTRA_COMPILER_FLAGS=-g -Wall -Wextra"
Running Make libs in psu_cortexa53_0/libsrc/csudma_v1_2/src
make -C psu_cortexa53_0/libsrc/csudma_v1_2/src -s libs  "SHELL=/bin/sh" "COMPILER=aarch64-none-elf-gcc" "ARCHIVER=aarch64-none-elf-ar" "COMPILER_FLAGS=  -O2 -c" "EXTRA_COMPILER_FLAGS=-g -Wall -Wextra"
Compiling csudma
aarch64-none-elf-ar: creating ../../../lib/libxil.a
Running Make libs in psu_cortexa53_0/libsrc/cv_hw_v1_0/src
make -C psu_cortexa53_0/libsrc/cv_hw_v1_0/src -s libs  "SHELL=/bin/sh" "COMPILER=aarch64-none-elf-gcc" "ARCHIVER=aarch64-none-elf-ar" "COMPILER_FLAGS=  -O2 -c" "EXTRA_COMPILER_FLAGS=-g -Wall -Wextra"
Compiling cv_hw
Running Make libs in psu_cortexa53_0/libsrc/standalone_v6_7/src
make -C psu_cortexa53_0/libsrc/standalone_v6_7/src -s libs  "SHELL=/bin/sh" "COMPILER=aarch64-none-elf-gcc" "ARCHIVER=aarch64-none-elf-ar" "COMPILER_FLAGS=  -O2 -c" "EXTRA_COMPILER_FLAGS=-g -Wall -Wextra"
Compiling standalone A53
translation_table.S:149:2: warning: #warning "There's no DDR_1 in the HW design. MMU translation table marks 32 GB DDR address space as undefined" [-Wcpp]
 #warning "There's no DDR_1 in the HW design. MMU translation table marks 32 GB DDR address space as undefined"
  ^~~~~~~
Running Make libs in psu_cortexa53_0/libsrc/zdma_v1_5/src
make -C psu_cortexa53_0/libsrc/zdma_v1_5/src -s libs  "SHELL=/bin/sh" "COMPILER=aarch64-none-elf-gcc" "ARCHIVER=aarch64-none-elf-ar" "COMPILER_FLAGS=  -O2 -c" "EXTRA_COMPILER_FLAGS=-g -Wall -Wextra"
Compiling zdma
Running Make libs in psu_cortexa53_0/libsrc/ipipsu_v2_3/src
make -C psu_cortexa53_0/libsrc/ipipsu_v2_3/src -s libs  "SHELL=/bin/sh" "COMPILER=aarch64-none-elf-gcc" "ARCHIVER=aarch64-none-elf-ar" "COMPILER_FLAGS=  -O2 -c" "EXTRA_COMPILER_FLAGS=-g -Wall -Wextra"
Compiling ipipsu
Running Make libs in psu_cortexa53_0/libsrc/gpiops_v3_3/src
make -C psu_cortexa53_0/libsrc/gpiops_v3_3/src -s libs  "SHELL=/bin/sh" "COMPILER=aarch64-none-elf-gcc" "ARCHIVER=aarch64-none-elf-ar" "COMPILER_FLAGS=  -O2 -c" "EXTRA_COMPILER_FLAGS=-g -Wall -Wextra"
Compiling gpiops
Running Make libs in psu_cortexa53_0/libsrc/scugic_v3_9/src
make -C psu_cortexa53_0/libsrc/scugic_v3_9/src -s libs  "SHELL=/bin/sh" "COMPILER=aarch64-none-elf-gcc" "ARCHIVER=aarch64-none-elf-ar" "COMPILER_FLAGS=  -O2 -c" "EXTRA_COMPILER_FLAGS=-g -Wall -Wextra"
Compiling scugic
Running Make libs in psu_cortexa53_0/libsrc/uartps_v3_6/src
make -C psu_cortexa53_0/libsrc/uartps_v3_6/src -s libs  "SHELL=/bin/sh" "COMPILER=aarch64-none-elf-gcc" "ARCHIVER=aarch64-none-elf-ar" "COMPILER_FLAGS=  -O2 -c" "EXTRA_COMPILER_FLAGS=-g -Wall -Wextra"
Compiling uartps
Running Make libs in psu_cortexa53_0/libsrc/axidma_v9_7/src
make -C psu_cortexa53_0/libsrc/axidma_v9_7/src -s libs  "SHELL=/bin/sh" "COMPILER=aarch64-none-elf-gcc" "ARCHIVER=aarch64-none-elf-ar" "COMPILER_FLAGS=  -O2 -c" "EXTRA_COMPILER_FLAGS=-g -Wall -Wextra"
Compiling axidma
Running Make libs in psu_cortexa53_0/libsrc/avbuf_v2_2/src
make -C psu_cortexa53_0/libsrc/avbuf_v2_2/src -s libs  "SHELL=/bin/sh" "COMPILER=aarch64-none-elf-gcc" "ARCHIVER=aarch64-none-elf-ar" "COMPILER_FLAGS=  -O2 -c" "EXTRA_COMPILER_FLAGS=-g -Wall -Wextra"
Compiling avbuf
Running Make libs in psu_cortexa53_0/libsrc/dpdma_v1_1/src
make -C psu_cortexa53_0/libsrc/dpdma_v1_1/src -s libs  "SHELL=/bin/sh" "COMPILER=aarch64-none-elf-gcc" "ARCHIVER=aarch64-none-elf-ar" "COMPILER_FLAGS=  -O2 -c" "EXTRA_COMPILER_FLAGS=-g -Wall -Wextra"
Compiling dpdma
Running Make libs in psu_cortexa53_0/libsrc/iicps_v3_7/src
make -C psu_cortexa53_0/libsrc/iicps_v3_7/src -s libs  "SHELL=/bin/sh" "COMPILER=aarch64-none-elf-gcc" "ARCHIVER=aarch64-none-elf-ar" "COMPILER_FLAGS=  -O2 -c" "EXTRA_COMPILER_FLAGS=-g -Wall -Wextra"
Compiling iicps
Running Make libs in psu_cortexa53_0/libsrc/dppsu_v1_1/src
make -C psu_cortexa53_0/libsrc/dppsu_v1_1/src -s libs  "SHELL=/bin/sh" "COMPILER=aarch64-none-elf-gcc" "ARCHIVER=aarch64-none-elf-ar" "COMPILER_FLAGS=  -O2 -c" "EXTRA_COMPILER_FLAGS=-g -Wall -Wextra"
Compiling dppsu
xdppsu.c: In function 'XDpPsu_CheckClockRecovery':
xdppsu.c:493:6: warning: this statement may fall through [-Wimplicit-fallthrough=]
   if (!(LaneStatus[0] &
      ^
xdppsu.c:498:2: note: here
  case XDPPSU_LANE_COUNT_SET_1:
  ^~~~
xdppsu.c:499:6: warning: this statement may fall through [-Wimplicit-fallthrough=]
   if (!(LaneStatus[0] &
      ^
xdppsu.c:503:2: note: here
  default:
  ^~~~~~~
xdppsu.c: In function 'XDpPsu_CheckChannelEqualization':
xdppsu.c:537:6: warning: this statement may fall through [-Wimplicit-fallthrough=]
   if (!(LaneStatus[0] &
      ^
xdppsu.c:542:2: note: here
  case XDPPSU_LANE_COUNT_SET_1:
  ^~~~
xdppsu.c:555:6: warning: this statement may fall through [-Wimplicit-fallthrough=]
   if (!(LaneStatus[0] &
      ^
xdppsu.c:560:2: note: here
  case XDPPSU_LANE_COUNT_SET_1:
  ^~~~
Running Make libs in psu_cortexa53_0/libsrc/video_common_v4_4/src
make -C psu_cortexa53_0/libsrc/video_common_v4_4/src -s libs  "SHELL=/bin/sh" "COMPILER=aarch64-none-elf-gcc" "ARCHIVER=aarch64-none-elf-ar" "COMPILER_FLAGS=  -O2 -c" "EXTRA_COMPILER_FLAGS=-g -Wall -Wextra"
Compiling video_common
Running Make libs in psu_cortexa53_0/libsrc/wdtps_v3_0/src
make -C psu_cortexa53_0/libsrc/wdtps_v3_0/src -s libs  "SHELL=/bin/sh" "COMPILER=aarch64-none-elf-gcc" "ARCHIVER=aarch64-none-elf-ar" "COMPILER_FLAGS=  -O2 -c" "EXTRA_COMPILER_FLAGS=-g -Wall -Wextra"
Compiling wdtps
Running Make libs in psu_cortexa53_0/libsrc/rtcpsu_v1_5/src
make -C psu_cortexa53_0/libsrc/rtcpsu_v1_5/src -s libs  "SHELL=/bin/sh" "COMPILER=aarch64-none-elf-gcc" "ARCHIVER=aarch64-none-elf-ar" "COMPILER_FLAGS=  -O2 -c" "EXTRA_COMPILER_FLAGS=-g -Wall -Wextra"
Compiling rtcpsu
Running Make libs in psu_cortexa53_0/libsrc/ddrcpsu_v1_1/src
make -C psu_cortexa53_0/libsrc/ddrcpsu_v1_1/src -s libs  "SHELL=/bin/sh" "COMPILER=aarch64-none-elf-gcc" "ARCHIVER=aarch64-none-elf-ar" "COMPILER_FLAGS=  -O2 -c" "EXTRA_COMPILER_FLAGS=-g -Wall -Wextra"
Compiling ddrcpsu
Running Make libs in psu_cortexa53_0/libsrc/spips_v3_1/src
make -C psu_cortexa53_0/libsrc/spips_v3_1/src -s libs  "SHELL=/bin/sh" "COMPILER=aarch64-none-elf-gcc" "ARCHIVER=aarch64-none-elf-ar" "COMPILER_FLAGS=  -O2 -c" "EXTRA_COMPILER_FLAGS=-g -Wall -Wextra"
Compiling spips
Running Make libs in psu_cortexa53_0/libsrc/gpio_v4_3/src
make -C psu_cortexa53_0/libsrc/gpio_v4_3/src -s libs  "SHELL=/bin/sh" "COMPILER=aarch64-none-elf-gcc" "ARCHIVER=aarch64-none-elf-ar" "COMPILER_FLAGS=  -O2 -c" "EXTRA_COMPILER_FLAGS=-g -Wall -Wextra"
Compiling gpio
Running Make libs in psu_cortexa53_0/libsrc/cpu_cortexa53_v1_5/src
make -C psu_cortexa53_0/libsrc/cpu_cortexa53_v1_5/src -s libs  "SHELL=/bin/sh" "COMPILER=aarch64-none-elf-gcc" "ARCHIVER=aarch64-none-elf-ar" "COMPILER_FLAGS=  -O2 -c" "EXTRA_COMPILER_FLAGS=-g -Wall -Wextra"
Compiling cpu_cortexa53
Running Make libs in psu_cortexa53_0/libsrc/sysmonpsu_v2_4/src
make -C psu_cortexa53_0/libsrc/sysmonpsu_v2_4/src -s libs  "SHELL=/bin/sh" "COMPILER=aarch64-none-elf-gcc" "ARCHIVER=aarch64-none-elf-ar" "COMPILER_FLAGS=  -O2 -c" "EXTRA_COMPILER_FLAGS=-g -Wall -Wextra"
Compiling sysmonpsu
Running Make libs in psu_cortexa53_0/libsrc/ttcps_v3_6/src
make -C psu_cortexa53_0/libsrc/ttcps_v3_6/src -s libs  "SHELL=/bin/sh" "COMPILER=aarch64-none-elf-gcc" "ARCHIVER=aarch64-none-elf-ar" "COMPILER_FLAGS=  -O2 -c" "EXTRA_COMPILER_FLAGS=-g -Wall -Wextra"
Compiling ttcps
Running Make libs in psu_cortexa53_0/libsrc/resetps_v1_1/src
make -C psu_cortexa53_0/libsrc/resetps_v1_1/src -s libs  "SHELL=/bin/sh" "COMPILER=aarch64-none-elf-gcc" "ARCHIVER=aarch64-none-elf-ar" "COMPILER_FLAGS=  -O2 -c" "EXTRA_COMPILER_FLAGS=-g -Wall -Wextra"
Compiling resetps
Running Make libs in psu_cortexa53_0/libsrc/axipmon_v6_6/src
make -C psu_cortexa53_0/libsrc/axipmon_v6_6/src -s libs  "SHELL=/bin/sh" "COMPILER=aarch64-none-elf-gcc" "ARCHIVER=aarch64-none-elf-ar" "COMPILER_FLAGS=  -O2 -c" "EXTRA_COMPILER_FLAGS=-g -Wall -Wextra"
Compiling axipmon
Running Make libs in psu_cortexa53_0/libsrc/sdps_v3_5/src
make -C psu_cortexa53_0/libsrc/sdps_v3_5/src -s libs  "SHELL=/bin/sh" "COMPILER=aarch64-none-elf-gcc" "ARCHIVER=aarch64-none-elf-ar" "COMPILER_FLAGS=  -O2 -c" "EXTRA_COMPILER_FLAGS=-g -Wall -Wextra"
Compiling sdps
Running Make libs in psu_cortexa53_0/libsrc/coresightps_dcc_v1_4/src
make -C psu_cortexa53_0/libsrc/coresightps_dcc_v1_4/src -s libs  "SHELL=/bin/sh" "COMPILER=aarch64-none-elf-gcc" "ARCHIVER=aarch64-none-elf-ar" "COMPILER_FLAGS=  -O2 -c" "EXTRA_COMPILER_FLAGS=-g -Wall -Wextra"
Compiling coresightps_dcc
Running Make libs in psu_cortexa53_0/libsrc/usbpsu_v1_4/src
make -C psu_cortexa53_0/libsrc/usbpsu_v1_4/src -s libs  "SHELL=/bin/sh" "COMPILER=aarch64-none-elf-gcc" "ARCHIVER=aarch64-none-elf-ar" "COMPILER_FLAGS=  -O2 -c" "EXTRA_COMPILER_FLAGS=-g -Wall -Wextra"
Compiling usbpsu
Finished building libraries

09:18:59 Build Finished (took 15s.905ms)

