

================================================================
== Vivado HLS Report for 'cv_hw'
================================================================
* Date:           Tue Oct 30 08:37:42 2018

* Version:        2018.2 (Build 2258646 on Thu Jun 14 20:25:20 MDT 2018)
* Project:        cv_hw
* Solution:       solution1
* Product family: zynquplus
* Target device:  xczu3eg-sbva484-1-e


================================================================
== Performance Estimates
================================================================
+ Timing (ns): 
    * Summary: 
    +--------+-------+----------+------------+
    |  Clock | Target| Estimated| Uncertainty|
    +--------+-------+----------+------------+
    |ap_clk  |  10.00|     8.334|        1.25|
    +--------+-------+----------+------------+

+ Latency (clock cycles): 
    * Summary: 
    +-----+-----+-----+-----+---------+
    |  Latency  |  Interval | Pipeline|
    | min | max | min | max |   Type  |
    +-----+-----+-----+-----+---------+
    |    ?|    ?|    ?|    ?|   none  |
    +-----+-----+-----+-----+---------+

    + Detail: 
        * Instance: 
        N/A

        * Loop: 
        +----------+-----+-----+----------+-----------+-----------+------+----------+
        |          |  Latency  | Iteration|  Initiation Interval  | Trip |          |
        | Loop Name| min | max |  Latency |  achieved |   target  | Count| Pipelined|
        +----------+-----+-----+----------+-----------+-----------+------+----------+
        |- Loop 1  |    ?|    ?|        22|          -|          -|     ?|    no    |
        +----------+-----+-----+----------+-----------+-----------+------+----------+



================================================================
== Utilization Estimates
================================================================
* Summary: 
+-----------------+---------+-------+--------+-------+-----+
|       Name      | BRAM_18K| DSP48E|   FF   |  LUT  | URAM|
+-----------------+---------+-------+--------+-------+-----+
|DSP              |        -|      1|       -|      -|    -|
|Expression       |        -|      -|       0|    925|    -|
|FIFO             |        -|      -|       -|      -|    -|
|Instance         |        0|     25|    1657|   2137|    -|
|Memory           |        -|      -|       -|      -|    -|
|Multiplexer      |        -|      -|       -|    527|    -|
|Register         |        -|      -|     660|      -|    -|
+-----------------+---------+-------+--------+-------+-----+
|Total            |        0|     26|    2317|   3589|    0|
+-----------------+---------+-------+--------+-------+-----+
|Available        |      432|    360|  141120|  70560|    0|
+-----------------+---------+-------+--------+-------+-----+
|Utilization (%)  |        0|      7|       1|      5|    0|
+-----------------+---------+-------+--------+-------+-----+

+ Detail: 
    * Instance: 
    +-------------------------+----------------------+---------+-------+-----+-----+
    |         Instance        |        Module        | BRAM_18K| DSP48E|  FF | LUT |
    +-------------------------+----------------------+---------+-------+-----+-----+
    |cv_hw_CTRL_BUS_s_axi_U   |cv_hw_CTRL_BUS_s_axi  |        0|      0|   94|  120|
    |cv_hw_dadd_64ns_6bkb_U1  |cv_hw_dadd_64ns_6bkb  |        0|      3|  445|  781|
    |cv_hw_dmul_64ns_6cud_U2  |cv_hw_dmul_64ns_6cud  |        0|     11|  299|  203|
    |cv_hw_dmul_64ns_6cud_U3  |cv_hw_dmul_64ns_6cud  |        0|     11|  299|  203|
    |cv_hw_sitodp_32nsdEe_U4  |cv_hw_sitodp_32nsdEe  |        0|      0|  260|  415|
    |cv_hw_sitodp_32nsdEe_U5  |cv_hw_sitodp_32nsdEe  |        0|      0|  260|  415|
    +-------------------------+----------------------+---------+-------+-----+-----+
    |Total                    |                      |        0|     25| 1657| 2137|
    +-------------------------+----------------------+---------+-------+-----+-----+

    * DSP48: 
    +-------------------------+----------------------+-----------+
    |         Instance        |        Module        | Expression|
    +-------------------------+----------------------+-----------+
    |cv_hw_mul_mul_16neOg_U6  |cv_hw_mul_mul_16neOg  |  i0 * i1  |
    +-------------------------+----------------------+-----------+

    * Memory: 
    N/A

    * FIFO: 
    N/A

    * Expression: 
    +-------------------------------------+----------+-------+---+-----+------------+------------+
    |            Variable Name            | Operation| DSP48E| FF| LUT | Bitwidth P0| Bitwidth P1|
    +-------------------------------------+----------+-------+---+-----+------------+------------+
    |sh_assign_fu_322_p2                  |     +    |      0|  0|   19|          11|          12|
    |tmp_3_i_i_i_fu_336_p2                |     -    |      0|  0|   18|          10|          11|
    |ap_block_state23_io                  |    and   |      0|  0|    2|           1|           1|
    |in_stream_V_data_V_0_load_A          |    and   |      0|  0|    2|           1|           1|
    |in_stream_V_data_V_0_load_B          |    and   |      0|  0|    2|           1|           1|
    |in_stream_V_dest_V_0_load_A          |    and   |      0|  0|    2|           1|           1|
    |in_stream_V_dest_V_0_load_B          |    and   |      0|  0|    2|           1|           1|
    |in_stream_V_id_V_0_load_A            |    and   |      0|  0|    2|           1|           1|
    |in_stream_V_id_V_0_load_B            |    and   |      0|  0|    2|           1|           1|
    |in_stream_V_keep_V_0_load_A          |    and   |      0|  0|    2|           1|           1|
    |in_stream_V_keep_V_0_load_B          |    and   |      0|  0|    2|           1|           1|
    |in_stream_V_last_V_0_load_A          |    and   |      0|  0|    2|           1|           1|
    |in_stream_V_last_V_0_load_B          |    and   |      0|  0|    2|           1|           1|
    |in_stream_V_strb_V_0_load_A          |    and   |      0|  0|    2|           1|           1|
    |in_stream_V_strb_V_0_load_B          |    and   |      0|  0|    2|           1|           1|
    |in_stream_V_user_V_0_load_A          |    and   |      0|  0|    2|           1|           1|
    |in_stream_V_user_V_0_load_B          |    and   |      0|  0|    2|           1|           1|
    |op_stream_V_data_V_1_load_A          |    and   |      0|  0|    2|           1|           1|
    |op_stream_V_data_V_1_load_B          |    and   |      0|  0|    2|           1|           1|
    |op_stream_V_dest_V_1_load_A          |    and   |      0|  0|    2|           1|           1|
    |op_stream_V_dest_V_1_load_B          |    and   |      0|  0|    2|           1|           1|
    |op_stream_V_id_V_1_load_A            |    and   |      0|  0|    2|           1|           1|
    |op_stream_V_id_V_1_load_B            |    and   |      0|  0|    2|           1|           1|
    |op_stream_V_keep_V_1_load_A          |    and   |      0|  0|    2|           1|           1|
    |op_stream_V_keep_V_1_load_B          |    and   |      0|  0|    2|           1|           1|
    |op_stream_V_last_V_1_load_A          |    and   |      0|  0|    2|           1|           1|
    |op_stream_V_last_V_1_load_B          |    and   |      0|  0|    2|           1|           1|
    |op_stream_V_strb_V_1_load_A          |    and   |      0|  0|    2|           1|           1|
    |op_stream_V_strb_V_1_load_B          |    and   |      0|  0|    2|           1|           1|
    |op_stream_V_user_V_1_load_A          |    and   |      0|  0|    2|           1|           1|
    |op_stream_V_user_V_1_load_B          |    and   |      0|  0|    2|           1|           1|
    |in_stream_V_data_V_0_state_cmp_full  |   icmp   |      0|  0|    8|           2|           1|
    |in_stream_V_dest_V_0_state_cmp_full  |   icmp   |      0|  0|    8|           2|           1|
    |in_stream_V_id_V_0_state_cmp_full    |   icmp   |      0|  0|    8|           2|           1|
    |in_stream_V_keep_V_0_state_cmp_full  |   icmp   |      0|  0|    8|           2|           1|
    |in_stream_V_last_V_0_state_cmp_full  |   icmp   |      0|  0|    8|           2|           1|
    |in_stream_V_strb_V_0_state_cmp_full  |   icmp   |      0|  0|    8|           2|           1|
    |in_stream_V_user_V_0_state_cmp_full  |   icmp   |      0|  0|    8|           2|           1|
    |op_stream_V_data_V_1_state_cmp_full  |   icmp   |      0|  0|    8|           2|           1|
    |op_stream_V_dest_V_1_state_cmp_full  |   icmp   |      0|  0|    8|           2|           1|
    |op_stream_V_id_V_1_state_cmp_full    |   icmp   |      0|  0|    8|           2|           1|
    |op_stream_V_keep_V_1_state_cmp_full  |   icmp   |      0|  0|    8|           2|           1|
    |op_stream_V_last_V_1_state_cmp_full  |   icmp   |      0|  0|    8|           2|           1|
    |op_stream_V_strb_V_1_state_cmp_full  |   icmp   |      0|  0|    8|           2|           1|
    |op_stream_V_user_V_1_state_cmp_full  |   icmp   |      0|  0|    8|           2|           1|
    |tmp_2_fu_211_p2                      |   icmp   |      0|  0|   11|           8|           1|
    |tmp_8_fu_217_p2                      |   icmp   |      0|  0|   20|          32|           1|
    |tmp_6_i_i_i_fu_365_p2                |   lshr   |      0|  0|  167|          54|          54|
    |ap_block_state23                     |    or    |      0|  0|    2|           1|           1|
    |p_Val2_4_fu_399_p3                   |  select  |      0|  0|   32|           1|          32|
    |sh_assign_1_fu_345_p3                |  select  |      0|  0|   12|           1|          12|
    |tmp_8_i_i_i_fu_371_p2                |    shl   |      0|  0|  474|         137|         137|
    +-------------------------------------+----------+-------+---+-----+------------+------------+
    |Total                                |          |      0|  0|  925|         312|         304|
    +-------------------------------------+----------+-------+---+-----+------------+------------+

    * Multiplexer: 
    +-------------------------------+-----+-----------+-----+-----------+
    |              Name             | LUT | Input Size| Bits| Total Bits|
    +-------------------------------+-----+-----------+-----+-----------+
    |ap_NS_fsm                      |  113|         24|    1|         24|
    |grp_fu_171_p0                  |   15|          3|   64|        192|
    |grp_fu_171_p1                  |   15|          3|   64|        192|
    |grp_fu_175_p1                  |   15|          3|   64|        192|
    |grp_fu_186_p0                  |   15|          3|   32|         96|
    |in_stream_TDATA_blk_n          |    9|          2|    1|          2|
    |in_stream_V_data_V_0_data_out  |    9|          2|   32|         64|
    |in_stream_V_data_V_0_state     |   15|          3|    2|          6|
    |in_stream_V_dest_V_0_data_out  |    9|          2|    1|          2|
    |in_stream_V_dest_V_0_state     |   15|          3|    2|          6|
    |in_stream_V_id_V_0_data_out    |    9|          2|    1|          2|
    |in_stream_V_id_V_0_state       |   15|          3|    2|          6|
    |in_stream_V_keep_V_0_data_out  |    9|          2|    4|          8|
    |in_stream_V_keep_V_0_state     |   15|          3|    2|          6|
    |in_stream_V_last_V_0_data_out  |    9|          2|    1|          2|
    |in_stream_V_last_V_0_state     |   15|          3|    2|          6|
    |in_stream_V_strb_V_0_data_out  |    9|          2|    4|          8|
    |in_stream_V_strb_V_0_state     |   15|          3|    2|          6|
    |in_stream_V_user_V_0_data_out  |    9|          2|    1|          2|
    |in_stream_V_user_V_0_state     |   15|          3|    2|          6|
    |op_stream_TDATA_blk_n          |    9|          2|    1|          2|
    |op_stream_V_data_V_1_data_out  |    9|          2|   32|         64|
    |op_stream_V_data_V_1_state     |   15|          3|    2|          6|
    |op_stream_V_dest_V_1_data_out  |    9|          2|    1|          2|
    |op_stream_V_dest_V_1_state     |   15|          3|    2|          6|
    |op_stream_V_id_V_1_data_out    |    9|          2|    1|          2|
    |op_stream_V_id_V_1_state       |   15|          3|    2|          6|
    |op_stream_V_keep_V_1_data_out  |    9|          2|    4|          8|
    |op_stream_V_keep_V_1_state     |   15|          3|    2|          6|
    |op_stream_V_last_V_1_data_out  |    9|          2|    1|          2|
    |op_stream_V_last_V_1_state     |   15|          3|    2|          6|
    |op_stream_V_strb_V_1_data_out  |    9|          2|    4|          8|
    |op_stream_V_strb_V_1_state     |   15|          3|    2|          6|
    |op_stream_V_user_V_1_data_out  |    9|          2|    1|          2|
    |op_stream_V_user_V_1_state     |   15|          3|    2|          6|
    +-------------------------------+-----+-----------+-----+-----------+
    |Total                          |  527|        110|  343|        960|
    +-------------------------------+-----+-----------+-----+-----------+

    * Register: 
    +--------------------------------+----+----+-----+-----------+
    |              Name              | FF | LUT| Bits| Const Bits|
    +--------------------------------+----+----+-----+-----------+
    |ap_CS_fsm                       |  23|   0|   23|          0|
    |in_stream_V_data_V_0_payload_A  |  32|   0|   32|          0|
    |in_stream_V_data_V_0_payload_B  |  32|   0|   32|          0|
    |in_stream_V_data_V_0_sel_rd     |   1|   0|    1|          0|
    |in_stream_V_data_V_0_sel_wr     |   1|   0|    1|          0|
    |in_stream_V_data_V_0_state      |   2|   0|    2|          0|
    |in_stream_V_dest_V_0_payload_A  |   1|   0|    1|          0|
    |in_stream_V_dest_V_0_payload_B  |   1|   0|    1|          0|
    |in_stream_V_dest_V_0_sel_rd     |   1|   0|    1|          0|
    |in_stream_V_dest_V_0_sel_wr     |   1|   0|    1|          0|
    |in_stream_V_dest_V_0_state      |   2|   0|    2|          0|
    |in_stream_V_id_V_0_payload_A    |   1|   0|    1|          0|
    |in_stream_V_id_V_0_payload_B    |   1|   0|    1|          0|
    |in_stream_V_id_V_0_sel_rd       |   1|   0|    1|          0|
    |in_stream_V_id_V_0_sel_wr       |   1|   0|    1|          0|
    |in_stream_V_id_V_0_state        |   2|   0|    2|          0|
    |in_stream_V_keep_V_0_payload_A  |   4|   0|    4|          0|
    |in_stream_V_keep_V_0_payload_B  |   4|   0|    4|          0|
    |in_stream_V_keep_V_0_sel_rd     |   1|   0|    1|          0|
    |in_stream_V_keep_V_0_sel_wr     |   1|   0|    1|          0|
    |in_stream_V_keep_V_0_state      |   2|   0|    2|          0|
    |in_stream_V_last_V_0_payload_A  |   1|   0|    1|          0|
    |in_stream_V_last_V_0_payload_B  |   1|   0|    1|          0|
    |in_stream_V_last_V_0_sel_rd     |   1|   0|    1|          0|
    |in_stream_V_last_V_0_sel_wr     |   1|   0|    1|          0|
    |in_stream_V_last_V_0_state      |   2|   0|    2|          0|
    |in_stream_V_strb_V_0_payload_A  |   4|   0|    4|          0|
    |in_stream_V_strb_V_0_payload_B  |   4|   0|    4|          0|
    |in_stream_V_strb_V_0_sel_rd     |   1|   0|    1|          0|
    |in_stream_V_strb_V_0_sel_wr     |   1|   0|    1|          0|
    |in_stream_V_strb_V_0_state      |   2|   0|    2|          0|
    |in_stream_V_user_V_0_payload_A  |   1|   0|    1|          0|
    |in_stream_V_user_V_0_payload_B  |   1|   0|    1|          0|
    |in_stream_V_user_V_0_sel_rd     |   1|   0|    1|          0|
    |in_stream_V_user_V_0_sel_wr     |   1|   0|    1|          0|
    |in_stream_V_user_V_0_state      |   2|   0|    2|          0|
    |loc_V_1_reg_494                 |  52|   0|   52|          0|
    |loc_V_reg_488                   |  11|   0|   11|          0|
    |op_stream_V_data_V_1_payload_A  |  32|   0|   32|          0|
    |op_stream_V_data_V_1_payload_B  |  32|   0|   32|          0|
    |op_stream_V_data_V_1_sel_rd     |   1|   0|    1|          0|
    |op_stream_V_data_V_1_sel_wr     |   1|   0|    1|          0|
    |op_stream_V_data_V_1_state      |   2|   0|    2|          0|
    |op_stream_V_dest_V_1_payload_A  |   1|   0|    1|          0|
    |op_stream_V_dest_V_1_payload_B  |   1|   0|    1|          0|
    |op_stream_V_dest_V_1_sel_rd     |   1|   0|    1|          0|
    |op_stream_V_dest_V_1_sel_wr     |   1|   0|    1|          0|
    |op_stream_V_dest_V_1_state      |   2|   0|    2|          0|
    |op_stream_V_id_V_1_payload_A    |   1|   0|    1|          0|
    |op_stream_V_id_V_1_payload_B    |   1|   0|    1|          0|
    |op_stream_V_id_V_1_sel_rd       |   1|   0|    1|          0|
    |op_stream_V_id_V_1_sel_wr       |   1|   0|    1|          0|
    |op_stream_V_id_V_1_state        |   2|   0|    2|          0|
    |op_stream_V_keep_V_1_payload_A  |   4|   0|    4|          0|
    |op_stream_V_keep_V_1_payload_B  |   4|   0|    4|          0|
    |op_stream_V_keep_V_1_sel_rd     |   1|   0|    1|          0|
    |op_stream_V_keep_V_1_sel_wr     |   1|   0|    1|          0|
    |op_stream_V_keep_V_1_state      |   2|   0|    2|          0|
    |op_stream_V_last_V_1_payload_A  |   1|   0|    1|          0|
    |op_stream_V_last_V_1_payload_B  |   1|   0|    1|          0|
    |op_stream_V_last_V_1_sel_rd     |   1|   0|    1|          0|
    |op_stream_V_last_V_1_sel_wr     |   1|   0|    1|          0|
    |op_stream_V_last_V_1_state      |   2|   0|    2|          0|
    |op_stream_V_strb_V_1_payload_A  |   4|   0|    4|          0|
    |op_stream_V_strb_V_1_payload_B  |   4|   0|    4|          0|
    |op_stream_V_strb_V_1_sel_rd     |   1|   0|    1|          0|
    |op_stream_V_strb_V_1_sel_wr     |   1|   0|    1|          0|
    |op_stream_V_strb_V_1_state      |   2|   0|    2|          0|
    |op_stream_V_user_V_1_payload_A  |   1|   0|    1|          0|
    |op_stream_V_user_V_1_payload_B  |   1|   0|    1|          0|
    |op_stream_V_user_V_1_sel_rd     |   1|   0|    1|          0|
    |op_stream_V_user_V_1_sel_wr     |   1|   0|    1|          0|
    |op_stream_V_user_V_1_state      |   2|   0|    2|          0|
    |reg_192                         |  64|   0|   64|          0|
    |reg_197                         |  64|   0|   64|          0|
    |tmp_10_reg_468                  |  64|   0|   64|          0|
    |tmp_11_reg_478                  |  64|   0|   64|          0|
    |tmp_12_reg_483                  |  64|   0|   64|          0|
    |tmp_13_reg_463                  |   8|   0|    8|          0|
    |tmp_2_reg_415                   |   1|   0|    1|          0|
    |tmp_8_reg_419                   |   1|   0|    1|          0|
    |tmp_dest_V_reg_448              |   1|   0|    1|          0|
    |tmp_id_V_reg_443                |   1|   0|    1|          0|
    |tmp_keep_V_reg_423              |   4|   0|    4|          0|
    |tmp_last_V_reg_438              |   1|   0|    1|          0|
    |tmp_strb_V_reg_428              |   4|   0|    4|          0|
    |tmp_user_V_reg_433              |   1|   0|    1|          0|
    +--------------------------------+----+----+-----+-----------+
    |Total                           | 660|   0|  660|          0|
    +--------------------------------+----+----+-----+-----------+



================================================================
== Interface
================================================================
* Summary: 
+------------------------+-----+-----+------------+--------------------+--------------+
|        RTL Ports       | Dir | Bits|  Protocol  |    Source Object   |    C Type    |
+------------------------+-----+-----+------------+--------------------+--------------+
|s_axi_CTRL_BUS_AWVALID  |  in |    1|    s_axi   |      CTRL_BUS      |    scalar    |
|s_axi_CTRL_BUS_AWREADY  | out |    1|    s_axi   |      CTRL_BUS      |    scalar    |
|s_axi_CTRL_BUS_AWADDR   |  in |    6|    s_axi   |      CTRL_BUS      |    scalar    |
|s_axi_CTRL_BUS_WVALID   |  in |    1|    s_axi   |      CTRL_BUS      |    scalar    |
|s_axi_CTRL_BUS_WREADY   | out |    1|    s_axi   |      CTRL_BUS      |    scalar    |
|s_axi_CTRL_BUS_WDATA    |  in |   32|    s_axi   |      CTRL_BUS      |    scalar    |
|s_axi_CTRL_BUS_WSTRB    |  in |    4|    s_axi   |      CTRL_BUS      |    scalar    |
|s_axi_CTRL_BUS_ARVALID  |  in |    1|    s_axi   |      CTRL_BUS      |    scalar    |
|s_axi_CTRL_BUS_ARREADY  | out |    1|    s_axi   |      CTRL_BUS      |    scalar    |
|s_axi_CTRL_BUS_ARADDR   |  in |    6|    s_axi   |      CTRL_BUS      |    scalar    |
|s_axi_CTRL_BUS_RVALID   | out |    1|    s_axi   |      CTRL_BUS      |    scalar    |
|s_axi_CTRL_BUS_RREADY   |  in |    1|    s_axi   |      CTRL_BUS      |    scalar    |
|s_axi_CTRL_BUS_RDATA    | out |   32|    s_axi   |      CTRL_BUS      |    scalar    |
|s_axi_CTRL_BUS_RRESP    | out |    2|    s_axi   |      CTRL_BUS      |    scalar    |
|s_axi_CTRL_BUS_BVALID   | out |    1|    s_axi   |      CTRL_BUS      |    scalar    |
|s_axi_CTRL_BUS_BREADY   |  in |    1|    s_axi   |      CTRL_BUS      |    scalar    |
|s_axi_CTRL_BUS_BRESP    | out |    2|    s_axi   |      CTRL_BUS      |    scalar    |
|ap_clk                  |  in |    1| ap_ctrl_hs |        cv_hw       | return value |
|ap_rst_n                |  in |    1| ap_ctrl_hs |        cv_hw       | return value |
|interrupt               | out |    1| ap_ctrl_hs |        cv_hw       | return value |
|in_stream_TDATA         |  in |   32|    axis    | in_stream_V_data_V |    pointer   |
|in_stream_TVALID        |  in |    1|    axis    | in_stream_V_dest_V |    pointer   |
|in_stream_TREADY        | out |    1|    axis    | in_stream_V_dest_V |    pointer   |
|in_stream_TDEST         |  in |    1|    axis    | in_stream_V_dest_V |    pointer   |
|in_stream_TKEEP         |  in |    4|    axis    | in_stream_V_keep_V |    pointer   |
|in_stream_TSTRB         |  in |    4|    axis    | in_stream_V_strb_V |    pointer   |
|in_stream_TUSER         |  in |    1|    axis    | in_stream_V_user_V |    pointer   |
|in_stream_TLAST         |  in |    1|    axis    | in_stream_V_last_V |    pointer   |
|in_stream_TID           |  in |    1|    axis    |  in_stream_V_id_V  |    pointer   |
|op_stream_TDATA         | out |   32|    axis    | op_stream_V_data_V |    pointer   |
|op_stream_TVALID        | out |    1|    axis    | op_stream_V_dest_V |    pointer   |
|op_stream_TREADY        |  in |    1|    axis    | op_stream_V_dest_V |    pointer   |
|op_stream_TDEST         | out |    1|    axis    | op_stream_V_dest_V |    pointer   |
|op_stream_TKEEP         | out |    4|    axis    | op_stream_V_keep_V |    pointer   |
|op_stream_TSTRB         | out |    4|    axis    | op_stream_V_strb_V |    pointer   |
|op_stream_TUSER         | out |    1|    axis    | op_stream_V_user_V |    pointer   |
|op_stream_TLAST         | out |    1|    axis    | op_stream_V_last_V |    pointer   |
|op_stream_TID           | out |    1|    axis    |  op_stream_V_id_V  |    pointer   |
+------------------------+-----+-----+------------+--------------------+--------------+

