INFO-FLOW: Workspace /home/t-1000/workspace/xilinx/hls/cv_hw/cv_hw/solution1 opened at Tue Oct 30 08:37:01 PDT 2018
Execute     config_clock -quiet -name default -period 10 -default=false 
INFO: [SYN 201-201] Setting up clock 'default' with a period of 10ns.
Execute     open_platform DefaultPlatform 
Execute     import_lib /home/t-1000/Xilinx/Vivado/2018.2/common/technology/xilinx/zynquplus/zynquplus 
Execute       source /home/t-1000/Xilinx/Vivado/2018.2/common/technology/xilinx/common/xilinx.lib 
Execute         source /home/t-1000/Xilinx/Vivado/2018.2/common/technology/xilinx/interface/xilinx_interface.lib 
Execute           source /home/t-1000/Xilinx/Vivado/2018.2/common/technology/xilinx/interface/plb46.lib 
Execute           source /home/t-1000/Xilinx/Vivado/2018.2/common/technology/xilinx/interface/fsl.lib 
Execute           source /home/t-1000/Xilinx/Vivado/2018.2/common/technology/xilinx/interface/axi4.lib 
Execute           source /home/t-1000/Xilinx/Vivado/2018.2/common/technology/xilinx/interface/maxi.lib 
Execute           source /home/t-1000/Xilinx/Vivado/2018.2/common/technology/xilinx/interface/saxilite.lib 
Execute         source /home/t-1000/Xilinx/Vivado/2018.2/common/technology/xilinx/common/dsp48.lib 
Execute         source /home/t-1000/Xilinx/Vivado/2018.2/common/technology/xilinx/ip/xfir.lib 
Execute         source /home/t-1000/Xilinx/Vivado/2018.2/common/technology/xilinx/ip/dds_compiler.lib 
Execute         source /home/t-1000/Xilinx/Vivado/2018.2/common/technology/xilinx/ip/xfft.lib 
Execute       source /home/t-1000/Xilinx/Vivado/2018.2/common/technology/xilinx/common/xilinx_old.lib 
Execute       source /home/t-1000/Xilinx/Vivado/2018.2/common/technology/xilinx/common/xilinx_vivado.lib 
Execute       source /home/t-1000/Xilinx/Vivado/2018.2/common/technology/xilinx/common/xilinx.hlp 
Execute         source /home/t-1000/Xilinx/Vivado/2018.2/common/technology/xilinx/common/target_info.tcl 
Execute         source /home/t-1000/Xilinx/Vivado/2018.2/common/technology/xilinx/interface/xilinx_interface.hlp 
Execute           source /home/t-1000/Xilinx/Vivado/2018.2/common/technology/xilinx/interface/maxi.hlp 
Execute           source /home/t-1000/Xilinx/Vivado/2018.2/common/technology/xilinx/interface/saxilite.hlp 
Execute         source /home/t-1000/Xilinx/Vivado/2018.2/common/technology/xilinx/common/dsp48.hlp 
Execute       source /home/t-1000/Xilinx/Vivado/2018.2/common/technology/xilinx/zynquplus/dsp48e2.hlp 
Execute       get_default_platform 
Execute       config_chip_info -quiet -resource  {SLICE 34260} {LUT 274080}   {FF 548160}  {DSP48E 2520}  {BRAM 1824} {URAM 0}  
Execute       config_chip_info -quiet -speed medium 
Execute       source /home/t-1000/Xilinx/Vivado/2018.2/common/technology/xilinx/common/xilinx.hlp 
Execute         source /home/t-1000/Xilinx/Vivado/2018.2/common/technology/xilinx/common/target_info.tcl 
Execute         source /home/t-1000/Xilinx/Vivado/2018.2/common/technology/xilinx/interface/xilinx_interface.hlp 
Execute           source /home/t-1000/Xilinx/Vivado/2018.2/common/technology/xilinx/interface/maxi.hlp 
Execute           source /home/t-1000/Xilinx/Vivado/2018.2/common/technology/xilinx/interface/saxilite.hlp 
Execute         source /home/t-1000/Xilinx/Vivado/2018.2/common/technology/xilinx/common/dsp48.hlp 
Execute     source /home/t-1000/Xilinx/Vivado/2018.2/common/technology/xilinx/zynquplus/zynquplus.gen 
Execute       source /home/t-1000/Xilinx/Vivado/2018.2/common/technology/xilinx/common/virtex.gen 
Execute         source /home/t-1000/Xilinx/Vivado/2018.2/common/technology/xilinx/common/xilinx.gen 
Execute           source /home/t-1000/Xilinx/Vivado/2018.2/common/technology/xilinx/interface/plb46.gen 
Execute           source /home/t-1000/Xilinx/Vivado/2018.2/common/technology/xilinx/interface/fsl.gen 
Execute           source /home/t-1000/Xilinx/Vivado/2018.2/common/technology/xilinx/interface/axi4.gen 
Execute           source /home/t-1000/Xilinx/Vivado/2018.2/common/technology/xilinx/interface/nativeAXI4.gen 
Execute             source /home/t-1000/Xilinx/Vivado/2018.2/common/technology/xilinx/interface/saxilite.gen 
Execute             source /home/t-1000/Xilinx/Vivado/2018.2/common/technology/xilinx/interface/maxi.gen 
Execute           source /home/t-1000/Xilinx/Vivado/2018.2/common/technology/xilinx/scripts/xilinxcoregen.gen 
Execute           source /home/t-1000/Xilinx/Vivado/2018.2/common/technology/xilinx/interface/XilEDKCoreGen.gen 
Execute           source /home/t-1000/Xilinx/Vivado/2018.2/common/technology/xilinx/ip/dds_compiler.gen 
Execute           source /home/t-1000/Xilinx/Vivado/2018.2/common/technology/xilinx/ip/util.gen 
Execute           source /home/t-1000/Xilinx/Vivado/2018.2/common/technology/xilinx/ip/xfft.gen 
Execute           source /home/t-1000/Xilinx/Vivado/2018.2/common/technology/xilinx/ip/xfir.gen 
Command         ap_source done; 0.11 sec.
Execute         source /home/t-1000/Xilinx/Vivado/2018.2/common/technology/xilinx/common/dsp48.gen 
Command       ap_source done; 0.11 sec.
Command     ap_source done; 0.11 sec.
Execute     open_platform DefaultPlatform 
Execute     import_lib /home/t-1000/Xilinx/Vivado/2018.2/common/technology/xilinx/zynquplus/zynquplus_fpv7 
Execute       source /home/t-1000/Xilinx/Vivado/2018.2/common/technology/xilinx/common/xilinx_fpv7.lib 
Execute         source /home/t-1000/Xilinx/Vivado/2018.2/common/technology/xilinx/common/xilinx_hp.lib 
Execute       source /home/t-1000/Xilinx/Vivado/2018.2/common/technology/xilinx/common/xilinx_fpv.hlp 
Execute         source /home/t-1000/Xilinx/Vivado/2018.2/common/technology/xilinx/common/xilinx.hlp 
Execute           source /home/t-1000/Xilinx/Vivado/2018.2/common/technology/xilinx/common/target_info.tcl 
Execute           source /home/t-1000/Xilinx/Vivado/2018.2/common/technology/xilinx/interface/xilinx_interface.hlp 
Execute             source /home/t-1000/Xilinx/Vivado/2018.2/common/technology/xilinx/interface/maxi.hlp 
Execute             source /home/t-1000/Xilinx/Vivado/2018.2/common/technology/xilinx/interface/saxilite.hlp 
Execute           source /home/t-1000/Xilinx/Vivado/2018.2/common/technology/xilinx/common/dsp48.hlp 
Execute       source /home/t-1000/Xilinx/Vivado/2018.2/common/technology/xilinx/zynquplus/zynquplus_hp.hlp 
Execute     source /home/t-1000/Xilinx/Vivado/2018.2/common/technology/xilinx/zynquplus/zynquplus_fpv7.gen 
Execute       source /home/t-1000/Xilinx/Vivado/2018.2/common/technology/xilinx/common/xilinx_fpv6.gen 
Execute     set_part xczu3eg-sbva484-1-e 
Execute       add_library xilinx/zynquplus/zynquplus:xczu3eg:-sbva484:-1-e 
Execute         get_default_platform 
Execute         license_isbetapart xczu3eg 
Command         license_isbetapart done; error code: 1; 
Execute         get_default_platform 
Execute         config_chip_info -quiet -resource  {SLICE 8820}  {LUT 70560}    {FF 141120}  {DSP48E 360}   {BRAM 432}  {URAM 0}  
Execute         config_chip_info -quiet -speed slow 
Execute       add_library xilinx/zynquplus/zynquplus_fpv7 
Execute         get_default_platform 
INFO: [HLS 200-10] Setting target device to 'xczu3eg-sbva484-1-e'
Execute       get_default_platform 
Execute     get_default_platform 
Execute     config_chip_info -quiet -resource  {SLICE 8820}  {LUT 70560}    {FF 141120}  {DSP48E 360}   {BRAM 432}  {URAM 0}  
Execute     config_chip_info -quiet -speed slow 
Command   open_solution done; 0.21 sec.
Execute   set_part xczu3eg-sbva484-1-e 
Execute     add_library xilinx/zynquplus/zynquplus:xczu3eg:-sbva484:-1-e 
Execute       get_default_platform 
Execute       license_isbetapart xczu3eg 
Command       license_isbetapart done; error code: 1; 
Execute       get_default_platform 
Execute       config_chip_info -quiet -resource  {SLICE 8820}  {LUT 70560}    {FF 141120}  {DSP48E 360}   {BRAM 432}  {URAM 0}  
Execute       config_chip_info -quiet -speed slow 
Execute     add_library xilinx/zynquplus/zynquplus_fpv7 
Execute       get_default_platform 
Execute     get_default_platform 
Execute   create_clock -period 10 -name default 
Execute     config_clock -quiet -name default -period 10 -default=false 
INFO: [SYN 201-201] Setting up clock 'default' with a period of 10ns.
Execute   csynth_design 
Execute     get_config_compile -effort 
Execute     get_config_compile -enable_clang39 
Execute     get_config_compile -g 
Execute     get_config_compile -lm 
Execute     get_config_compile -ng 
Execute     get_config_compile -opt_fp 
Execute     get_config_compile -skip_cdt 
Execute     get_config_compile -skip_syncheck 
Execute     get_config_compile -skip_transform 
Execute     get_config_compile -keep_printf 
Execute     elaborate -effort=medium -skip_syncheck=0 -keep_printf=0 -lm=0 -skip_cdt=0 -skip_transform=0 -ng=0 -g=0 -opt_fp=0 -from_csynth_design=1 
Execute       get_config_schedule -relax_ii_for_timing 
Execute       get_config_schedule -suppress_dependence_error_break 
INFO: [HLS 200-10] Analyzing design file 'cv_hw.cpp' ... 
INFO-FLOW: Compiling one TU...
Execute       is_m_axi_addr64 
INFO-FLOW: Handling cv_hw.cpp as C++
Execute       get_default_platform 
Execute       is_encrypted cv_hw.cpp 
Execute       get_default_platform 
INFO-FLOW: Source preprocessing
Execute       clang  -fno-limit-debug-info -gcc-toolchain "/home/t-1000/Xilinx/Vivado/2018.2/lnx64/tools/gcc" -hls  -fno-exceptions  -D__llvm__  -E "cv_hw.cpp"     -fno-math-errno -c -emit-llvm -O0  -mllvm -disable-llvm-optzns -fno-threadsafe-statics  -fno-use-cxa-atexit  -fno-threadsafe-statics -fno-use-cxa-atexit -D__CLANG_3_1__ -DAESL_SYN -D__SYNTHESIS__ -D__HLS_SYN__ -I "/home/t-1000/Xilinx/Vivado/2018.2/common/technology/autopilot" -I "/home/t-1000/Xilinx/Vivado/2018.2/common/technology/autopilot/ap_sysc" -include etc/autopilot_ssdm_op.h -D__DSP48E2__  -o "/home/t-1000/workspace/xilinx/hls/cv_hw/cv_hw/solution1/.autopilot/db/cv_hw.pp.0.cpp" 
INFO-FLOW: exec /home/t-1000/Xilinx/Vivado/2018.2/lnx64/tools/clang/bin/clang -fno-limit-debug-info -gcc-toolchain /home/t-1000/Xilinx/Vivado/2018.2/lnx64/tools/gcc -hls -fno-exceptions -D__llvm__ -E cv_hw.cpp -fno-math-errno -c -emit-llvm -O0 -mllvm -disable-llvm-optzns -fno-threadsafe-statics -fno-use-cxa-atexit -fno-threadsafe-statics -fno-use-cxa-atexit -D__CLANG_3_1__ -DAESL_SYN -D__SYNTHESIS__ -D__HLS_SYN__ -I /home/t-1000/Xilinx/Vivado/2018.2/common/technology/autopilot -I /home/t-1000/Xilinx/Vivado/2018.2/common/technology/autopilot/ap_sysc -include etc/autopilot_ssdm_op.h -D__DSP48E2__ -o /home/t-1000/workspace/xilinx/hls/cv_hw/cv_hw/solution1/.autopilot/db/cv_hw.pp.0.cpp
Command       clang done; 1.43 sec.
INFO-FLOW: Syntax Checking before pre-processing...
Execute       clang  -fno-limit-debug-info -gcc-toolchain "/home/t-1000/Xilinx/Vivado/2018.2/lnx64/tools/gcc" -hls    -fno-math-errno -c -emit-llvm -O0  -mllvm -disable-llvm-optzns -fno-threadsafe-statics  -fno-use-cxa-atexit  -fno-threadsafe-statics -fno-use-cxa-atexit -D__CLANG_3_1__ -DAESL_SYN -D__SYNTHESIS__ -D__HLS_SYN__ -I "/home/t-1000/Xilinx/Vivado/2018.2/common/technology/autopilot" -I "/home/t-1000/Xilinx/Vivado/2018.2/common/technology/autopilot/ap_sysc" -include etc/autopilot_ssdm_op.h -D__DSP48E2__  "/home/t-1000/workspace/xilinx/hls/cv_hw/cv_hw/solution1/.autopilot/db/cv_hw.pp.0.cpp"  -o "/home/t-1000/workspace/xilinx/hls/cv_hw/cv_hw/solution1/.autopilot/db/useless.bc"  
INFO-FLOW: exec /home/t-1000/Xilinx/Vivado/2018.2/lnx64/tools/clang/bin/clang -fno-limit-debug-info -gcc-toolchain /home/t-1000/Xilinx/Vivado/2018.2/lnx64/tools/gcc -hls -fno-math-errno -c -emit-llvm -O0 -mllvm -disable-llvm-optzns -fno-threadsafe-statics -fno-use-cxa-atexit -fno-threadsafe-statics -fno-use-cxa-atexit -D__CLANG_3_1__ -DAESL_SYN -D__SYNTHESIS__ -D__HLS_SYN__ -I /home/t-1000/Xilinx/Vivado/2018.2/common/technology/autopilot -I /home/t-1000/Xilinx/Vivado/2018.2/common/technology/autopilot/ap_sysc -include etc/autopilot_ssdm_op.h -D__DSP48E2__ /home/t-1000/workspace/xilinx/hls/cv_hw/cv_hw/solution1/.autopilot/db/cv_hw.pp.0.cpp -o /home/t-1000/workspace/xilinx/hls/cv_hw/cv_hw/solution1/.autopilot/db/useless.bc
Command       clang done; 3.47 sec.
INFO-FLOW: GCC PP time: 4 seconds per iteration
Execute       list_core -type functional_unit 
Execute       tidy_31 xilinx-systemc-detector /home/t-1000/workspace/xilinx/hls/cv_hw/cv_hw/solution1/.autopilot/db/cv_hw.pp.0.cpp std=gnu++98 -directive=/home/t-1000/workspace/xilinx/hls/cv_hw/cv_hw/solution1/.autopilot/db/.systemc_flag 
INFO-FLOW: exec /home/t-1000/Xilinx/Vivado/2018.2/lnx64/tools/clang-3.9-csynth/bin/tidy-3.1 -header-filter=.* --checks=-*,xilinx-systemc-detector -import-directive=/home/t-1000/workspace/xilinx/hls/cv_hw/cv_hw/solution1/.autopilot/db/.systemc_flag -quiet -fix-errors /home/t-1000/workspace/xilinx/hls/cv_hw/cv_hw/solution1/.autopilot/db/cv_hw.pp.0.cpp -- -std=gnu++98 -fhls -ferror-limit=0
Command       tidy_31 done; 3.77 sec.
INFO-FLOW: CDT Preprocessing with tidy-3.1...
Execute       tidy_31 xilinx-directive2pragma /home/t-1000/workspace/xilinx/hls/cv_hw/cv_hw/solution1/.autopilot/db/cv_hw.pp.0.cpp std=gnu++98 -directive=/home/t-1000/workspace/xilinx/hls/cv_hw/cv_hw/solution1/solution1.json 
INFO-FLOW: exec /home/t-1000/Xilinx/Vivado/2018.2/lnx64/tools/clang-3.9-csynth/bin/tidy-3.1 -header-filter=.* --checks=-*,xilinx-directive2pragma -import-directive=/home/t-1000/workspace/xilinx/hls/cv_hw/cv_hw/solution1/solution1.json -quiet -fix-errors /home/t-1000/workspace/xilinx/hls/cv_hw/cv_hw/solution1/.autopilot/db/cv_hw.pp.0.cpp -- -std=gnu++98 -fhls -ferror-limit=0
Command       tidy_31 done; 3.73 sec.
Execute       get_config_dataflow -strict_mode 
Execute       ap_eval exec -ignorestderr /home/t-1000/Xilinx/Vivado/2018.2/lnx64/tools/clang-3.9-csynth/bin/xilinx-dataflow-lawyer -export-fixes=/home/t-1000/workspace/xilinx/hls/cv_hw/cv_hw/solution1/.autopilot/db/xilinx-dataflow-lawyer.cv_hw.pp.0.cpp.diag.yml /home/t-1000/workspace/xilinx/hls/cv_hw/cv_hw/solution1/.autopilot/db/cv_hw.pp.0.cpp -- -std=gnu++98 -fhls -ferror-limit=0 -fstrict-dataflow > /home/t-1000/workspace/xilinx/hls/cv_hw/cv_hw/solution1/.autopilot/db/xilinx-dataflow-lawyer.cv_hw.pp.0.cpp.out.log 2> /home/t-1000/workspace/xilinx/hls/cv_hw/cv_hw/solution1/.autopilot/db/xilinx-dataflow-lawyer.cv_hw.pp.0.cpp.err.log 
Command       ap_eval done; 2.77 sec.
Execute       tidy_31 -errorcheck xilinx-constantarray-param,xilinx-resource-pragma-transformer /home/t-1000/workspace/xilinx/hls/cv_hw/cv_hw/solution1/.autopilot/db/cv_hw.pp.0.cpp std=gnu++98 
INFO-FLOW: exec /home/t-1000/Xilinx/Vivado/2018.2/lnx64/tools/clang-3.9-csynth/bin/tidy-3.1 -header-filter=.* --checks=-*,xilinx-constantarray-param,xilinx-resource-pragma-transformer -quiet -fix-errors /home/t-1000/workspace/xilinx/hls/cv_hw/cv_hw/solution1/.autopilot/db/cv_hw.pp.0.cpp -- -std=gnu++98 -fhls -ferror-limit=0
INFO-FLOW: exec /home/t-1000/Xilinx/Vivado/2018.2/lnx64/tools/clang-3.9-csynth/bin/xilinx-legacy-rewriter /home/t-1000/workspace/xilinx/hls/cv_hw/cv_hw/solution1/.autopilot/db/cv_hw.pp.0.cpp -- -std=gnu++98 -fhls -ferror-limit=0
Command       tidy_31 done; 9.75 sec.
INFO-FLOW: tidy-3.1 time 16 seconds per iteration
INFO-FLOW: Pragma Handling...
Execute       tidy_31 xilinx-ssdm-intrinsics-arguments /home/t-1000/workspace/xilinx/hls/cv_hw/cv_hw/solution1/.autopilot/db/cv_hw.pragma.1.cpp std=gnu++98 
INFO-FLOW: exec /home/t-1000/Xilinx/Vivado/2018.2/lnx64/tools/clang-3.9-csynth/bin/tidy-3.1 -header-filter=.* --checks=-*,xilinx-ssdm-intrinsics-arguments -quiet -fix-errors /home/t-1000/workspace/xilinx/hls/cv_hw/cv_hw/solution1/.autopilot/db/cv_hw.pragma.1.cpp -- -std=gnu++98 -fhls -ferror-limit=0
Command       tidy_31 done; 5.91 sec.
INFO-FLOW: Source preprocessing
Execute       clang  -fno-limit-debug-info -gcc-toolchain "/home/t-1000/Xilinx/Vivado/2018.2/lnx64/tools/gcc" -hls  -fno-exceptions  -D__llvm__  -E "/home/t-1000/workspace/xilinx/hls/cv_hw/cv_hw/solution1/.autopilot/db/cv_hw.pragma.1.cpp"     -fno-math-errno -c -emit-llvm -O0  -mllvm -disable-llvm-optzns -fno-threadsafe-statics  -fno-use-cxa-atexit  -fno-threadsafe-statics -fno-use-cxa-atexit -D__CLANG_3_1__ -DAESL_SYN -D__SYNTHESIS__ -D__HLS_SYN__ -I "/home/t-1000/Xilinx/Vivado/2018.2/common/technology/autopilot" -I "/home/t-1000/Xilinx/Vivado/2018.2/common/technology/autopilot/ap_sysc" -include etc/autopilot_ssdm_op.h -D__DSP48E2__  -o "/home/t-1000/workspace/xilinx/hls/cv_hw/cv_hw/solution1/.autopilot/db/cv_hw.pragma.2.cpp" 
INFO-FLOW: exec /home/t-1000/Xilinx/Vivado/2018.2/lnx64/tools/clang/bin/clang -fno-limit-debug-info -gcc-toolchain /home/t-1000/Xilinx/Vivado/2018.2/lnx64/tools/gcc -hls -fno-exceptions -D__llvm__ -E /home/t-1000/workspace/xilinx/hls/cv_hw/cv_hw/solution1/.autopilot/db/cv_hw.pragma.1.cpp -fno-math-errno -c -emit-llvm -O0 -mllvm -disable-llvm-optzns -fno-threadsafe-statics -fno-use-cxa-atexit -fno-threadsafe-statics -fno-use-cxa-atexit -D__CLANG_3_1__ -DAESL_SYN -D__SYNTHESIS__ -D__HLS_SYN__ -I /home/t-1000/Xilinx/Vivado/2018.2/common/technology/autopilot -I /home/t-1000/Xilinx/Vivado/2018.2/common/technology/autopilot/ap_sysc -include etc/autopilot_ssdm_op.h -D__DSP48E2__ -o /home/t-1000/workspace/xilinx/hls/cv_hw/cv_hw/solution1/.autopilot/db/cv_hw.pragma.2.cpp
Command       clang done; 1.47 sec.
Execute       get_default_platform 
INFO-FLOW: Processing labels
Execute       clang -src /home/t-1000/workspace/xilinx/hls/cv_hw/cv_hw/solution1/.autopilot/db/cv_hw.pragma.2.cpp  -fno-limit-debug-info -gcc-toolchain /home/t-1000/Xilinx/Vivado/2018.2/lnx64/tools/gcc -hls -hls-analyze-label -hls-analyze-pragma -fno-exceptions  -D__llvm__  -w  "/home/t-1000/workspace/xilinx/hls/cv_hw/cv_hw/solution1/.autopilot/db/cv_hw.pragma.2.cpp"    -fno-math-errno -c -emit-llvm -O0  -mllvm -disable-llvm-optzns -fno-threadsafe-statics  -fno-use-cxa-atexit -DAESL_SYN -D__SYNTHESIS__ -D__HLS_SYN__ -I "/home/t-1000/Xilinx/Vivado/2018.2/common/technology/autopilot" -I "/home/t-1000/Xilinx/Vivado/2018.2/common/technology/autopilot/ap_sysc" -include etc/autopilot_ssdm_op.h -D__DSP48E2__ -g -o "/home/t-1000/workspace/xilinx/hls/cv_hw/cv_hw/solution1/.autopilot/db/cv_hw.bc" 
INFO-FLOW: exec /home/t-1000/Xilinx/Vivado/2018.2/lnx64/tools/clang/bin/clang -fno-limit-debug-info -gcc-toolchain /home/t-1000/Xilinx/Vivado/2018.2/lnx64/tools/gcc -hls -hls-analyze-label -hls-analyze-pragma -fno-exceptions -D__llvm__ -w /home/t-1000/workspace/xilinx/hls/cv_hw/cv_hw/solution1/.autopilot/db/cv_hw.pragma.2.cpp -fno-math-errno -c -emit-llvm -O0 -mllvm -disable-llvm-optzns -fno-threadsafe-statics -fno-use-cxa-atexit -DAESL_SYN -D__SYNTHESIS__ -D__HLS_SYN__ -I /home/t-1000/Xilinx/Vivado/2018.2/common/technology/autopilot -I /home/t-1000/Xilinx/Vivado/2018.2/common/technology/autopilot/ap_sysc -include etc/autopilot_ssdm_op.h -D__DSP48E2__ -g -o /home/t-1000/workspace/xilinx/hls/cv_hw/cv_hw/solution1/.autopilot/db/cv_hw.bc
Command       clang done; 3.56 sec.
INFO-FLOW: Linking Debug ...
Execute       llvm-ld /home/t-1000/workspace/xilinx/hls/cv_hw/cv_hw/solution1/.autopilot/db/cv_hw.g.bc -hls-opt -except-internalize cv_hw -L/home/t-1000/Xilinx/Vivado/2018.2/lnx64/lib -lhlsm -lhlsmc++ -o /home/t-1000/workspace/xilinx/hls/cv_hw/cv_hw/solution1/.autopilot/db/a.g 
Command       llvm-ld done; 0.87 sec.
INFO: [HLS 200-111] Finished Linking Time (s): cpu = 00:00:36 ; elapsed = 00:00:38 . Memory (MB): peak = 365.930 ; gain = 0.234 ; free physical = 19874 ; free virtual = 59433
INFO: [HLS 200-111] Finished Checking Pragmas Time (s): cpu = 00:00:36 ; elapsed = 00:00:38 . Memory (MB): peak = 365.930 ; gain = 0.234 ; free physical = 19874 ; free virtual = 59433
Execute       ::config_rtl 
Execute       opt_and_import_c a -opt_level=2 -skip_syncheck=0 -ng=0 -keep_printf=0 
Execute         cleanup_all_models 
INFO: [HLS 200-10] Starting code transformations ...
Execute         transform -promote-dbg-pointer /home/t-1000/workspace/xilinx/hls/cv_hw/cv_hw/solution1/.autopilot/db/a.pp.bc -o /home/t-1000/workspace/xilinx/hls/cv_hw/cv_hw/solution1/.autopilot/db/a.pp.0.bc -f 
Command         transform done; 0.14 sec.
Execute         llvm-ld /home/t-1000/workspace/xilinx/hls/cv_hw/cv_hw/solution1/.autopilot/db/a.pp.0.bc -disable-opt -L/home/t-1000/Xilinx/Vivado/2018.2/lnx64/lib -lfloatconversion -o /home/t-1000/workspace/xilinx/hls/cv_hw/cv_hw/solution1/.autopilot/db/a.g.0 
Command         llvm-ld done; 1.38 sec.
INFO-FLOW: Running Standard Transforms...
Execute         transform -hls -share-std-xform -demangle-name -inline-byval-memcpy -always-inline -promote-dbg-pointer -interface-preproc -scalarrepl -mem2reg -keep-read-access -instcombine -dce -promote-dbg-pointer -bitop-raise -loop-simplify -indvarspre -indvars -loop-simplify -xunroll -constprop -instcombine -simplifycfg -indvars -simplifycfg -dce -globaldce -basicaa -simplifycfg -mem2reg -globalopt -global-constprop -deadargelim -instcombine -simplifycfg -prune-eh -simplifycfg -scalarrepl -instcombine -reassociate -licm -simplifycfg -loop-simplify -indvars -instcombine -simplifycfg -mem2reg -loop-simplify -indvars -instcombine -gvn -gvn -instcombine -adce -break-crit-edges -simplifycfg -loop-delete -global-array-opt -dce -dse -adce -find-syn-modules -top cv_hw -deadargelim -mem2reg -instcombine -dce -presyn-prepare -auto-rom-infer -interface-preproc -syn-check -check-rec-only -find-region -simplifycfg -func-extr -function-inline -globaldce -mem2reg -instcombine -dce -gvn -globaldce -adce -adse -constprop -instcombine -bit-constprop -instcombine -dce -simplifycfg -bitop-raise -simplifycfg -dce -loop-delete -reassociate -globalopt -global-privatize -mem2reg -dce -global-constprop -pointer-simplify -constprop -dce -func-inst -deadargelim -auto-shift-reg-idiom -promote-dbg-pointer -norm-name /home/t-1000/workspace/xilinx/hls/cv_hw/cv_hw/solution1/.autopilot/db/a.g.0.bc -o /home/t-1000/workspace/xilinx/hls/cv_hw/cv_hw/solution1/.autopilot/db/a.g.1.bc -f -phase std-opt 
INFO: [XFORM 203-603] Inlining function 'ap_fixed_base<137, 84, false, (ap_q_mode)5, (ap_o_mode)3, 0>::operator<<' into 'generic_cast_IEEE754<unsigned int, (ap_q_mode)6, double>' (/wrk/2018.2/continuous/2018_06_14_2258646/src/products/hls/hls_lib/hlsmath/include/FloatingPoint/hls_case_IEEE754.h:61).
INFO: [XFORM 203-603] Inlining function 'ap_fixed_base<1, 33, false, (ap_q_mode)5, (ap_o_mode)0, 0>::overflow_adjust' into 'ap_fixed_base<1, 33, false, (ap_q_mode)5, (ap_o_mode)0, 0>::ap_fixed_base<137, 84, false, (ap_q_mode)5, (ap_o_mode)3, 0>' ().
Command         transform done; 0.78 sec.
INFO: [HLS 200-111] Finished Standard Transforms Time (s): cpu = 00:00:38 ; elapsed = 00:00:40 . Memory (MB): peak = 497.367 ; gain = 131.672 ; free physical = 19800 ; free virtual = 59370
INFO: [HLS 200-10] Checking synthesizability ...
INFO-FLOW: Checking Synthesizability 1/2..
Execute         transform -hls -syn-check -check-rec-only -disaggr -scalarrepl -norm-name -dce -mem2reg -instcombine -function-uniquify -directive-preproc -mem2reg -dse -dce -auto-rom-infer -dce -array-normalize -instcombine -dce -warn-fifo-pointer -array-seg-normalize -instcombine -dce -array-flatten -instcombine -dce -array-burst -dce -deadargelim -promote-global-argument -simplifycfg -mem2reg -globaldce -resolve-double-ptr -dce -deadargelim -dce -instcombine -function-inline -globaldce -dce -doublePtrSimplify -doublePtrElim -dce -doublePtrSimplify -promote-dbg-pointer -dce -scalarrepl -dse -adse -instcombine -ptrLegalization -simplifycfg -dce -instcombine -pointer-simplify -ptrArgReplace -dce -instcombine -disaggr -scalarrepl -norm-name -dce -mem2reg -instcombine -ptrLegalization -simplifycfg -deadargelim -instcombine -dce -inst-simplify -function-uniquify -directive-preproc -mem2reg -dse -dce -globaldce /home/t-1000/workspace/xilinx/hls/cv_hw/cv_hw/solution1/.autopilot/db/a.g.1.bc -o /home/t-1000/workspace/xilinx/hls/cv_hw/cv_hw/solution1/.autopilot/db/a.g.2.prechk.bc -f 
INFO: [XFORM 203-602] Inlining function 'fp_struct<double>::mantissa' into 'generic_cast_IEEE754<unsigned int, (ap_q_mode)6, double>' (/wrk/2018.2/continuous/2018_06_14_2258646/src/products/hls/hls_lib/hlsmath/include/FloatingPoint/hls_case_IEEE754.h:58) automatically.
INFO: [XFORM 203-602] Inlining function 'fp_struct<double>::expv' into 'generic_cast_IEEE754<unsigned int, (ap_q_mode)6, double>' (/wrk/2018.2/continuous/2018_06_14_2258646/src/products/hls/hls_lib/hlsmath/include/FloatingPoint/hls_case_IEEE754.h:61) automatically.
INFO: [XFORM 203-602] Inlining function 'fp_struct<double>::__signbit' into 'generic_cast_IEEE754<unsigned int, (ap_q_mode)6, double>' (/wrk/2018.2/continuous/2018_06_14_2258646/src/products/hls/hls_lib/hlsmath/include/FloatingPoint/hls_case_IEEE754.h:81) automatically.
INFO: [XFORM 203-602] Inlining function 'generic_cast_IEEE754<unsigned int, (ap_q_mode)6, double>' into 'generic_cast_IEEE754<unsigned int, double>' (/wrk/2018.2/continuous/2018_06_14_2258646/src/products/hls/hls_lib/hlsmath/include/FloatingPoint/hls_case_IEEE754.h:98) automatically.
INFO: [XFORM 203-602] Inlining function 'generic_cast_IEEE754<unsigned int, double>' into '__hls_fptoui_double_i32' (/wrk/2018.2/continuous/2018_06_14_2258646/src/products/hls/hls_lib/hlsmath/src/lib_floatconversion.cpp:68) automatically.
INFO: [XFORM 203-602] Inlining function '__hls_fptoui_double_i32' into 'cv_hw' (cv_hw.cpp:20) automatically.
Command         transform done; 0.25 sec.
INFO-FLOW: Checking Synthesizability 2/2..
Execute         transform -syn-check /home/t-1000/workspace/xilinx/hls/cv_hw/cv_hw/solution1/.autopilot/db/a.g.2.prechk.bc -o /home/t-1000/workspace/xilinx/hls/cv_hw/cv_hw/solution1/.autopilot/db/a.g.2.bc -f -phase syn-check 
Command         transform done; 0.13 sec.
INFO: [HLS 200-111] Finished Checking Synthesizability Time (s): cpu = 00:00:39 ; elapsed = 00:00:40 . Memory (MB): peak = 559.238 ; gain = 193.543 ; free physical = 19767 ; free virtual = 59341
INFO-FLOW: Compiler optimizing ...
INFO-FLOW: Share syncheck's 1.bc for syn flow: copy /home/t-1000/workspace/xilinx/hls/cv_hw/cv_hw/solution1/.autopilot/db/a.g.1.bc to /home/t-1000/workspace/xilinx/hls/cv_hw/cv_hw/solution1/.autopilot/db/a.o.1.bc
INFO-FLOW: Presyn 1...
Execute         transform -hls -tmp /home/t-1000/workspace/xilinx/hls/cv_hw/cv_hw/solution1/.autopilot/db -interface-port-rename -type-info -function-uniquify -directive-preproc -mem2reg -dse -dce -disaggr -scalarrepl -norm-name -deadargelim -mem2reg -instcombine -dce -simplifycfg -auto-rom-infer -dce -function-uniquify -resource-proc -simplifycfg -mem2reg -globaldce -resolve-double-ptr -dce -deadargelim -dce -instcombine -clib-intrinsic-prepare -dce -func-buffer -dce -array-normalize -func-legal -instcombine -gvn -constprop -dce -ptrArgReplace -mem2reg -instcombine -dce -array-seg-normalize -deadargelim -instcombine -dce -pointer-simplify -dce -port-alignment -dce -interface-preproc -data-pack -instcombine -dce -basicaa -aggr-aa -aggrmodref-aa -aggr-aa -gvn -gvn -basicaa -aggr-aa -aggrmodref-aa -aggr-aa -dse -adse -adce -loop-simplify -indvars -instcombine -gvn -loop-simplify -mem2reg -dce -find-region -instcombine -auto-loop-pipeline -inst-simplify -interface-preproc -cfgopt -instcombine -indvars -auto-loop-unroll -loop-simplify -loop-bound -xunroll -constprop -instcombine -simplifycfg -indvars -simplifycfg -dce -globaldce -clean-region -attach-range -gvn -inst-simplify -constprop -simplifycfg -dce -pointer-simplify -dce -globalopt -constprop -dce -array-promote -constprop -instcombine -dce -ptrArgReplace -mem2reg -instcombine -simplifycfg -dce -auto-par -instcombine -dce -array-transform-check -array-reshape -instcombine -simplifycfg -dce -ptrArgReplace -deadargelim -mem2reg -instcombine -simplifycfg -dce -indvars -loop-simplify -loop-bound -xunroll -constprop -instcombine -simplifycfg -indvars -simplifycfg -dce -globaldce -duplicate-dataflow-processes -globaldce -instcombine -array-partition -instcombine -simplifycfg -dce -ptrArgReplace -global-constprop -deadargelim -mem2reg -func-legal -instcombine -dce -global-constprop -deadargelim -mem2reg -instcombine -simplifycfg -dce -merge-param -deadargelim -globalopt -constprop -dce -array-promote -constprop -instcombine -dce -ptrArgReplace -mem2reg -instcombine -simplifycfg -dce -mem-intrinsic-preproc -dce -global-internalize -global-privatize -mem2reg -globaldce -promote-global-argument -ptrArgReplace -mem2reg -instcombine -dce -globalopt -mergereturn -simplify-global-access -mem2reg -dce -pointer-simplify -dce -functionattrs -basicaa -aggr-aa -aggrmodref-aa -aggr-aa -gvn -gvn -basicaa -aggr-aa -aggrmodref-aa -aggr-aa -dse -adse -adce -inst-simplify -dce -norm-name -function-inline -globaldce -func-inst -constprop -instcombine -simplifycfg -dce -func-legal -dce -loop-bound -arraycheck -bitwidthmin -on-by-dataflow -loop-delete -instcombine -simplifycfg -globaldce -dce -gvn -deadargelim -dce -loop-simplify -clean-region -simplifycfg -propagate-stable-arguments -loop-stream -instcombine -simplifycfg -dce -globaldce -duplicate-dataflow-processes -stream-intrinsic-preproc -dce -check-ap-stream -loop-simplify -eliminate-keepreads -extract-dataflow-in-loop -loop-simplify -dce -gvn -deadargelim -dse -check-dataflow-syntax -legalize-stream-variable -legalize-global -extract-subproc -dce -dead-channel-elimination -canonicalize-gep -globaldce -dce -gvn -deadargelim -annotate-dataflow-channels -scalar-propagation -deadargelim -globaldce -mem2reg -check-dataflow-channels -function-stream -dce -globaldce -prop-fifo-spec -internal-stream-gen -canonicalize-gep -globaldce -dce -gvn -deadargelim -mergereturn -indvars -loop-simplify -instcombine -array-stream -array-seg-normalize -array-partition -func-legal -instcombine -simplifycfg -dce -bundle-memfifo-ops -deadargelim -function-uniquify -directive-preproc -mem2reg -dse -dce -group-axi-access -licm -simplifycfg -dce -loop-delete -norm-name /home/t-1000/workspace/xilinx/hls/cv_hw/cv_hw/solution1/.autopilot/db/a.o.1.bc -o /home/t-1000/workspace/xilinx/hls/cv_hw/cv_hw/solution1/.autopilot/db/a.o.1.tmp.bc -f 
INFO: [XFORM 203-602] Inlining function 'fp_struct<double>::mantissa' into 'generic_cast_IEEE754<unsigned int, (ap_q_mode)6, double>' (/wrk/2018.2/continuous/2018_06_14_2258646/src/products/hls/hls_lib/hlsmath/include/FloatingPoint/hls_case_IEEE754.h:58) automatically.
INFO: [XFORM 203-602] Inlining function 'fp_struct<double>::expv' into 'generic_cast_IEEE754<unsigned int, (ap_q_mode)6, double>' (/wrk/2018.2/continuous/2018_06_14_2258646/src/products/hls/hls_lib/hlsmath/include/FloatingPoint/hls_case_IEEE754.h:61) automatically.
INFO: [XFORM 203-602] Inlining function 'generic_cast_IEEE754<unsigned int, (ap_q_mode)6, double>' into 'generic_cast_IEEE754<unsigned int, double>' (/wrk/2018.2/continuous/2018_06_14_2258646/src/products/hls/hls_lib/hlsmath/include/FloatingPoint/hls_case_IEEE754.h:98) automatically.
INFO: [XFORM 203-602] Inlining function 'generic_cast_IEEE754<unsigned int, double>' into '__hls_fptoui_double_i32' (/wrk/2018.2/continuous/2018_06_14_2258646/src/products/hls/hls_lib/hlsmath/src/lib_floatconversion.cpp:68) automatically.
INFO: [XFORM 203-602] Inlining function '__hls_fptoui_double_i32' into 'cv_hw' (cv_hw.cpp:20) automatically.
Command         transform done; 0.43 sec.
INFO-FLOW: Presyn 2...
Execute         transform -hls -keep-callgraph -scalarrepl -mem2reg -port-alignment -attach-range -dce -pipe-mux-gen -indvars -loop-bound -inst-simplify -instcombine -dce -merge-array-access -mem2reg -dce -clean-region -mergereturn -if-conv -instcombine -dce -constprop -basicaa -aggr-aa -aggrmodref-aa -aggr-aa -gvn -gvn -basicaa -aggr-aa -aggrmodref-aa -aggr-aa -dse -adse -adce -scalarrepl -mem2reg -global-constprop -deadargelim -deadargelim -instcombine -dce -simplifycfg -ptrArgReplace -mem2reg -function-inline -globaldce -mem2reg -instcombine -dce -expr-balance -instcombine -dce -bitwidthmin -interface-preproc -directive-preproc -inst-rectify -instcombine -dce -functionattrs -constprop -instcombine -bit-constprop -simplify-global-access -globalopt -globaldce -inst-simplify -instcombine -elimdeaddata -dce -loop-delete -simplifycfg -loop-simplify -auto-burst -norm-name /home/t-1000/workspace/xilinx/hls/cv_hw/cv_hw/solution1/.autopilot/db/a.o.1.tmp.bc -o /home/t-1000/workspace/xilinx/hls/cv_hw/cv_hw/solution1/.autopilot/db/a.o.2.bc -f -phase presyn 
Command         transform done; 0.18 sec.
INFO: [HLS 200-111] Finished Pre-synthesis Time (s): cpu = 00:00:39 ; elapsed = 00:00:41 . Memory (MB): peak = 559.238 ; gain = 193.543 ; free physical = 19698 ; free virtual = 59278
INFO-FLOW: Building ssdm...
Execute         transform -hls -function-uniquify -auto-function-inline -globaldce -ptrArgReplace -mem2reg -instcombine -dce -reset-lda -loop-simplify -indvars -licm -loop-dep -loop-bound -licm -loop-simplify -flattenloopnest -array-flatten -gvn -instcombine -dce -array-map -dce -func-legal -gvn -adce -instcombine -cfgopt -simplifycfg -loop-simplify -array-burst -promote-global-argument -dce -axi4-lower -array-seg-normalize -basicaa -aggrmodref-aa -globalsmodref-aa -aggr-aa -gvn -gvn -basicaa -aggrmodref-aa -globalsmodref-aa -aggr-aa -dse -adse -adce -licm -inst-simplify -dce -globaldce -instcombine -array-stream -eliminate-keepreads -instcombine -dce -deadargelim -doublePtrSimplify -doublePtrElim -dce -doublePtrSimplify -promote-dbg-pointer -dce -scalarrepl -mem2reg -disaggr -norm-name -mem2reg -instcombine -dse -adse -adce -ptrLegalization -dce -auto-rom-infer -array-flatten -dce -instcombine -check-doubleptr -loop-rot -constprop -cfgopt -simplifycfg -loop-simplify -indvars -pointer-simplify -dce -loop-bound -loop-simplify -loop-preproc -constprop -global-constprop -gvn -mem2reg -instcombine -dce -loop-bound -loop-merge -dce -bitwidthmin -deadargelim -dce -canonicalize-dataflow -dce -scalar-propagation -deadargelim -globaldce -mem2reg -read-loop-dep -interface-preproc -directive-preproc -interface-gen -bram-byte-enable -deadargelim -inst-simplify -dce -gvn -mem2reg -instcombine -dce -adse -loop-bound -instcombine -cfgopt -simplifycfg -loop-simplify -clean-region -io-protocol -find-region -mem2reg -bitop-raise -inst-simplify -inst-rectify -instcombine -adce -deadargelim -loop-simplify -phi-opt -bitop-raise -cfgopt -simplifycfg -strip-dead-prototypes -interface-lower -bitop-lower -intrinsic-lower -auto-function-inline -basicaa -aggrmodref-aa -globalsmodref-aa -aggr-aa -inst-simplify -simplifycfg -loop-simplify -mergereturn -inst-simplify -inst-rectify -dce -load-elim -bitop-lower -loop-rewind -pointer-simplify -dce -cfgopt -dce -bitwidth -loop-dep -read-loop-dep -dce -check-stream -norm-name -legalize -validate-dataflow -dead-allocation-elimination -cdfg-build /home/t-1000/workspace/xilinx/hls/cv_hw/cv_hw/solution1/.autopilot/db/a.o.2.bc -o /home/t-1000/workspace/xilinx/hls/cv_hw/cv_hw/solution1/.autopilot/db/a.o.3.bc -f -phase build-ssdm 
Command         transform done; 0.25 sec.
INFO: [HLS 200-111] Finished Architecture Synthesis Time (s): cpu = 00:00:40 ; elapsed = 00:00:41 . Memory (MB): peak = 559.246 ; gain = 193.551 ; free physical = 19686 ; free virtual = 59268
INFO-FLOW: Finish building internal data model.
Command       opt_and_import_c done; 3.56 sec.
Command     elaborate done; 40.81 sec.
Execute     autosyn -from_csynth_design=1 
INFO: [HLS 200-10] Starting hardware synthesis ...
INFO-FLOW: Synthesizing C/C++ design ...
INFO: [HLS 200-10] Synthesizing 'cv_hw' ...
Execute       ap_set_top_model cv_hw 
Execute       get_model_list cv_hw -filter all-wo-channel -topdown 
Execute       preproc_iomode -model cv_hw 
Execute       get_model_list cv_hw -filter all-wo-channel 
INFO-FLOW: Model list for configure: cv_hw
INFO-FLOW: Configuring Module : cv_hw ...
Execute       set_default_model cv_hw 
Execute       apply_spec_resource_limit cv_hw 
INFO-FLOW: Model list for preprocess: cv_hw
INFO-FLOW: Preprocessing Module: cv_hw ...
Execute       set_default_model cv_hw 
Execute       cdfg_preprocess -model cv_hw 
Execute       rtl_gen_preprocess cv_hw 
INFO-FLOW: Model list for synthesis: cv_hw
INFO: [HLS 200-10] ----------------------------------------------------------------
INFO: [HLS 200-42] -- Implementing module 'cv_hw' 
INFO: [HLS 200-10] ----------------------------------------------------------------
Execute       set_default_model cv_hw 
Execute       schedule -model cv_hw 
INFO: [SCHED 204-11] Starting scheduling ...
INFO: [SCHED 204-11] Finished scheduling.
Command       schedule done; 0.11 sec.
INFO: [HLS 200-111]  Elapsed time: 41.46 seconds; current allocated memory: 205.028 MB.
Execute       report -o /home/t-1000/workspace/xilinx/hls/cv_hw/cv_hw/solution1/.autopilot/db/cv_hw.verbose.sched.rpt -verbose -f 
INFO: [HLS 200-434] Only 0 loops out of a total 1 loops have been pipelined in this design.
Execute       db_write -o /home/t-1000/workspace/xilinx/hls/cv_hw/cv_hw/solution1/.autopilot/db/cv_hw.sched.adb -f 
INFO-FLOW: Finish scheduling cv_hw.
Execute       set_default_model cv_hw 
Execute       bind -model cv_hw 
BIND OPTION: fu_weight=[ 0.0 -- 1.0 ]
BIND OPTION: model=cv_hw
BIND OPTION: reg_weight=[ 0.0 -- 1.0 ]
INFO: [BIND 205-100] Starting micro-architecture generation ...
INFO: [BIND 205-101] Performing variable lifetime analysis.
INFO: [BIND 205-101] Exploring resource sharing.
INFO: [BIND 205-101] Binding ...
INFO: [BIND 205-100] Finished micro-architecture generation.
INFO: [HLS 200-111]  Elapsed time: 0.08 seconds; current allocated memory: 205.512 MB.
Execute       report -o /home/t-1000/workspace/xilinx/hls/cv_hw/cv_hw/solution1/.autopilot/db/cv_hw.verbose.bind.rpt -verbose -f 
Execute       db_write -o /home/t-1000/workspace/xilinx/hls/cv_hw/cv_hw/solution1/.autopilot/db/cv_hw.bind.adb -f 
INFO-FLOW: Finish binding cv_hw.
Execute       get_model_list cv_hw -filter all-wo-channel 
INFO-FLOW: Preprocessing for RTLGen ...
Execute       rtl_gen_preprocess cv_hw 
INFO-FLOW: Model list for RTL generation: cv_hw
INFO: [HLS 200-10] ----------------------------------------------------------------
INFO: [HLS 200-10] -- Generating RTL for module 'cv_hw' 
INFO: [HLS 200-10] ----------------------------------------------------------------
Execute       get_config_rtl -prefix 
Execute       get_config_rtl -auto_prefix 
Execute       create_rtl_model cv_hw -vendor xilinx -mg_file /home/t-1000/workspace/xilinx/hls/cv_hw/cv_hw/solution1/.autopilot/db/cv_hw.compgen.tcl 
INFO: [RTGEN 206-500] Setting interface mode on port 'cv_hw/in_stream_V_data_V' to 'axis' (register, both mode).
INFO: [RTGEN 206-500] Setting interface mode on port 'cv_hw/in_stream_V_keep_V' to 'axis' (register, both mode).
INFO: [RTGEN 206-500] Setting interface mode on port 'cv_hw/in_stream_V_strb_V' to 'axis' (register, both mode).
INFO: [RTGEN 206-500] Setting interface mode on port 'cv_hw/in_stream_V_user_V' to 'axis' (register, both mode).
INFO: [RTGEN 206-500] Setting interface mode on port 'cv_hw/in_stream_V_last_V' to 'axis' (register, both mode).
INFO: [RTGEN 206-500] Setting interface mode on port 'cv_hw/in_stream_V_id_V' to 'axis' (register, both mode).
INFO: [RTGEN 206-500] Setting interface mode on port 'cv_hw/in_stream_V_dest_V' to 'axis' (register, both mode).
INFO: [RTGEN 206-500] Setting interface mode on port 'cv_hw/op_stream_V_data_V' to 'axis' (register, both mode).
INFO: [RTGEN 206-500] Setting interface mode on port 'cv_hw/op_stream_V_keep_V' to 'axis' (register, both mode).
INFO: [RTGEN 206-500] Setting interface mode on port 'cv_hw/op_stream_V_strb_V' to 'axis' (register, both mode).
INFO: [RTGEN 206-500] Setting interface mode on port 'cv_hw/op_stream_V_user_V' to 'axis' (register, both mode).
INFO: [RTGEN 206-500] Setting interface mode on port 'cv_hw/op_stream_V_last_V' to 'axis' (register, both mode).
INFO: [RTGEN 206-500] Setting interface mode on port 'cv_hw/op_stream_V_id_V' to 'axis' (register, both mode).
INFO: [RTGEN 206-500] Setting interface mode on port 'cv_hw/op_stream_V_dest_V' to 'axis' (register, both mode).
INFO: [RTGEN 206-500] Setting interface mode on port 'cv_hw/rows' to 's_axilite & ap_none'.
INFO: [RTGEN 206-500] Setting interface mode on port 'cv_hw/cols' to 's_axilite & ap_none'.
INFO: [RTGEN 206-500] Setting interface mode on port 'cv_hw/flag' to 's_axilite & ap_none'.
INFO: [RTGEN 206-500] Setting interface mode on function 'cv_hw' to 's_axilite & ap_ctrl_hs'.
INFO: [RTGEN 206-100] Bundling port 'return', 'rows', 'cols' and 'flag' to AXI-Lite port CTRL_BUS.
INFO: [SYN 201-210] Renamed object name 'cv_hw_dadd_64ns_64ns_64_5_full_dsp_1' to 'cv_hw_dadd_64ns_6bkb' due to the length limit 20
INFO: [SYN 201-210] Renamed object name 'cv_hw_dmul_64ns_64ns_64_5_max_dsp_1' to 'cv_hw_dmul_64ns_6cud' due to the length limit 20
INFO: [SYN 201-210] Renamed object name 'cv_hw_sitodp_32ns_64_4_1' to 'cv_hw_sitodp_32nsdEe' due to the length limit 20
INFO: [SYN 201-210] Renamed object name 'cv_hw_mul_mul_16ns_16ns_32_1_1' to 'cv_hw_mul_mul_16neOg' due to the length limit 20
INFO: [RTGEN 206-100] Generating core module 'cv_hw_dadd_64ns_6bkb': 1 instance(s).
INFO: [RTGEN 206-100] Generating core module 'cv_hw_dmul_64ns_6cud': 2 instance(s).
INFO: [RTGEN 206-100] Generating core module 'cv_hw_mul_mul_16neOg': 1 instance(s).
INFO: [RTGEN 206-100] Generating core module 'cv_hw_sitodp_32nsdEe': 2 instance(s).
INFO: [RTGEN 206-100] Finished creating RTL model for 'cv_hw'.
INFO: [HLS 200-111]  Elapsed time: 0.14 seconds; current allocated memory: 207.414 MB.
Execute       source /home/t-1000/workspace/xilinx/hls/cv_hw/cv_hw/solution1/.autopilot/db/cv_hw.rtl_wrap.cfg.tcl 
Execute       gen_rtl cv_hw -istop -style xilinx -tracefl mytrace -tracefmt vcd -traceopt all -f -lang sc -o /home/t-1000/workspace/xilinx/hls/cv_hw/cv_hw/solution1/syn/systemc/cv_hw -synmodules cv_hw 
Execute       gen_rtl cv_hw -istop -style xilinx -f -lang vhdl -o /home/t-1000/workspace/xilinx/hls/cv_hw/cv_hw/solution1/syn/vhdl/cv_hw 
Command       gen_rtl done; 0.11 sec.
Execute       gen_rtl cv_hw -istop -style xilinx -f -lang vlog -o /home/t-1000/workspace/xilinx/hls/cv_hw/cv_hw/solution1/syn/verilog/cv_hw 
Execute       export_constraint_db -o /home/t-1000/workspace/xilinx/hls/cv_hw/cv_hw/solution1/.autopilot/db/cv_hw.constraint.tcl -f -tool general 
Execute       report -model cv_hw -o /home/t-1000/workspace/xilinx/hls/cv_hw/cv_hw/solution1/.autopilot/db/cv_hw.design.xml -verbose -f -dv 
Command       report done; 0.11 sec.
Execute       report -model cv_hw -o /home/t-1000/workspace/xilinx/hls/cv_hw/cv_hw/solution1/.autopilot/db/cv_hw.sdaccel.xml -verbose -f -sdaccel 
Command       report done; 0.16 sec.
Execute       gen_tb_info cv_hw -o /home/t-1000/workspace/xilinx/hls/cv_hw/cv_hw/solution1/.autopilot/db/cv_hw -p /home/t-1000/workspace/xilinx/hls/cv_hw/cv_hw/solution1/.autopilot/db 
Execute       report -model cv_hw -o /home/t-1000/workspace/xilinx/hls/cv_hw/cv_hw/solution1/syn/report/cv_hw_csynth.rpt -f 
Execute       report -model cv_hw -o /home/t-1000/workspace/xilinx/hls/cv_hw/cv_hw/solution1/syn/report/cv_hw_csynth.xml -f -x 
Execute       report -model cv_hw -o /home/t-1000/workspace/xilinx/hls/cv_hw/cv_hw/solution1/.autopilot/db/cv_hw.verbose.rpt -verbose -f 
Command       report done; 0.13 sec.
Execute       db_write -model cv_hw -o /home/t-1000/workspace/xilinx/hls/cv_hw/cv_hw/solution1/.autopilot/db/cv_hw.adb -f 
Execute       sc_get_clocks cv_hw 
Execute       sc_get_portdomain cv_hw 
INFO-FLOW: Model list for RTL component generation: cv_hw
INFO-FLOW: Handling components in module [cv_hw] ... 
Execute       source /home/t-1000/workspace/xilinx/hls/cv_hw/cv_hw/solution1/.autopilot/db/cv_hw.compgen.tcl 
INFO-FLOW: Found component cv_hw_dadd_64ns_6bkb.
INFO-FLOW: Append model cv_hw_dadd_64ns_6bkb
INFO-FLOW: Found component cv_hw_dmul_64ns_6cud.
INFO-FLOW: Append model cv_hw_dmul_64ns_6cud
INFO-FLOW: Found component cv_hw_sitodp_32nsdEe.
INFO-FLOW: Append model cv_hw_sitodp_32nsdEe
INFO-FLOW: Found component cv_hw_mul_mul_16neOg.
INFO-FLOW: Append model cv_hw_mul_mul_16neOg
INFO-FLOW: Found component cv_hw_CTRL_BUS_s_axi.
INFO-FLOW: Append model cv_hw_CTRL_BUS_s_axi
INFO-FLOW: Append model cv_hw
INFO-FLOW: Generating RTL model list ...
INFO-FLOW: All models in this session: cv_hw_dadd_64ns_6bkb cv_hw_dmul_64ns_6cud cv_hw_sitodp_32nsdEe cv_hw_mul_mul_16neOg cv_hw_CTRL_BUS_s_axi cv_hw
INFO-FLOW: To file: write model cv_hw_dadd_64ns_6bkb
INFO-FLOW: To file: write model cv_hw_dmul_64ns_6cud
INFO-FLOW: To file: write model cv_hw_sitodp_32nsdEe
INFO-FLOW: To file: write model cv_hw_mul_mul_16neOg
INFO-FLOW: To file: write model cv_hw_CTRL_BUS_s_axi
INFO-FLOW: To file: write model cv_hw
INFO-FLOW: Finished generating RTL model list.


INFO-FLOW: RTL Generation done.
INFO-FLOW: CAS Generation done.
INFO-FLOW: CBC Generation done.
Execute       get_config_sdx -target 
Execute       source /home/t-1000/workspace/xilinx/hls/cv_hw/cv_hw/solution1/.autopilot/db/global.setting.tcl 
Execute       source /home/t-1000/Xilinx/Vivado/2018.2/common/technology/generic/autopilot/common.gen 
Execute         source /home/t-1000/Xilinx/Vivado/2018.2/common/technology/generic/autopilot/APCoreGen.gen 
Execute       source /home/t-1000/Xilinx/Vivado/2018.2/common/technology/generic/autopilot/op.gen 
Execute       source /home/t-1000/Xilinx/Vivado/2018.2/common/technology/generic/autopilot/op_simcore.gen 
Execute       source /home/t-1000/Xilinx/Vivado/2018.2/common/technology/generic/autopilot/interface.gen 
Execute       source /home/t-1000/workspace/xilinx/hls/cv_hw/cv_hw/solution1/.autopilot/db/global.setting.tcl 
Execute       source /home/t-1000/Xilinx/Vivado/2018.2/common/technology/xilinx/zynquplus/zynquplus.gen 
Execute         source /home/t-1000/Xilinx/Vivado/2018.2/common/technology/xilinx/common/virtex.gen 
Execute           source /home/t-1000/Xilinx/Vivado/2018.2/common/technology/xilinx/common/xilinx.gen 
Execute             source /home/t-1000/Xilinx/Vivado/2018.2/common/technology/xilinx/interface/plb46.gen 
Execute             source /home/t-1000/Xilinx/Vivado/2018.2/common/technology/xilinx/interface/fsl.gen 
Execute             source /home/t-1000/Xilinx/Vivado/2018.2/common/technology/xilinx/interface/axi4.gen 
Execute             source /home/t-1000/Xilinx/Vivado/2018.2/common/technology/xilinx/interface/nativeAXI4.gen 
Execute               source /home/t-1000/Xilinx/Vivado/2018.2/common/technology/xilinx/interface/saxilite.gen 
Execute               source /home/t-1000/Xilinx/Vivado/2018.2/common/technology/xilinx/interface/maxi.gen 
Execute             source /home/t-1000/Xilinx/Vivado/2018.2/common/technology/xilinx/scripts/xilinxcoregen.gen 
Execute             source /home/t-1000/Xilinx/Vivado/2018.2/common/technology/xilinx/interface/XilEDKCoreGen.gen 
Execute             source /home/t-1000/Xilinx/Vivado/2018.2/common/technology/xilinx/ip/dds_compiler.gen 
Execute             source /home/t-1000/Xilinx/Vivado/2018.2/common/technology/xilinx/ip/util.gen 
Execute             source /home/t-1000/Xilinx/Vivado/2018.2/common/technology/xilinx/ip/xfft.gen 
Execute             source /home/t-1000/Xilinx/Vivado/2018.2/common/technology/xilinx/ip/xfir.gen 
Execute           source /home/t-1000/Xilinx/Vivado/2018.2/common/technology/xilinx/common/dsp48.gen 
Execute       source /home/t-1000/Xilinx/Vivado/2018.2/common/technology/xilinx/zynquplus/zynquplus_fpv7.gen 
Execute         source /home/t-1000/Xilinx/Vivado/2018.2/common/technology/xilinx/common/xilinx_fpv6.gen 
Execute       source /home/t-1000/workspace/xilinx/hls/cv_hw/cv_hw/solution1/.autopilot/db/global.setting.tcl 
Execute       source /home/t-1000/workspace/xilinx/hls/cv_hw/cv_hw/solution1/.autopilot/db/global.setting.tcl 
Execute       source /home/t-1000/workspace/xilinx/hls/cv_hw/cv_hw/solution1/.autopilot/db/global.setting.tcl 
Execute       source /home/t-1000/workspace/xilinx/hls/cv_hw/cv_hw/solution1/.autopilot/db/cv_hw.compgen.tcl 
Execute         source ./CTRL_BUS.slave.tcl 
Execute         is_m_axi_addr64 
Command       ap_source done; 0.14 sec.
Execute       get_config_sdx -target 
Execute       source /home/t-1000/workspace/xilinx/hls/cv_hw/cv_hw/solution1/.autopilot/db/global.setting.tcl 
Execute       source /home/t-1000/Xilinx/Vivado/2018.2/common/technology/generic/autopilot/common.gen 
Execute         source /home/t-1000/Xilinx/Vivado/2018.2/common/technology/generic/autopilot/APCoreGen.gen 
Execute       source /home/t-1000/Xilinx/Vivado/2018.2/common/technology/generic/autopilot/op.gen 
Execute       source /home/t-1000/Xilinx/Vivado/2018.2/common/technology/generic/autopilot/op_simcore.gen 
Execute       source /home/t-1000/Xilinx/Vivado/2018.2/common/technology/generic/autopilot/interface.gen 
Execute       source /home/t-1000/workspace/xilinx/hls/cv_hw/cv_hw/solution1/.autopilot/db/global.setting.tcl 
Execute       source /home/t-1000/Xilinx/Vivado/2018.2/common/technology/xilinx/zynquplus/zynquplus.gen 
Execute         source /home/t-1000/Xilinx/Vivado/2018.2/common/technology/xilinx/common/virtex.gen 
Execute           source /home/t-1000/Xilinx/Vivado/2018.2/common/technology/xilinx/common/xilinx.gen 
Execute             source /home/t-1000/Xilinx/Vivado/2018.2/common/technology/xilinx/interface/plb46.gen 
Execute             source /home/t-1000/Xilinx/Vivado/2018.2/common/technology/xilinx/interface/fsl.gen 
Execute             source /home/t-1000/Xilinx/Vivado/2018.2/common/technology/xilinx/interface/axi4.gen 
Execute             source /home/t-1000/Xilinx/Vivado/2018.2/common/technology/xilinx/interface/nativeAXI4.gen 
Execute               source /home/t-1000/Xilinx/Vivado/2018.2/common/technology/xilinx/interface/saxilite.gen 
Execute               source /home/t-1000/Xilinx/Vivado/2018.2/common/technology/xilinx/interface/maxi.gen 
Execute             source /home/t-1000/Xilinx/Vivado/2018.2/common/technology/xilinx/scripts/xilinxcoregen.gen 
Execute             source /home/t-1000/Xilinx/Vivado/2018.2/common/technology/xilinx/interface/XilEDKCoreGen.gen 
Execute             source /home/t-1000/Xilinx/Vivado/2018.2/common/technology/xilinx/ip/dds_compiler.gen 
Execute             source /home/t-1000/Xilinx/Vivado/2018.2/common/technology/xilinx/ip/util.gen 
Execute             source /home/t-1000/Xilinx/Vivado/2018.2/common/technology/xilinx/ip/xfft.gen 
Execute             source /home/t-1000/Xilinx/Vivado/2018.2/common/technology/xilinx/ip/xfir.gen 
Command           ap_source done; 0.11 sec.
Execute           source /home/t-1000/Xilinx/Vivado/2018.2/common/technology/xilinx/common/dsp48.gen 
Command         ap_source done; 0.11 sec.
Command       ap_source done; 0.11 sec.
Execute       source /home/t-1000/Xilinx/Vivado/2018.2/common/technology/xilinx/zynquplus/zynquplus_fpv7.gen 
Execute         source /home/t-1000/Xilinx/Vivado/2018.2/common/technology/xilinx/common/xilinx_fpv6.gen 
Execute       source /home/t-1000/workspace/xilinx/hls/cv_hw/cv_hw/solution1/.autopilot/db/cv_hw.rtl_wrap.cfg.tcl 
Execute       source /home/t-1000/workspace/xilinx/hls/cv_hw/cv_hw/solution1/.autopilot/db/cv_hw.rtl_wrap.cfg.tcl 
Execute       source /home/t-1000/workspace/xilinx/hls/cv_hw/cv_hw/solution1/.autopilot/db/cv_hw.rtl_wrap.cfg.tcl 
Execute       source /home/t-1000/workspace/xilinx/hls/cv_hw/cv_hw/solution1/.autopilot/db/cv_hw.tbgen.tcl 
Execute       source /home/t-1000/workspace/xilinx/hls/cv_hw/cv_hw/solution1/.autopilot/db/cv_hw.tbgen.tcl 
Execute       source /home/t-1000/workspace/xilinx/hls/cv_hw/cv_hw/solution1/.autopilot/db/global.setting.tcl 
Execute       source /home/t-1000/workspace/xilinx/hls/cv_hw/cv_hw/solution1/.autopilot/db/cv_hw.compgen.tcl 
Execute       source /home/t-1000/workspace/xilinx/hls/cv_hw/cv_hw/solution1/.autopilot/db/global.setting.tcl 
Execute       source /home/t-1000/workspace/xilinx/hls/cv_hw/cv_hw/solution1/.autopilot/db/cv_hw.compgen.tcl 
Execute       source /home/t-1000/workspace/xilinx/hls/cv_hw/cv_hw/solution1/.autopilot/db/global.setting.tcl 
Execute       source /home/t-1000/workspace/xilinx/hls/cv_hw/cv_hw/solution1/.autopilot/db/cv_hw.compgen.tcl 
Execute       source /home/t-1000/workspace/xilinx/hls/cv_hw/cv_hw/solution1/.autopilot/db/global.setting.tcl 
Execute       source /home/t-1000/workspace/xilinx/hls/cv_hw/cv_hw/solution1/.autopilot/db/cv_hw.constraint.tcl 
Execute       source /home/t-1000/workspace/xilinx/hls/cv_hw/cv_hw/solution1/.autopilot/db/cv_hw.tbgen.tcl 
Execute       source /home/t-1000/workspace/xilinx/hls/cv_hw/cv_hw/solution1/.autopilot/db/global.setting.tcl 
Execute       source /home/t-1000/workspace/xilinx/hls/cv_hw/cv_hw/solution1/.autopilot/db/global.setting.tcl 
Execute       source /home/t-1000/workspace/xilinx/hls/cv_hw/cv_hw/solution1/.autopilot/db/global.setting.tcl 
Execute       source /home/t-1000/workspace/xilinx/hls/cv_hw/cv_hw/solution1/.autopilot/db/cv_hw.tbgen.tcl 
Execute       source /home/t-1000/workspace/xilinx/hls/cv_hw/cv_hw/solution1/.autopilot/db/cv_hw.tbgen.tcl 
Execute       source /home/t-1000/workspace/xilinx/hls/cv_hw/cv_hw/solution1/.autopilot/db/cv_hw.tbgen.tcl 
Execute       source /home/t-1000/workspace/xilinx/hls/cv_hw/cv_hw/solution1/.autopilot/db/cv_hw.tbgen.tcl 
Execute       source /home/t-1000/workspace/xilinx/hls/cv_hw/cv_hw/solution1/.autopilot/db/cv_hw.tbgen.tcl 
Execute       source /home/t-1000/workspace/xilinx/hls/cv_hw/cv_hw/solution1/.autopilot/db/cv_hw.tbgen.tcl 
Execute       source /home/t-1000/workspace/xilinx/hls/cv_hw/cv_hw/solution1/.autopilot/db/cv_hw.tbgen.tcl 
Execute       source /home/t-1000/workspace/xilinx/hls/cv_hw/cv_hw/solution1/.autopilot/db/global.setting.tcl 
Execute       source /home/t-1000/workspace/xilinx/hls/cv_hw/cv_hw/solution1/.autopilot/db/cv_hw.constraint.tcl 
Execute       sc_get_clocks cv_hw 
Execute       source /home/t-1000/workspace/xilinx/hls/cv_hw/cv_hw/solution1/.autopilot/db/global.setting.tcl 
Execute       source /home/t-1000/workspace/xilinx/hls/cv_hw/cv_hw/solution1/impl/misc/cv_hw_ap_dadd_3_full_dsp_64_ip.tcl 
Execute       source /home/t-1000/workspace/xilinx/hls/cv_hw/cv_hw/solution1/impl/misc/cv_hw_ap_dmul_3_max_dsp_64_ip.tcl 
Execute       source /home/t-1000/workspace/xilinx/hls/cv_hw/cv_hw/solution1/impl/misc/cv_hw_ap_sitodp_2_no_dsp_32_ip.tcl 
Execute       get_config_sdx -target 
Execute       get_config_sdx -profile 
Execute       ::config_rtl 
INFO: [HLS 200-111] Finished generating all RTL models Time (s): cpu = 00:00:41 ; elapsed = 00:00:43 . Memory (MB): peak = 559.246 ; gain = 193.551 ; free physical = 19681 ; free virtual = 59263
INFO: [SYSC 207-301] Generating SystemC RTL for cv_hw.
INFO: [VHDL 208-304] Generating VHDL RTL for cv_hw.
INFO: [VLOG 209-307] Generating Verilog RTL for cv_hw.
Command     autosyn done; 1.72 sec.
Command   csynth_design done; 42.54 sec.
Command ap_source done; 42.79 sec.
Execute cleanup_all 
INFO-FLOW: Workspace /home/t-1000/workspace/xilinx/hls/cv_hw/cv_hw/solution1 opened at Tue Oct 30 08:41:03 PDT 2018
Execute     config_clock -quiet -name default -period 10 -default=false 
INFO: [SYN 201-201] Setting up clock 'default' with a period of 10ns.
Execute     open_platform DefaultPlatform 
Execute     import_lib /home/t-1000/Xilinx/Vivado/2018.2/common/technology/xilinx/zynquplus/zynquplus 
Execute       source /home/t-1000/Xilinx/Vivado/2018.2/common/technology/xilinx/common/xilinx.lib 
Execute         source /home/t-1000/Xilinx/Vivado/2018.2/common/technology/xilinx/interface/xilinx_interface.lib 
Execute           source /home/t-1000/Xilinx/Vivado/2018.2/common/technology/xilinx/interface/plb46.lib 
Execute           source /home/t-1000/Xilinx/Vivado/2018.2/common/technology/xilinx/interface/fsl.lib 
Execute           source /home/t-1000/Xilinx/Vivado/2018.2/common/technology/xilinx/interface/axi4.lib 
Execute           source /home/t-1000/Xilinx/Vivado/2018.2/common/technology/xilinx/interface/maxi.lib 
Execute           source /home/t-1000/Xilinx/Vivado/2018.2/common/technology/xilinx/interface/saxilite.lib 
Execute         source /home/t-1000/Xilinx/Vivado/2018.2/common/technology/xilinx/common/dsp48.lib 
Execute         source /home/t-1000/Xilinx/Vivado/2018.2/common/technology/xilinx/ip/xfir.lib 
Execute         source /home/t-1000/Xilinx/Vivado/2018.2/common/technology/xilinx/ip/dds_compiler.lib 
Execute         source /home/t-1000/Xilinx/Vivado/2018.2/common/technology/xilinx/ip/xfft.lib 
Execute       source /home/t-1000/Xilinx/Vivado/2018.2/common/technology/xilinx/common/xilinx_old.lib 
Execute       source /home/t-1000/Xilinx/Vivado/2018.2/common/technology/xilinx/common/xilinx_vivado.lib 
Execute       source /home/t-1000/Xilinx/Vivado/2018.2/common/technology/xilinx/common/xilinx.hlp 
Execute         source /home/t-1000/Xilinx/Vivado/2018.2/common/technology/xilinx/common/target_info.tcl 
Execute         source /home/t-1000/Xilinx/Vivado/2018.2/common/technology/xilinx/interface/xilinx_interface.hlp 
Execute           source /home/t-1000/Xilinx/Vivado/2018.2/common/technology/xilinx/interface/maxi.hlp 
Execute           source /home/t-1000/Xilinx/Vivado/2018.2/common/technology/xilinx/interface/saxilite.hlp 
Execute         source /home/t-1000/Xilinx/Vivado/2018.2/common/technology/xilinx/common/dsp48.hlp 
Execute       source /home/t-1000/Xilinx/Vivado/2018.2/common/technology/xilinx/zynquplus/dsp48e2.hlp 
Execute       get_default_platform 
Execute       config_chip_info -quiet -resource  {SLICE 34260} {LUT 274080}   {FF 548160}  {DSP48E 2520}  {BRAM 1824} {URAM 0}  
Execute       config_chip_info -quiet -speed medium 
Execute       source /home/t-1000/Xilinx/Vivado/2018.2/common/technology/xilinx/common/xilinx.hlp 
Execute         source /home/t-1000/Xilinx/Vivado/2018.2/common/technology/xilinx/common/target_info.tcl 
Execute         source /home/t-1000/Xilinx/Vivado/2018.2/common/technology/xilinx/interface/xilinx_interface.hlp 
Execute           source /home/t-1000/Xilinx/Vivado/2018.2/common/technology/xilinx/interface/maxi.hlp 
Execute           source /home/t-1000/Xilinx/Vivado/2018.2/common/technology/xilinx/interface/saxilite.hlp 
Execute         source /home/t-1000/Xilinx/Vivado/2018.2/common/technology/xilinx/common/dsp48.hlp 
Execute     source /home/t-1000/Xilinx/Vivado/2018.2/common/technology/xilinx/zynquplus/zynquplus.gen 
Execute       source /home/t-1000/Xilinx/Vivado/2018.2/common/technology/xilinx/common/virtex.gen 
Execute         source /home/t-1000/Xilinx/Vivado/2018.2/common/technology/xilinx/common/xilinx.gen 
Execute           source /home/t-1000/Xilinx/Vivado/2018.2/common/technology/xilinx/interface/plb46.gen 
Execute           source /home/t-1000/Xilinx/Vivado/2018.2/common/technology/xilinx/interface/fsl.gen 
Execute           source /home/t-1000/Xilinx/Vivado/2018.2/common/technology/xilinx/interface/axi4.gen 
Execute           source /home/t-1000/Xilinx/Vivado/2018.2/common/technology/xilinx/interface/nativeAXI4.gen 
Execute             source /home/t-1000/Xilinx/Vivado/2018.2/common/technology/xilinx/interface/saxilite.gen 
Execute             source /home/t-1000/Xilinx/Vivado/2018.2/common/technology/xilinx/interface/maxi.gen 
Execute           source /home/t-1000/Xilinx/Vivado/2018.2/common/technology/xilinx/scripts/xilinxcoregen.gen 
Execute           source /home/t-1000/Xilinx/Vivado/2018.2/common/technology/xilinx/interface/XilEDKCoreGen.gen 
Execute           source /home/t-1000/Xilinx/Vivado/2018.2/common/technology/xilinx/ip/dds_compiler.gen 
Execute           source /home/t-1000/Xilinx/Vivado/2018.2/common/technology/xilinx/ip/util.gen 
Execute           source /home/t-1000/Xilinx/Vivado/2018.2/common/technology/xilinx/ip/xfft.gen 
Execute           source /home/t-1000/Xilinx/Vivado/2018.2/common/technology/xilinx/ip/xfir.gen 
Execute         source /home/t-1000/Xilinx/Vivado/2018.2/common/technology/xilinx/common/dsp48.gen 
Execute     open_platform DefaultPlatform 
Execute     import_lib /home/t-1000/Xilinx/Vivado/2018.2/common/technology/xilinx/zynquplus/zynquplus_fpv7 
Execute       source /home/t-1000/Xilinx/Vivado/2018.2/common/technology/xilinx/common/xilinx_fpv7.lib 
Execute         source /home/t-1000/Xilinx/Vivado/2018.2/common/technology/xilinx/common/xilinx_hp.lib 
Execute       source /home/t-1000/Xilinx/Vivado/2018.2/common/technology/xilinx/common/xilinx_fpv.hlp 
Execute         source /home/t-1000/Xilinx/Vivado/2018.2/common/technology/xilinx/common/xilinx.hlp 
Execute           source /home/t-1000/Xilinx/Vivado/2018.2/common/technology/xilinx/common/target_info.tcl 
Execute           source /home/t-1000/Xilinx/Vivado/2018.2/common/technology/xilinx/interface/xilinx_interface.hlp 
Execute             source /home/t-1000/Xilinx/Vivado/2018.2/common/technology/xilinx/interface/maxi.hlp 
Execute             source /home/t-1000/Xilinx/Vivado/2018.2/common/technology/xilinx/interface/saxilite.hlp 
Execute           source /home/t-1000/Xilinx/Vivado/2018.2/common/technology/xilinx/common/dsp48.hlp 
Execute       source /home/t-1000/Xilinx/Vivado/2018.2/common/technology/xilinx/zynquplus/zynquplus_hp.hlp 
Execute     source /home/t-1000/Xilinx/Vivado/2018.2/common/technology/xilinx/zynquplus/zynquplus_fpv7.gen 
Execute       source /home/t-1000/Xilinx/Vivado/2018.2/common/technology/xilinx/common/xilinx_fpv6.gen 
Execute     set_part xczu3eg-sbva484-1-e 
Execute       add_library xilinx/zynquplus/zynquplus:xczu3eg:-sbva484:-1-e 
Execute         get_default_platform 
Execute         license_isbetapart xczu3eg 
Command         license_isbetapart done; error code: 1; 
Execute         get_default_platform 
Execute         config_chip_info -quiet -resource  {SLICE 8820}  {LUT 70560}    {FF 141120}  {DSP48E 360}   {BRAM 432}  {URAM 0}  
Execute         config_chip_info -quiet -speed slow 
Execute       add_library xilinx/zynquplus/zynquplus_fpv7 
Execute         get_default_platform 
INFO: [HLS 200-10] Setting target device to 'xczu3eg-sbva484-1-e'
Execute       get_default_platform 
Execute     get_default_platform 
Execute     config_chip_info -quiet -resource  {SLICE 8820}  {LUT 70560}    {FF 141120}  {DSP48E 360}   {BRAM 432}  {URAM 0}  
Execute     config_chip_info -quiet -speed slow 
Command   open_solution done; 0.21 sec.
Execute   cosim_design 
Execute     source /home/t-1000/workspace/xilinx/hls/cv_hw/cv_hw/solution1/.autopilot/db/global.setting.tcl 
Execute     source /home/t-1000/workspace/xilinx/hls/cv_hw/cv_hw/solution1/.autopilot/db/global.setting.tcl 
Execute     source /home/t-1000/workspace/xilinx/hls/cv_hw/cv_hw/solution1/.autopilot/db/global.setting.tcl 
Execute     source /home/t-1000/Xilinx/Vivado/2018.2/common/technology/generic/autopilot/common.gen 
Execute       source /home/t-1000/Xilinx/Vivado/2018.2/common/technology/generic/autopilot/APCoreGen.gen 
Execute     source /home/t-1000/Xilinx/Vivado/2018.2/common/technology/generic/autopilot/op.gen 
Execute     source /home/t-1000/Xilinx/Vivado/2018.2/common/technology/generic/autopilot/op_simcore.gen 
Execute     source /home/t-1000/Xilinx/Vivado/2018.2/common/technology/generic/autopilot/interface.gen 
Execute     source /home/t-1000/workspace/xilinx/hls/cv_hw/cv_hw/solution1/.autopilot/db/global.setting.tcl 
Execute     source /home/t-1000/Xilinx/Vivado/2018.2/common/technology/xilinx/zynquplus/zynquplus.gen 
Execute       source /home/t-1000/Xilinx/Vivado/2018.2/common/technology/xilinx/common/virtex.gen 
Execute         source /home/t-1000/Xilinx/Vivado/2018.2/common/technology/xilinx/common/xilinx.gen 
Execute           source /home/t-1000/Xilinx/Vivado/2018.2/common/technology/xilinx/interface/plb46.gen 
Execute           source /home/t-1000/Xilinx/Vivado/2018.2/common/technology/xilinx/interface/fsl.gen 
Execute           source /home/t-1000/Xilinx/Vivado/2018.2/common/technology/xilinx/interface/axi4.gen 
Execute           source /home/t-1000/Xilinx/Vivado/2018.2/common/technology/xilinx/interface/nativeAXI4.gen 
Execute             source /home/t-1000/Xilinx/Vivado/2018.2/common/technology/xilinx/interface/saxilite.gen 
Execute             source /home/t-1000/Xilinx/Vivado/2018.2/common/technology/xilinx/interface/maxi.gen 
Execute           source /home/t-1000/Xilinx/Vivado/2018.2/common/technology/xilinx/scripts/xilinxcoregen.gen 
Execute           source /home/t-1000/Xilinx/Vivado/2018.2/common/technology/xilinx/interface/XilEDKCoreGen.gen 
Execute           source /home/t-1000/Xilinx/Vivado/2018.2/common/technology/xilinx/ip/dds_compiler.gen 
Execute           source /home/t-1000/Xilinx/Vivado/2018.2/common/technology/xilinx/ip/util.gen 
Execute           source /home/t-1000/Xilinx/Vivado/2018.2/common/technology/xilinx/ip/xfft.gen 
Execute           source /home/t-1000/Xilinx/Vivado/2018.2/common/technology/xilinx/ip/xfir.gen 
Execute         source /home/t-1000/Xilinx/Vivado/2018.2/common/technology/xilinx/common/dsp48.gen 
Execute     source /home/t-1000/Xilinx/Vivado/2018.2/common/technology/xilinx/zynquplus/zynquplus_fpv7.gen 
Execute       source /home/t-1000/Xilinx/Vivado/2018.2/common/technology/xilinx/common/xilinx_fpv6.gen 
Execute     source /home/t-1000/workspace/xilinx/hls/cv_hw/cv_hw/solution1/.autopilot/db/global.setting.tcl 
Execute     source /home/t-1000/workspace/xilinx/hls/cv_hw/cv_hw/solution1/.autopilot/db/cv_hw.rtl_wrap.cfg.tcl 
Execute     source /home/t-1000/workspace/xilinx/hls/cv_hw/cv_hw/solution1/.autopilot/db/cv_hw.tbgen.tcl 
Execute     is_encrypted /home/t-1000/workspace/xilinx/hls/cv_hw/test.jpg 
Execute     is_encrypted /home/t-1000/workspace/xilinx/hls/cv_hw/cv_hw_tb.cpp 
Execute     is_encrypted /home/t-1000/workspace/xilinx/hls/cv_hw/cv_hw.h 
Execute     is_encrypted /home/t-1000/workspace/xilinx/hls/cv_hw/cv_hw.cpp 
Execute     source /home/t-1000/workspace/xilinx/hls/cv_hw/cv_hw/solution1/.autopilot/db/cv_hw.tbgen.tcl 
Execute     source /home/t-1000/workspace/xilinx/hls/cv_hw/cv_hw/solution1/.autopilot/db/cv_hw.tbgen.tcl 
INFO: [COSIM 212-47] Using XSIM for RTL simulation.
INFO: [COSIM 212-14] Instrumenting C test bench ...
Execute     get_default_platform 
INFO-FLOW: TB processing: /home/t-1000/workspace/xilinx/hls/cv_hw/cv_hw_tb.cpp /home/t-1000/workspace/xilinx/hls/cv_hw/cv_hw/solution1/./sim/autowrap/testbench/cv_hw_tb.cpp_pre.cpp
INFO-FLOW: Marker-Pragma convertor: /home/t-1000/workspace/xilinx/hls/cv_hw/cv_hw/solution1/./sim/autowrap/testbench/cv_hw_tb.cpp_pre.cpp /home/t-1000/workspace/xilinx/hls/cv_hw/cv_hw/solution1/./sim/autowrap/testbench/cv_hw_tb.cpp_pre.cpp.line.cpp ./sim/autowrap/testbench/line.tmp 1
INFO-FLOW: Converting Markers to Pragmas...
INFO-FLOW: Marker-Pragma convertor: ./sim/autowrap/testbench/cv_hw_tb.cpp_pre.cpp.tb.cpp.line ./sim/autowrap/testbench/cv_hw_tb.cpp_pre.cpp.tb.cpp ./sim/autowrap/testbench/line.tmp 0
INFO-FLOW: Converting Pragmas to Markers...
Execute     get_default_platform 
INFO-FLOW: TB processing: /home/t-1000/workspace/xilinx/hls/cv_hw/cv_hw.cpp /home/t-1000/workspace/xilinx/hls/cv_hw/cv_hw/solution1/./sim/autowrap/testbench/cv_hw.cpp_pre.cpp
INFO-FLOW: Marker-Pragma convertor: /home/t-1000/workspace/xilinx/hls/cv_hw/cv_hw/solution1/./sim/autowrap/testbench/cv_hw.cpp_pre.cpp /home/t-1000/workspace/xilinx/hls/cv_hw/cv_hw/solution1/./sim/autowrap/testbench/cv_hw.cpp_pre.cpp.line.cpp ./sim/autowrap/testbench/line.tmp 1
INFO-FLOW: Converting Markers to Pragmas...
INFO-FLOW: Marker-Pragma convertor: ./sim/autowrap/testbench/cv_hw.cpp_pre.cpp.tb.cpp.line ./sim/autowrap/testbench/cv_hw.cpp_pre.cpp.tb.cpp ./sim/autowrap/testbench/line.tmp 0
INFO-FLOW: Converting Pragmas to Markers...
Execute     source /home/t-1000/workspace/xilinx/hls/cv_hw/cv_hw/solution1/./sim/autowrap/testbench/tb.status.tcl 
Execute     source /home/t-1000/workspace/xilinx/hls/cv_hw/cv_hw/solution1/.autopilot/db/global.setting.tcl 
Execute     source /home/t-1000/workspace/xilinx/hls/cv_hw/cv_hw/solution1/.autopilot/db/cv_hw.rtl_wrap.cfg.tcl 
Execute     source /home/t-1000/workspace/xilinx/hls/cv_hw/cv_hw/solution1/.autopilot/db/cv_hw.rtl_wrap.cfg.tcl 
Execute     source /home/t-1000/workspace/xilinx/hls/cv_hw/cv_hw/solution1/.autopilot/db/cv_hw.rtl_wrap.cfg.tcl 
Execute     source /home/t-1000/workspace/xilinx/hls/cv_hw/cv_hw/solution1/.autopilot/db/cv_hw.tbgen.tcl 
Execute     source /home/t-1000/workspace/xilinx/hls/cv_hw/cv_hw/solution1/.autopilot/db/cv_hw.tbgen.tcl 
Execute     get_default_platform 
Execute     source .run_sim.tcl 
INFO: [COSIM 212-302] Starting C TB testing ... 
Command     ap_source done; 10.58 sec.
INFO: [COSIM 212-333] Generating C post check test bench ...
Execute     get_default_platform 
INFO: [COSIM 212-12] Generating RTL test bench ...
Execute     source /home/t-1000/workspace/xilinx/hls/cv_hw/cv_hw/solution1/.autopilot/db/cv_hw.tbgen.tcl 
Execute     source /home/t-1000/workspace/xilinx/hls/cv_hw/cv_hw/solution1/.autopilot/db/cv_hw.tbgen.tcl 
Execute     source /home/t-1000/workspace/xilinx/hls/cv_hw/cv_hw/solution1/.autopilot/db/cv_hw.tbgen.tcl 
Execute     source /home/t-1000/workspace/xilinx/hls/cv_hw/cv_hw/solution1/.autopilot/db/cv_hw.tbgen.tcl 
Execute     source ../tv/cdatafile/ref.tcl 
Execute     source /home/t-1000/workspace/xilinx/hls/cv_hw/cv_hw/solution1/.autopilot/db/cv_hw.tbgen.tcl 
Execute     source /home/t-1000/workspace/xilinx/hls/cv_hw/cv_hw/solution1/.autopilot/db/cv_hw.tbgen.tcl 
Execute     source /home/t-1000/workspace/xilinx/hls/cv_hw/cv_hw/solution1/.autopilot/db/cv_hw.tbgen.tcl 
Execute     source /home/t-1000/workspace/xilinx/hls/cv_hw/cv_hw/solution1/.autopilot/db/cv_hw.tbgen.tcl 
Execute     source /home/t-1000/workspace/xilinx/hls/cv_hw/cv_hw/solution1/.autopilot/db/cv_hw.tbgen.tcl 
Execute     source /home/t-1000/workspace/xilinx/hls/cv_hw/cv_hw/solution1/.autopilot/db/cv_hw.tbgen.tcl 
Execute     source /home/t-1000/workspace/xilinx/hls/cv_hw/cv_hw/solution1/.autopilot/db/cv_hw.tbgen.tcl 
Execute     source /home/t-1000/workspace/xilinx/hls/cv_hw/cv_hw/solution1/.autopilot/db/cv_hw.tbgen.tcl 
Execute     source /home/t-1000/workspace/xilinx/hls/cv_hw/cv_hw/solution1/.autopilot/db/cv_hw.tbgen.tcl 
Execute     source /home/t-1000/workspace/xilinx/hls/cv_hw/cv_hw/solution1/.autopilot/db/cv_hw.tbgen.tcl 
Execute     source /home/t-1000/workspace/xilinx/hls/cv_hw/cv_hw/solution1/.autopilot/db/cv_hw.tbgen.tcl 
Execute     source /home/t-1000/workspace/xilinx/hls/cv_hw/cv_hw/solution1/.autopilot/db/cv_hw.tbgen.tcl 
Execute     source /home/t-1000/workspace/xilinx/hls/cv_hw/cv_hw/solution1/.autopilot/db/cv_hw.tbgen.tcl 
Execute     source /home/t-1000/workspace/xilinx/hls/cv_hw/cv_hw/solution1/.autopilot/db/cv_hw.tbgen.tcl 
Execute     source /home/t-1000/workspace/xilinx/hls/cv_hw/cv_hw/solution1/.autopilot/db/cv_hw.tbgen.tcl 
Execute     source /home/t-1000/workspace/xilinx/hls/cv_hw/cv_hw/solution1/.autopilot/db/cv_hw.tbgen.tcl 
Execute     source ../tv/cdatafile/ref.tcl 
Execute     source /home/t-1000/workspace/xilinx/hls/cv_hw/cv_hw/solution1/.autopilot/db/cv_hw.tbgen.tcl 
Execute     source /home/t-1000/workspace/xilinx/hls/cv_hw/cv_hw/solution1/.autopilot/db/cv_hw.tbgen.tcl 
Execute     source /home/t-1000/workspace/xilinx/hls/cv_hw/cv_hw/solution1/.autopilot/db/cv_hw.tbgen.tcl 
Execute     source /home/t-1000/workspace/xilinx/hls/cv_hw/cv_hw/solution1/.autopilot/db/cv_hw.tbgen.tcl 
Execute     source /home/t-1000/workspace/xilinx/hls/cv_hw/cv_hw/solution1/.autopilot/db/cv_hw.tbgen.tcl 
Execute     source /home/t-1000/workspace/xilinx/hls/cv_hw/cv_hw/solution1/.autopilot/db/cv_hw.tbgen.tcl 
Execute     source /home/t-1000/workspace/xilinx/hls/cv_hw/cv_hw/solution1/.autopilot/db/cv_hw.tbgen.tcl 
Execute     source /home/t-1000/workspace/xilinx/hls/cv_hw/cv_hw/solution1/.autopilot/db/cv_hw.tbgen.tcl 
Execute     source /home/t-1000/workspace/xilinx/hls/cv_hw/cv_hw/solution1/.autopilot/db/cv_hw.tbgen.tcl 
Execute     source /home/t-1000/workspace/xilinx/hls/cv_hw/cv_hw/solution1/.autopilot/db/cv_hw.tbgen.tcl 
Execute     source /home/t-1000/workspace/xilinx/hls/cv_hw/cv_hw/solution1/.autopilot/db/cv_hw.tbgen.tcl 
Execute     source .run_sim.tcl 
Execute       source check_sim.tcl 
Execute       source .sim.status.tcl 
INFO-FLOW: Workspace /home/t-1000/workspace/xilinx/hls/cv_hw/cv_hw/solution1 opened at Tue Oct 30 08:43:54 PDT 2018
Execute     config_clock -quiet -name default -period 10 -default=false 
INFO: [SYN 201-201] Setting up clock 'default' with a period of 10ns.
Execute     open_platform DefaultPlatform 
Execute     import_lib /home/t-1000/Xilinx/Vivado/2018.2/common/technology/xilinx/zynquplus/zynquplus 
Execute       source /home/t-1000/Xilinx/Vivado/2018.2/common/technology/xilinx/common/xilinx.lib 
Execute         source /home/t-1000/Xilinx/Vivado/2018.2/common/technology/xilinx/interface/xilinx_interface.lib 
Execute           source /home/t-1000/Xilinx/Vivado/2018.2/common/technology/xilinx/interface/plb46.lib 
Execute           source /home/t-1000/Xilinx/Vivado/2018.2/common/technology/xilinx/interface/fsl.lib 
Execute           source /home/t-1000/Xilinx/Vivado/2018.2/common/technology/xilinx/interface/axi4.lib 
Execute           source /home/t-1000/Xilinx/Vivado/2018.2/common/technology/xilinx/interface/maxi.lib 
Execute           source /home/t-1000/Xilinx/Vivado/2018.2/common/technology/xilinx/interface/saxilite.lib 
Execute         source /home/t-1000/Xilinx/Vivado/2018.2/common/technology/xilinx/common/dsp48.lib 
Execute         source /home/t-1000/Xilinx/Vivado/2018.2/common/technology/xilinx/ip/xfir.lib 
Execute         source /home/t-1000/Xilinx/Vivado/2018.2/common/technology/xilinx/ip/dds_compiler.lib 
Execute         source /home/t-1000/Xilinx/Vivado/2018.2/common/technology/xilinx/ip/xfft.lib 
Execute       source /home/t-1000/Xilinx/Vivado/2018.2/common/technology/xilinx/common/xilinx_old.lib 
Execute       source /home/t-1000/Xilinx/Vivado/2018.2/common/technology/xilinx/common/xilinx_vivado.lib 
Execute       source /home/t-1000/Xilinx/Vivado/2018.2/common/technology/xilinx/common/xilinx.hlp 
Execute         source /home/t-1000/Xilinx/Vivado/2018.2/common/technology/xilinx/common/target_info.tcl 
Execute         source /home/t-1000/Xilinx/Vivado/2018.2/common/technology/xilinx/interface/xilinx_interface.hlp 
Execute           source /home/t-1000/Xilinx/Vivado/2018.2/common/technology/xilinx/interface/maxi.hlp 
Execute           source /home/t-1000/Xilinx/Vivado/2018.2/common/technology/xilinx/interface/saxilite.hlp 
Execute         source /home/t-1000/Xilinx/Vivado/2018.2/common/technology/xilinx/common/dsp48.hlp 
Execute       source /home/t-1000/Xilinx/Vivado/2018.2/common/technology/xilinx/zynquplus/dsp48e2.hlp 
Execute       get_default_platform 
Execute       config_chip_info -quiet -resource  {SLICE 34260} {LUT 274080}   {FF 548160}  {DSP48E 2520}  {BRAM 1824} {URAM 0}  
Execute       config_chip_info -quiet -speed medium 
Execute       source /home/t-1000/Xilinx/Vivado/2018.2/common/technology/xilinx/common/xilinx.hlp 
Execute         source /home/t-1000/Xilinx/Vivado/2018.2/common/technology/xilinx/common/target_info.tcl 
Execute         source /home/t-1000/Xilinx/Vivado/2018.2/common/technology/xilinx/interface/xilinx_interface.hlp 
Execute           source /home/t-1000/Xilinx/Vivado/2018.2/common/technology/xilinx/interface/maxi.hlp 
Execute           source /home/t-1000/Xilinx/Vivado/2018.2/common/technology/xilinx/interface/saxilite.hlp 
Execute         source /home/t-1000/Xilinx/Vivado/2018.2/common/technology/xilinx/common/dsp48.hlp 
Execute     source /home/t-1000/Xilinx/Vivado/2018.2/common/technology/xilinx/zynquplus/zynquplus.gen 
Execute       source /home/t-1000/Xilinx/Vivado/2018.2/common/technology/xilinx/common/virtex.gen 
Execute         source /home/t-1000/Xilinx/Vivado/2018.2/common/technology/xilinx/common/xilinx.gen 
Execute           source /home/t-1000/Xilinx/Vivado/2018.2/common/technology/xilinx/interface/plb46.gen 
Execute           source /home/t-1000/Xilinx/Vivado/2018.2/common/technology/xilinx/interface/fsl.gen 
Execute           source /home/t-1000/Xilinx/Vivado/2018.2/common/technology/xilinx/interface/axi4.gen 
Execute           source /home/t-1000/Xilinx/Vivado/2018.2/common/technology/xilinx/interface/nativeAXI4.gen 
Execute             source /home/t-1000/Xilinx/Vivado/2018.2/common/technology/xilinx/interface/saxilite.gen 
Execute             source /home/t-1000/Xilinx/Vivado/2018.2/common/technology/xilinx/interface/maxi.gen 
Execute           source /home/t-1000/Xilinx/Vivado/2018.2/common/technology/xilinx/scripts/xilinxcoregen.gen 
Execute           source /home/t-1000/Xilinx/Vivado/2018.2/common/technology/xilinx/interface/XilEDKCoreGen.gen 
Execute           source /home/t-1000/Xilinx/Vivado/2018.2/common/technology/xilinx/ip/dds_compiler.gen 
Execute           source /home/t-1000/Xilinx/Vivado/2018.2/common/technology/xilinx/ip/util.gen 
Execute           source /home/t-1000/Xilinx/Vivado/2018.2/common/technology/xilinx/ip/xfft.gen 
Execute           source /home/t-1000/Xilinx/Vivado/2018.2/common/technology/xilinx/ip/xfir.gen 
Command         ap_source done; 0.11 sec.
Execute         source /home/t-1000/Xilinx/Vivado/2018.2/common/technology/xilinx/common/dsp48.gen 
Command       ap_source done; 0.11 sec.
Command     ap_source done; 0.11 sec.
Execute     open_platform DefaultPlatform 
Execute     import_lib /home/t-1000/Xilinx/Vivado/2018.2/common/technology/xilinx/zynquplus/zynquplus_fpv7 
Execute       source /home/t-1000/Xilinx/Vivado/2018.2/common/technology/xilinx/common/xilinx_fpv7.lib 
Execute         source /home/t-1000/Xilinx/Vivado/2018.2/common/technology/xilinx/common/xilinx_hp.lib 
Execute       source /home/t-1000/Xilinx/Vivado/2018.2/common/technology/xilinx/common/xilinx_fpv.hlp 
Execute         source /home/t-1000/Xilinx/Vivado/2018.2/common/technology/xilinx/common/xilinx.hlp 
Execute           source /home/t-1000/Xilinx/Vivado/2018.2/common/technology/xilinx/common/target_info.tcl 
Execute           source /home/t-1000/Xilinx/Vivado/2018.2/common/technology/xilinx/interface/xilinx_interface.hlp 
Execute             source /home/t-1000/Xilinx/Vivado/2018.2/common/technology/xilinx/interface/maxi.hlp 
Execute             source /home/t-1000/Xilinx/Vivado/2018.2/common/technology/xilinx/interface/saxilite.hlp 
Execute           source /home/t-1000/Xilinx/Vivado/2018.2/common/technology/xilinx/common/dsp48.hlp 
Execute       source /home/t-1000/Xilinx/Vivado/2018.2/common/technology/xilinx/zynquplus/zynquplus_hp.hlp 
Execute     source /home/t-1000/Xilinx/Vivado/2018.2/common/technology/xilinx/zynquplus/zynquplus_fpv7.gen 
Execute       source /home/t-1000/Xilinx/Vivado/2018.2/common/technology/xilinx/common/xilinx_fpv6.gen 
Execute     set_part xczu3eg-sbva484-1-e 
Execute       add_library xilinx/zynquplus/zynquplus:xczu3eg:-sbva484:-1-e 
Execute         get_default_platform 
Execute         license_isbetapart xczu3eg 
Command         license_isbetapart done; error code: 1; 
Execute         get_default_platform 
Execute         config_chip_info -quiet -resource  {SLICE 8820}  {LUT 70560}    {FF 141120}  {DSP48E 360}   {BRAM 432}  {URAM 0}  
Execute         config_chip_info -quiet -speed slow 
Execute       add_library xilinx/zynquplus/zynquplus_fpv7 
Execute         get_default_platform 
INFO: [HLS 200-10] Setting target device to 'xczu3eg-sbva484-1-e'
Execute       get_default_platform 
Execute     get_default_platform 
Execute     config_chip_info -quiet -resource  {SLICE 8820}  {LUT 70560}    {FF 141120}  {DSP48E 360}   {BRAM 432}  {URAM 0}  
Execute     config_chip_info -quiet -speed slow 
Command   open_solution done; 0.19 sec.
Execute   export_design -rtl verilog -format ip_catalog 
Execute     source /home/t-1000/workspace/xilinx/hls/cv_hw/cv_hw/solution1/.autopilot/db/global.setting.tcl 
Execute     source /home/t-1000/Xilinx/Vivado/2018.2/common/technology/generic/autopilot/common.gen 
Execute       source /home/t-1000/Xilinx/Vivado/2018.2/common/technology/generic/autopilot/APCoreGen.gen 
Execute     source /home/t-1000/Xilinx/Vivado/2018.2/common/technology/generic/autopilot/op.gen 
Execute     source /home/t-1000/Xilinx/Vivado/2018.2/common/technology/generic/autopilot/op_simcore.gen 
Execute     source /home/t-1000/Xilinx/Vivado/2018.2/common/technology/generic/autopilot/interface.gen 
Execute     source /home/t-1000/workspace/xilinx/hls/cv_hw/cv_hw/solution1/.autopilot/db/global.setting.tcl 
Execute     source /home/t-1000/Xilinx/Vivado/2018.2/common/technology/xilinx/zynquplus/zynquplus.gen 
Execute       source /home/t-1000/Xilinx/Vivado/2018.2/common/technology/xilinx/common/virtex.gen 
Execute         source /home/t-1000/Xilinx/Vivado/2018.2/common/technology/xilinx/common/xilinx.gen 
Execute           source /home/t-1000/Xilinx/Vivado/2018.2/common/technology/xilinx/interface/plb46.gen 
Execute           source /home/t-1000/Xilinx/Vivado/2018.2/common/technology/xilinx/interface/fsl.gen 
Execute           source /home/t-1000/Xilinx/Vivado/2018.2/common/technology/xilinx/interface/axi4.gen 
Execute           source /home/t-1000/Xilinx/Vivado/2018.2/common/technology/xilinx/interface/nativeAXI4.gen 
Execute             source /home/t-1000/Xilinx/Vivado/2018.2/common/technology/xilinx/interface/saxilite.gen 
Execute             source /home/t-1000/Xilinx/Vivado/2018.2/common/technology/xilinx/interface/maxi.gen 
Execute           source /home/t-1000/Xilinx/Vivado/2018.2/common/technology/xilinx/scripts/xilinxcoregen.gen 
Execute           source /home/t-1000/Xilinx/Vivado/2018.2/common/technology/xilinx/interface/XilEDKCoreGen.gen 
Execute           source /home/t-1000/Xilinx/Vivado/2018.2/common/technology/xilinx/ip/dds_compiler.gen 
Execute           source /home/t-1000/Xilinx/Vivado/2018.2/common/technology/xilinx/ip/util.gen 
Execute           source /home/t-1000/Xilinx/Vivado/2018.2/common/technology/xilinx/ip/xfft.gen 
Execute           source /home/t-1000/Xilinx/Vivado/2018.2/common/technology/xilinx/ip/xfir.gen 
Execute         source /home/t-1000/Xilinx/Vivado/2018.2/common/technology/xilinx/common/dsp48.gen 
Execute     source /home/t-1000/Xilinx/Vivado/2018.2/common/technology/xilinx/zynquplus/zynquplus_fpv7.gen 
Execute       source /home/t-1000/Xilinx/Vivado/2018.2/common/technology/xilinx/common/xilinx_fpv6.gen 
Execute     source /home/t-1000/workspace/xilinx/hls/cv_hw/cv_hw/solution1/.autopilot/db/global.setting.tcl 
INFO: [IMPL 213-8] Exporting RTL as a Vivado IP.
Execute     source /home/t-1000/workspace/xilinx/hls/cv_hw/cv_hw/solution1/.autopilot/db/global.setting.tcl 
Execute     get_config_sdx -target 
Execute     source /home/t-1000/workspace/xilinx/hls/cv_hw/cv_hw/solution1/.autopilot/db/global.setting.tcl 
Execute     source /home/t-1000/Xilinx/Vivado/2018.2/common/technology/generic/autopilot/common.gen 
Execute       source /home/t-1000/Xilinx/Vivado/2018.2/common/technology/generic/autopilot/APCoreGen.gen 
Execute     source /home/t-1000/Xilinx/Vivado/2018.2/common/technology/generic/autopilot/op.gen 
Execute     source /home/t-1000/Xilinx/Vivado/2018.2/common/technology/generic/autopilot/op_simcore.gen 
Execute     source /home/t-1000/Xilinx/Vivado/2018.2/common/technology/generic/autopilot/interface.gen 
Execute     source /home/t-1000/workspace/xilinx/hls/cv_hw/cv_hw/solution1/.autopilot/db/global.setting.tcl 
Execute     source /home/t-1000/Xilinx/Vivado/2018.2/common/technology/xilinx/zynquplus/zynquplus.gen 
Execute       source /home/t-1000/Xilinx/Vivado/2018.2/common/technology/xilinx/common/virtex.gen 
Execute         source /home/t-1000/Xilinx/Vivado/2018.2/common/technology/xilinx/common/xilinx.gen 
Execute           source /home/t-1000/Xilinx/Vivado/2018.2/common/technology/xilinx/interface/plb46.gen 
Execute           source /home/t-1000/Xilinx/Vivado/2018.2/common/technology/xilinx/interface/fsl.gen 
Execute           source /home/t-1000/Xilinx/Vivado/2018.2/common/technology/xilinx/interface/axi4.gen 
Execute           source /home/t-1000/Xilinx/Vivado/2018.2/common/technology/xilinx/interface/nativeAXI4.gen 
Execute             source /home/t-1000/Xilinx/Vivado/2018.2/common/technology/xilinx/interface/saxilite.gen 
Execute             source /home/t-1000/Xilinx/Vivado/2018.2/common/technology/xilinx/interface/maxi.gen 
Execute           source /home/t-1000/Xilinx/Vivado/2018.2/common/technology/xilinx/scripts/xilinxcoregen.gen 
Execute           source /home/t-1000/Xilinx/Vivado/2018.2/common/technology/xilinx/interface/XilEDKCoreGen.gen 
Execute           source /home/t-1000/Xilinx/Vivado/2018.2/common/technology/xilinx/ip/dds_compiler.gen 
Execute           source /home/t-1000/Xilinx/Vivado/2018.2/common/technology/xilinx/ip/util.gen 
Execute           source /home/t-1000/Xilinx/Vivado/2018.2/common/technology/xilinx/ip/xfft.gen 
Execute           source /home/t-1000/Xilinx/Vivado/2018.2/common/technology/xilinx/ip/xfir.gen 
Execute         source /home/t-1000/Xilinx/Vivado/2018.2/common/technology/xilinx/common/dsp48.gen 
Execute     source /home/t-1000/Xilinx/Vivado/2018.2/common/technology/xilinx/zynquplus/zynquplus_fpv7.gen 
Execute       source /home/t-1000/Xilinx/Vivado/2018.2/common/technology/xilinx/common/xilinx_fpv6.gen 
Execute     source /home/t-1000/workspace/xilinx/hls/cv_hw/cv_hw/solution1/.autopilot/db/cv_hw.rtl_wrap.cfg.tcl 
Execute     source /home/t-1000/workspace/xilinx/hls/cv_hw/cv_hw/solution1/.autopilot/db/cv_hw.rtl_wrap.cfg.tcl 
Execute     source /home/t-1000/workspace/xilinx/hls/cv_hw/cv_hw/solution1/.autopilot/db/cv_hw.rtl_wrap.cfg.tcl 
Execute     source /home/t-1000/workspace/xilinx/hls/cv_hw/cv_hw/solution1/.autopilot/db/cv_hw.tbgen.tcl 
Execute     source /home/t-1000/workspace/xilinx/hls/cv_hw/cv_hw/solution1/.autopilot/db/cv_hw.tbgen.tcl 
Execute     source /home/t-1000/workspace/xilinx/hls/cv_hw/cv_hw/solution1/.autopilot/db/global.setting.tcl 
Execute     source /home/t-1000/workspace/xilinx/hls/cv_hw/cv_hw/solution1/.autopilot/db/cv_hw.compgen.tcl 
Execute     source /home/t-1000/workspace/xilinx/hls/cv_hw/cv_hw/solution1/.autopilot/db/global.setting.tcl 
Execute     source /home/t-1000/workspace/xilinx/hls/cv_hw/cv_hw/solution1/.autopilot/db/cv_hw.compgen.tcl 
Execute     source /home/t-1000/workspace/xilinx/hls/cv_hw/cv_hw/solution1/.autopilot/db/global.setting.tcl 
Execute     source /home/t-1000/workspace/xilinx/hls/cv_hw/cv_hw/solution1/.autopilot/db/cv_hw.compgen.tcl 
Execute     source /home/t-1000/workspace/xilinx/hls/cv_hw/cv_hw/solution1/.autopilot/db/global.setting.tcl 
Execute     source /home/t-1000/workspace/xilinx/hls/cv_hw/cv_hw/solution1/.autopilot/db/cv_hw.constraint.tcl 
Execute     source /home/t-1000/workspace/xilinx/hls/cv_hw/cv_hw/solution1/.autopilot/db/cv_hw.tbgen.tcl 
Execute     source /home/t-1000/workspace/xilinx/hls/cv_hw/cv_hw/solution1/.autopilot/db/global.setting.tcl 
Execute     source /home/t-1000/workspace/xilinx/hls/cv_hw/cv_hw/solution1/.autopilot/db/cv_hw.tbgen.tcl 
Execute     source /home/t-1000/workspace/xilinx/hls/cv_hw/cv_hw/solution1/.autopilot/db/cv_hw.tbgen.tcl 
Execute     source /home/t-1000/workspace/xilinx/hls/cv_hw/cv_hw/solution1/.autopilot/db/cv_hw.tbgen.tcl 
Execute     source /home/t-1000/workspace/xilinx/hls/cv_hw/cv_hw/solution1/.autopilot/db/cv_hw.tbgen.tcl 
Execute     source /home/t-1000/workspace/xilinx/hls/cv_hw/cv_hw/solution1/.autopilot/db/cv_hw.tbgen.tcl 
Execute     source /home/t-1000/workspace/xilinx/hls/cv_hw/cv_hw/solution1/.autopilot/db/cv_hw.tbgen.tcl 
Execute     source /home/t-1000/workspace/xilinx/hls/cv_hw/cv_hw/solution1/.autopilot/db/cv_hw.tbgen.tcl 
Execute     source /home/t-1000/workspace/xilinx/hls/cv_hw/cv_hw/solution1/.autopilot/db/global.setting.tcl 
Execute     source /home/t-1000/workspace/xilinx/hls/cv_hw/cv_hw/solution1/.autopilot/db/global.setting.tcl 
Execute     source /home/t-1000/workspace/xilinx/hls/cv_hw/cv_hw/solution1/.autopilot/db/cv_hw.rtl_wrap.cfg.tcl 
Execute     source /home/t-1000/workspace/xilinx/hls/cv_hw/cv_hw/solution1/.autopilot/db/cv_hw.rtl_wrap.cfg.tcl 
Execute     source /home/t-1000/workspace/xilinx/hls/cv_hw/cv_hw/solution1/.autopilot/db/cv_hw.rtl_wrap.cfg.tcl 
Execute     source /home/t-1000/workspace/xilinx/hls/cv_hw/cv_hw/solution1/.autopilot/db/cv_hw.tbgen.tcl 
Execute     source /home/t-1000/workspace/xilinx/hls/cv_hw/cv_hw/solution1/.autopilot/db/cv_hw.tbgen.tcl 
Execute     source /home/t-1000/workspace/xilinx/hls/cv_hw/cv_hw/solution1/.autopilot/db/cv_hw.tbgen.tcl 
Execute     source /home/t-1000/workspace/xilinx/hls/cv_hw/cv_hw/solution1/.autopilot/db/cv_hw.rtl_wrap.cfg.tcl 
Execute     source /home/t-1000/workspace/xilinx/hls/cv_hw/cv_hw/solution1/.autopilot/db/cv_hw.rtl_wrap.cfg.tcl 
Execute     source /home/t-1000/workspace/xilinx/hls/cv_hw/cv_hw/solution1/.autopilot/db/cv_hw.rtl_wrap.cfg.tcl 
Execute     source /home/t-1000/workspace/xilinx/hls/cv_hw/cv_hw/solution1/.autopilot/db/cv_hw.tbgen.tcl 
Execute     source /home/t-1000/workspace/xilinx/hls/cv_hw/cv_hw/solution1/.autopilot/db/cv_hw.tbgen.tcl 
Execute     source /home/t-1000/workspace/xilinx/hls/cv_hw/cv_hw/solution1/.autopilot/db/global.setting.tcl 
Execute     source /home/t-1000/workspace/xilinx/hls/cv_hw/cv_hw/solution1/.autopilot/db/cv_hw.tbgen.tcl 
Execute     source /home/t-1000/workspace/xilinx/hls/cv_hw/cv_hw/solution1/.autopilot/db/global.setting.tcl 
Execute     source /home/t-1000/workspace/xilinx/hls/cv_hw/cv_hw/solution1/.autopilot/db/cv_hw.constraint.tcl 
Execute     source /home/t-1000/workspace/xilinx/hls/cv_hw/cv_hw/solution1/.autopilot/db/global.setting.tcl 
Execute     source /home/t-1000/workspace/xilinx/hls/cv_hw/cv_hw/solution1/.autopilot/db/global.setting.tcl 
Execute     source /home/t-1000/workspace/xilinx/hls/cv_hw/cv_hw/solution1/.autopilot/db/cv_hw.constraint.tcl 
Execute     source /home/t-1000/workspace/xilinx/hls/cv_hw/cv_hw/solution1/.autopilot/db/cv_hw.tbgen.tcl 
Execute     source /home/t-1000/workspace/xilinx/hls/cv_hw/cv_hw/solution1/.autopilot/db/global.setting.tcl 
Execute     source /home/t-1000/workspace/xilinx/hls/cv_hw/cv_hw/solution1/.autopilot/db/cv_hw.constraint.tcl 
Execute     source /home/t-1000/workspace/xilinx/hls/cv_hw/cv_hw/solution1/.autopilot/db/cv_hw.tbgen.tcl 
Execute     source /home/t-1000/workspace/xilinx/hls/cv_hw/cv_hw/solution1/.autopilot/db/global.setting.tcl 
Execute     source /home/t-1000/Xilinx/Vivado/2018.2/common/technology/generic/autopilot/common.gen 
Execute       source /home/t-1000/Xilinx/Vivado/2018.2/common/technology/generic/autopilot/APCoreGen.gen 
Execute     source /home/t-1000/Xilinx/Vivado/2018.2/common/technology/generic/autopilot/op.gen 
Execute     source /home/t-1000/Xilinx/Vivado/2018.2/common/technology/generic/autopilot/op_simcore.gen 
Execute     source /home/t-1000/Xilinx/Vivado/2018.2/common/technology/generic/autopilot/interface.gen 
Execute     source /home/t-1000/workspace/xilinx/hls/cv_hw/cv_hw/solution1/.autopilot/db/global.setting.tcl 
Execute     source /home/t-1000/Xilinx/Vivado/2018.2/common/technology/xilinx/zynquplus/zynquplus.gen 
Execute       source /home/t-1000/Xilinx/Vivado/2018.2/common/technology/xilinx/common/virtex.gen 
Execute         source /home/t-1000/Xilinx/Vivado/2018.2/common/technology/xilinx/common/xilinx.gen 
Execute           source /home/t-1000/Xilinx/Vivado/2018.2/common/technology/xilinx/interface/plb46.gen 
Execute           source /home/t-1000/Xilinx/Vivado/2018.2/common/technology/xilinx/interface/fsl.gen 
Execute           source /home/t-1000/Xilinx/Vivado/2018.2/common/technology/xilinx/interface/axi4.gen 
Execute           source /home/t-1000/Xilinx/Vivado/2018.2/common/technology/xilinx/interface/nativeAXI4.gen 
Execute             source /home/t-1000/Xilinx/Vivado/2018.2/common/technology/xilinx/interface/saxilite.gen 
Execute             source /home/t-1000/Xilinx/Vivado/2018.2/common/technology/xilinx/interface/maxi.gen 
Execute           source /home/t-1000/Xilinx/Vivado/2018.2/common/technology/xilinx/scripts/xilinxcoregen.gen 
Execute           source /home/t-1000/Xilinx/Vivado/2018.2/common/technology/xilinx/interface/XilEDKCoreGen.gen 
Execute           source /home/t-1000/Xilinx/Vivado/2018.2/common/technology/xilinx/ip/dds_compiler.gen 
Execute           source /home/t-1000/Xilinx/Vivado/2018.2/common/technology/xilinx/ip/util.gen 
Execute           source /home/t-1000/Xilinx/Vivado/2018.2/common/technology/xilinx/ip/xfft.gen 
Execute           source /home/t-1000/Xilinx/Vivado/2018.2/common/technology/xilinx/ip/xfir.gen 
Execute         source /home/t-1000/Xilinx/Vivado/2018.2/common/technology/xilinx/common/dsp48.gen 
Execute     source /home/t-1000/Xilinx/Vivado/2018.2/common/technology/xilinx/zynquplus/zynquplus_fpv7.gen 
Execute       source /home/t-1000/Xilinx/Vivado/2018.2/common/technology/xilinx/common/xilinx_fpv6.gen 
Command   export_design done; 17.22 sec.
Command ap_source done; 17.42 sec.
Execute cleanup_all 
