#
# An unexpected error has occurred (7)
#
Stack:
/lib/x86_64-linux-gnu/libc.so.6(+0x354b0) [0x7f81089504b0]
/home/t-1000/Xilinx/Vivado/2018.2/lib/lnx64.o/libLLVM-3.1.so(+0xaafb8c) [0x7f80f7343b8c]
/home/t-1000/Xilinx/Vivado/2018.2/lib/lnx64.o/libLLVM-3.1.so(llvm::FPPassManager::runOnFunction(llvm::Function&)+0x220) [0x7f80f70890c0]
/home/t-1000/Xilinx/Vivado/2018.2/lib/lnx64.o/libLLVM-3.1.so(llvm::FPPassManager::runOnModule(llvm::Module&)+0x33) [0x7f80f70894d3]
/home/t-1000/Xilinx/Vivado/2018.2/lib/lnx64.o/libLLVM-3.1.so(llvm::MPPassManager::runOnModule(llvm::Module&)+0x182) [0x7f80f7089682]
/home/t-1000/Xilinx/Vivado/2018.2/lib/lnx64.o/libLLVM-3.1.so(llvm::PassManagerImpl::run(llvm::Module&)+0xac) [0x7f80f708983c]
/home/t-1000/Xilinx/Vivado/2018.2/lib/lnx64.o/libhls_main.so(+0xd4779) [0x7f80f81e6779]
/home/t-1000/Xilinx/Vivado/2018.2/lib/lnx64.o/libhls_support.so(xpcl::TclCommand::callback(int, Tcl_Obj* const*)+0xb6a) [0x7f80f7ee2d2a]
/home/t-1000/Xilinx/Vivado/2018.2/lib/lnx64.o/libhls_support.so(+0x5505b) [0x7f80f7ee305b]
/home/t-1000/Xilinx/Vivado/2018.2/lib/lnx64.o/libtcl8.5.so(+0x334af) [0x7f810429c4af]
/home/t-1000/Xilinx/Vivado/2018.2/lib/lnx64.o/libtcl8.5.so(+0x76875) [0x7f81042df875]
/home/t-1000/Xilinx/Vivado/2018.2/lib/lnx64.o/libtcl8.5.so(+0x7e029) [0x7f81042e7029]
/home/t-1000/Xilinx/Vivado/2018.2/lib/lnx64.o/libtcl8.5.so(TclEvalObjEx+0x76) [0x7f810429e156]
/home/t-1000/Xilinx/Vivado/2018.2/lib/lnx64.o/librdi_commontasks.so(+0x1b2617) [0x7f80fabe0617]
/home/t-1000/Xilinx/Vivado/2018.2/lib/lnx64.o/libtcl8.5.so(+0x334af) [0x7f810429c4af]
/home/t-1000/Xilinx/Vivado/2018.2/lib/lnx64.o/libtcl8.5.so(+0x76875) [0x7f81042df875]
/home/t-1000/Xilinx/Vivado/2018.2/lib/lnx64.o/libtcl8.5.so(TclObjInterpProcCore+0x420) [0x7f8104320df0]
/home/t-1000/Xilinx/Vivado/2018.2/lib/lnx64.o/libtcl8.5.so(+0x334af) [0x7f810429c4af]
/home/t-1000/Xilinx/Vivado/2018.2/lib/lnx64.o/libtcl8.5.so(+0x76875) [0x7f81042df875]
/home/t-1000/Xilinx/Vivado/2018.2/lib/lnx64.o/libtcl8.5.so(+0x7e029) [0x7f81042e7029]
/home/t-1000/Xilinx/Vivado/2018.2/lib/lnx64.o/libtcl8.5.so(TclEvalObjEx+0x76) [0x7f810429e156]
/home/t-1000/Xilinx/Vivado/2018.2/lib/lnx64.o/librdi_commontasks.so(+0x1b2617) [0x7f80fabe0617]
/home/t-1000/Xilinx/Vivado/2018.2/lib/lnx64.o/libtcl8.5.so(+0x334af) [0x7f810429c4af]
/home/t-1000/Xilinx/Vivado/2018.2/lib/lnx64.o/libtcl8.5.so(+0x76875) [0x7f81042df875]
/home/t-1000/Xilinx/Vivado/2018.2/lib/lnx64.o/libtcl8.5.so(TclObjInterpProcCore+0x420) [0x7f8104320df0]
/home/t-1000/Xilinx/Vivado/2018.2/lib/lnx64.o/libtcl8.5.so(+0x334af) [0x7f810429c4af]
/home/t-1000/Xilinx/Vivado/2018.2/lib/lnx64.o/libtcl8.5.so(+0x76875) [0x7f81042df875]
/home/t-1000/Xilinx/Vivado/2018.2/lib/lnx64.o/libtcl8.5.so(TclObjInterpProcCore+0x420) [0x7f8104320df0]
/home/t-1000/Xilinx/Vivado/2018.2/lib/lnx64.o/libtcl8.5.so(+0x334af) [0x7f810429c4af]
/home/t-1000/Xilinx/Vivado/2018.2/lib/lnx64.o/libtcl8.5.so(+0x76875) [0x7f81042df875]
/home/t-1000/Xilinx/Vivado/2018.2/lib/lnx64.o/libtcl8.5.so(+0x7e029) [0x7f81042e7029]
/home/t-1000/Xilinx/Vivado/2018.2/lib/lnx64.o/libtcl8.5.so(TclEvalObjEx+0x76) [0x7f810429e156]
/home/t-1000/Xilinx/Vivado/2018.2/lib/lnx64.o/librdi_commontasks.so(+0x1b2617) [0x7f80fabe0617]
/home/t-1000/Xilinx/Vivado/2018.2/lib/lnx64.o/libtcl8.5.so(+0x334af) [0x7f810429c4af]
/home/t-1000/Xilinx/Vivado/2018.2/lib/lnx64.o/libtcl8.5.so(+0x76875) [0x7f81042df875]
/home/t-1000/Xilinx/Vivado/2018.2/lib/lnx64.o/libtcl8.5.so(Tcl_ExprObj+0xf8) [0x7f81042e6c08]
/home/t-1000/Xilinx/Vivado/2018.2/lib/lnx64.o/libtcl8.5.so(Tcl_ExprBooleanObj+0x16) [0x7f810429ce96]
/home/t-1000/Xilinx/Vivado/2018.2/lib/lnx64.o/libtcl8.5.so(+0x3e6de) [0x7f81042a76de]
/home/t-1000/Xilinx/Vivado/2018.2/lib/lnx64.o/libtcl8.5.so(+0x334af) [0x7f810429c4af]
/home/t-1000/Xilinx/Vivado/2018.2/lib/lnx64.o/libtcl8.5.so(+0x34b38) [0x7f810429db38]
/home/t-1000/Xilinx/Vivado/2018.2/lib/lnx64.o/libtcl8.5.so(Tcl_EvalEx+0x13) [0x7f810429e0a3]
/home/t-1000/Xilinx/Vivado/2018.2/lib/lnx64.o/libtcl8.5.so(Tcl_Eval+0x15) [0x7f810429e0c5]
/home/t-1000/Xilinx/Vivado/2018.2/lib/lnx64.o/libhls_main.so(+0x9bec2) [0x7f80f81adec2]
/home/t-1000/Xilinx/Vivado/2018.2/lib/lnx64.o/libhls_support.so(xpcl::TclCommand::callback(int, Tcl_Obj* const*)+0x4dd) [0x7f80f7ee269d]
/home/t-1000/Xilinx/Vivado/2018.2/lib/lnx64.o/libhls_support.so(+0x5505b) [0x7f80f7ee305b]
/home/t-1000/Xilinx/Vivado/2018.2/lib/lnx64.o/libtcl8.5.so(+0x334af) [0x7f810429c4af]
/home/t-1000/Xilinx/Vivado/2018.2/lib/lnx64.o/libtcl8.5.so(+0x76875) [0x7f81042df875]
/home/t-1000/Xilinx/Vivado/2018.2/lib/lnx64.o/libtcl8.5.so(TclObjInterpProcCore+0x420) [0x7f8104320df0]
/home/t-1000/Xilinx/Vivado/2018.2/lib/lnx64.o/libtcl8.5.so(+0x334af) [0x7f810429c4af]
/home/t-1000/Xilinx/Vivado/2018.2/lib/lnx64.o/libtcl8.5.so(+0x76875) [0x7f81042df875]
/home/t-1000/Xilinx/Vivado/2018.2/lib/lnx64.o/libtcl8.5.so(+0x7e029) [0x7f81042e7029]
/home/t-1000/Xilinx/Vivado/2018.2/lib/lnx64.o/libtcl8.5.so(TclEvalObjEx+0x76) [0x7f810429e156]
/home/t-1000/Xilinx/Vivado/2018.2/lib/lnx64.o/librdi_commontasks.so(+0x1b2617) [0x7f80fabe0617]
/home/t-1000/Xilinx/Vivado/2018.2/lib/lnx64.o/libtcl8.5.so(+0x334af) [0x7f810429c4af]
/home/t-1000/Xilinx/Vivado/2018.2/lib/lnx64.o/libtcl8.5.so(+0x76875) [0x7f81042df875]
/home/t-1000/Xilinx/Vivado/2018.2/lib/lnx64.o/libtcl8.5.so(Tcl_ExprObj+0xf8) [0x7f81042e6c08]
/home/t-1000/Xilinx/Vivado/2018.2/lib/lnx64.o/libtcl8.5.so(Tcl_ExprBooleanObj+0x16) [0x7f810429ce96]
/home/t-1000/Xilinx/Vivado/2018.2/lib/lnx64.o/libtcl8.5.so(+0x3e6de) [0x7f81042a76de]
/home/t-1000/Xilinx/Vivado/2018.2/lib/lnx64.o/libtcl8.5.so(+0x334af) [0x7f810429c4af]
/home/t-1000/Xilinx/Vivado/2018.2/lib/lnx64.o/libtcl8.5.so(+0x34b38) [0x7f810429db38]
/home/t-1000/Xilinx/Vivado/2018.2/lib/lnx64.o/libtcl8.5.so(Tcl_EvalEx+0x13) [0x7f810429e0a3]
/home/t-1000/Xilinx/Vivado/2018.2/lib/lnx64.o/libtcl8.5.so(Tcl_Eval+0x15) [0x7f810429e0c5]
/home/t-1000/Xilinx/Vivado/2018.2/lib/lnx64.o/libhls_main.so(+0x9bec2) [0x7f80f81adec2]
/home/t-1000/Xilinx/Vivado/2018.2/lib/lnx64.o/libhls_support.so(xpcl::TclCommand::callback(int, Tcl_Obj* const*)+0x4dd) [0x7f80f7ee269d]
/home/t-1000/Xilinx/Vivado/2018.2/lib/lnx64.o/libhls_support.so(+0x5505b) [0x7f80f7ee305b]
/home/t-1000/Xilinx/Vivado/2018.2/lib/lnx64.o/libtcl8.5.so(+0x334af) [0x7f810429c4af]
/home/t-1000/Xilinx/Vivado/2018.2/lib/lnx64.o/libtcl8.5.so(+0x76875) [0x7f81042df875]
/home/t-1000/Xilinx/Vivado/2018.2/lib/lnx64.o/libtcl8.5.so(TclObjInterpProcCore+0x420) [0x7f8104320df0]
/home/t-1000/Xilinx/Vivado/2018.2/lib/lnx64.o/libtcl8.5.so(+0x334af) [0x7f810429c4af]
/home/t-1000/Xilinx/Vivado/2018.2/lib/lnx64.o/libtcl8.5.so(+0x76875) [0x7f81042df875]
/home/t-1000/Xilinx/Vivado/2018.2/lib/lnx64.o/libtcl8.5.so(+0x7e029) [0x7f81042e7029]
/home/t-1000/Xilinx/Vivado/2018.2/lib/lnx64.o/libtcl8.5.so(TclEvalObjEx+0x76) [0x7f810429e156]
/home/t-1000/Xilinx/Vivado/2018.2/lib/lnx64.o/librdi_commontasks.so(+0x1b2617) [0x7f80fabe0617]
/home/t-1000/Xilinx/Vivado/2018.2/lib/lnx64.o/libtcl8.5.so(+0x334af) [0x7f810429c4af]
/home/t-1000/Xilinx/Vivado/2018.2/lib/lnx64.o/libtcl8.5.so(+0x76875) [0x7f81042df875]
/home/t-1000/Xilinx/Vivado/2018.2/lib/lnx64.o/libtcl8.5.so(Tcl_ExprObj+0xf8) [0x7f81042e6c08]
/home/t-1000/Xilinx/Vivado/2018.2/lib/lnx64.o/libtcl8.5.so(Tcl_ExprBooleanObj+0x16) [0x7f810429ce96]
/home/t-1000/Xilinx/Vivado/2018.2/lib/lnx64.o/libtcl8.5.so(+0x3e6de) [0x7f81042a76de]
/home/t-1000/Xilinx/Vivado/2018.2/lib/lnx64.o/libtcl8.5.so(+0x334af) [0x7f810429c4af]
/home/t-1000/Xilinx/Vivado/2018.2/lib/lnx64.o/libtcl8.5.so(+0x34b38) [0x7f810429db38]
/home/t-1000/Xilinx/Vivado/2018.2/lib/lnx64.o/libtcl8.5.so(Tcl_EvalEx+0x13) [0x7f810429e0a3]
/home/t-1000/Xilinx/Vivado/2018.2/lib/lnx64.o/libtcl8.5.so(Tcl_Eval+0x15) [0x7f810429e0c5]
/home/t-1000/Xilinx/Vivado/2018.2/lib/lnx64.o/libhls_main.so(+0x9bec2) [0x7f80f81adec2]
/home/t-1000/Xilinx/Vivado/2018.2/lib/lnx64.o/libhls_support.so(xpcl::TclCommand::callback(int, Tcl_Obj* const*)+0x4dd) [0x7f80f7ee269d]
/home/t-1000/Xilinx/Vivado/2018.2/lib/lnx64.o/libhls_support.so(+0x5505b) [0x7f80f7ee305b]
/home/t-1000/Xilinx/Vivado/2018.2/lib/lnx64.o/libtcl8.5.so(+0x334af) [0x7f810429c4af]
/home/t-1000/Xilinx/Vivado/2018.2/lib/lnx64.o/libtcl8.5.so(+0x34b38) [0x7f810429db38]
/home/t-1000/Xilinx/Vivado/2018.2/lib/lnx64.o/libtcl8.5.so(Tcl_EvalEx+0x13) [0x7f810429e0a3]
/home/t-1000/Xilinx/Vivado/2018.2/lib/lnx64.o/libtcl8.5.so(Tcl_FSEvalFileEx+0x1da) [0x7f8104302c5a]
/home/t-1000/Xilinx/Vivado/2018.2/lib/lnx64.o/libhls_main.so(ApSourceTclFile(std::__cxx11::basic_string<char, std::char_traits<char>, std::allocator<char> > const&, char const*)+0x77) [0x7f80f81a3437]
/home/t-1000/Xilinx/Vivado/2018.2/lib/lnx64.o/libhls_main.so(+0x96339) [0x7f80f81a8339]
/home/t-1000/Xilinx/Vivado/2018.2/lib/lnx64.o/libhls_support.so(xpcl::TclCommand::callback(int, Tcl_Obj* const*)+0x4dd) [0x7f80f7ee269d]
/home/t-1000/Xilinx/Vivado/2018.2/lib/lnx64.o/libhls_support.so(+0x5505b) [0x7f80f7ee305b]
/home/t-1000/Xilinx/Vivado/2018.2/lib/lnx64.o/libtcl8.5.so(+0x334af) [0x7f810429c4af]
/home/t-1000/Xilinx/Vivado/2018.2/lib/lnx64.o/libtcl8.5.so(Tcl_EvalObjv+0x32) [0x7f810429c5e2]
/home/t-1000/Xilinx/Vivado/2018.2/lib/lnx64.o/libtcl8.5.so(TclEvalObjEx+0x322) [0x7f810429e402]
/home/t-1000/Xilinx/Vivado/2018.2/lib/lnx64.o/librdi_hlstasks.so(+0xb65a) [0x7f80f85c365a]
/home/t-1000/Xilinx/Vivado/2018.2/lib/lnx64.o/librdi_common.so(+0x78e792) [0x7f8109c14792]
/home/t-1000/Xilinx/Vivado/2018.2/lib/lnx64.o/libtcl8.5.so(+0x334af) [0x7f810429c4af]
/home/t-1000/Xilinx/Vivado/2018.2/lib/lnx64.o/libtcl8.5.so(+0x34b38) [0x7f810429db38]
/home/t-1000/Xilinx/Vivado/2018.2/lib/lnx64.o/libtcl8.5.so(Tcl_EvalEx+0x13) [0x7f810429e0a3]
/home/t-1000/Xilinx/Vivado/2018.2/lib/lnx64.o/libtcl8.5.so(TclEvalObjEx+0x3cf) [0x7f810429e4af]
/home/t-1000/Xilinx/Vivado/2018.2/lib/lnx64.o/libtcl8.5.so(+0xb74a9) [0x7f81043204a9]
/home/t-1000/Xilinx/Vivado/2018.2/lib/lnx64.o/libtcl8.5.so(+0x334af) [0x7f810429c4af]
/home/t-1000/Xilinx/Vivado/2018.2/lib/lnx64.o/libtcl8.5.so(+0x76875) [0x7f81042df875]
/home/t-1000/Xilinx/Vivado/2018.2/lib/lnx64.o/libtcl8.5.so(TclObjInterpProcCore+0x420) [0x7f8104320df0]
/home/t-1000/Xilinx/Vivado/2018.2/lib/lnx64.o/libtcl8.5.so(+0x334af) [0x7f810429c4af]
/home/t-1000/Xilinx/Vivado/2018.2/lib/lnx64.o/libtcl8.5.so(+0x76875) [0x7f81042df875]
/home/t-1000/Xilinx/Vivado/2018.2/lib/lnx64.o/libtcl8.5.so(+0x7e029) [0x7f81042e7029]
/home/t-1000/Xilinx/Vivado/2018.2/lib/lnx64.o/libtcl8.5.so(TclEvalObjEx+0x76) [0x7f810429e156]
/home/t-1000/Xilinx/Vivado/2018.2/lib/lnx64.o/librdi_commontasks.so(+0x1b26b4) [0x7f80fabe06b4]
/home/t-1000/Xilinx/Vivado/2018.2/lib/lnx64.o/libtcl8.5.so(+0x334af) [0x7f810429c4af]
/home/t-1000/Xilinx/Vivado/2018.2/lib/lnx64.o/libtcl8.5.so(+0x34b38) [0x7f810429db38]
/home/t-1000/Xilinx/Vivado/2018.2/lib/lnx64.o/libtcl8.5.so(+0xad486) [0x7f8104316486]
/home/t-1000/Xilinx/Vivado/2018.2/lib/lnx64.o/libtcl8.5.so(+0x346c5) [0x7f810429d6c5]
/home/t-1000/Xilinx/Vivado/2018.2/lib/lnx64.o/libtcl8.5.so(Tcl_EvalEx+0x13) [0x7f810429e0a3]
/home/t-1000/Xilinx/Vivado/2018.2/lib/lnx64.o/libtcl8.5.so(Tcl_FSEvalFileEx+0x1da) [0x7f8104302c5a]
/home/t-1000/Xilinx/Vivado/2018.2/lib/lnx64.o/librdi_commontasks.so(+0x1cf84d) [0x7f80fabfd84d]
/home/t-1000/Xilinx/Vivado/2018.2/lib/lnx64.o/librdi_common.so(+0x78e792) [0x7f8109c14792]
/home/t-1000/Xilinx/Vivado/2018.2/lib/lnx64.o/libtcl8.5.so(+0x334af) [0x7f810429c4af]
/home/t-1000/Xilinx/Vivado/2018.2/lib/lnx64.o/libtcl8.5.so(Tcl_EvalObjv+0x32) [0x7f810429c5e2]
/home/t-1000/Xilinx/Vivado/2018.2/lib/lnx64.o/libtcl8.5.so(TclEvalObjEx+0x322) [0x7f810429e402]
/home/t-1000/Xilinx/Vivado/2018.2/lib/lnx64.o/librdi_commontasks.so(+0x200e8f) [0x7f80fac2ee8f]
/home/t-1000/Xilinx/Vivado/2018.2/lib/lnx64.o/librdi_commontasks.so(+0x20255e) [0x7f80fac3055e]
/home/t-1000/Xilinx/Vivado/2018.2/lib/lnx64.o/librdi_common.so(+0x78e792) [0x7f8109c14792]
/home/t-1000/Xilinx/Vivado/2018.2/lib/lnx64.o/libtcl8.5.so(+0x334af) [0x7f810429c4af]
/home/t-1000/Xilinx/Vivado/2018.2/lib/lnx64.o/libtcl8.5.so(Tcl_EvalObjv+0x32) [0x7f810429c5e2]
/home/t-1000/Xilinx/Vivado/2018.2/lib/lnx64.o/libtcl8.5.so(TclEvalObjEx+0x322) [0x7f810429e402]
/home/t-1000/Xilinx/Vivado/2018.2/lib/lnx64.o/librdi_commonmain.so(+0x7414) [0x7f8109282414]
/home/t-1000/Xilinx/Vivado/2018.2/lib/lnx64.o/libtcl8.5.so(Tcl_Main+0x1d0) [0x7f8104309210]
/home/t-1000/Xilinx/Vivado/2018.2/lib/lnx64.o/librdi_common.so(+0x7d175b) [0x7f8109c5775b]
/lib/x86_64-linux-gnu/libpthread.so.0(+0x76ba) [0x7f81022be6ba]
/lib/x86_64-linux-gnu/libc.so.6(clone+0x6d) [0x7f8108a2241d]
