INFO: [HLS 200-10] Running '/home/t-1000/Xilinx/Vivado/2018.2/bin/unwrapped/lnx64.o/vivado_hls'
INFO: [HLS 200-10] For user 't-1000' on host 'terminator' (Linux_x86_64 version 4.4.0-112-generic) on Tue Oct 30 08:43:54 PDT 2018
INFO: [HLS 200-10] On os Ubuntu 16.04.1 LTS
INFO: [HLS 200-10] In directory '/home/t-1000/workspace/xilinx/hls/cv_hw'
INFO: [HLS 200-10] Opening project '/home/t-1000/workspace/xilinx/hls/cv_hw/cv_hw'.
INFO: [HLS 200-10] Opening solution '/home/t-1000/workspace/xilinx/hls/cv_hw/cv_hw/solution1'.
INFO: [SYN 201-201] Setting up clock 'default' with a period of 10ns.
INFO: [HLS 200-10] Setting target device to 'xczu3eg-sbva484-1-e'
INFO: [IMPL 213-8] Exporting RTL as a Vivado IP.

****** Vivado v2018.2 (64-bit)
  **** SW Build 2258646 on Thu Jun 14 20:02:38 MDT 2018
  **** IP Build 2256618 on Thu Jun 14 22:10:49 MDT 2018
    ** Copyright 1986-2018 Xilinx, Inc. All Rights Reserved.

source run_ippack.tcl -notrace
INFO: [IP_Flow 19-234] Refreshing IP repositories
INFO: [IP_Flow 19-1704] No user IP repositories specified
INFO: [IP_Flow 19-2313] Loaded Vivado IP repository '/home/t-1000/Xilinx/Vivado/2018.2/data/ip'.
WARNING: [IP_Flow 19-4832] The IP name 'cv_hw_ap_dadd_3_full_dsp_64' you have specified is long. The Windows operating system has path length limitations. It is recommended you use shorter names to reduce the likelihood of issues.
INFO: [IP_Flow 19-1686] Generating 'Synthesis' target for IP 'cv_hw_ap_dadd_3_full_dsp_64'...
INFO: [IP_Flow 19-1686] Generating 'Simulation' target for IP 'cv_hw_ap_dadd_3_full_dsp_64'...
WARNING: [IP_Flow 19-4832] The IP name 'cv_hw_ap_dmul_3_max_dsp_64' you have specified is long. The Windows operating system has path length limitations. It is recommended you use shorter names to reduce the likelihood of issues.
INFO: [IP_Flow 19-1686] Generating 'Synthesis' target for IP 'cv_hw_ap_dmul_3_max_dsp_64'...
INFO: [IP_Flow 19-1686] Generating 'Simulation' target for IP 'cv_hw_ap_dmul_3_max_dsp_64'...
WARNING: [IP_Flow 19-4832] The IP name 'cv_hw_ap_sitodp_2_no_dsp_32' you have specified is long. The Windows operating system has path length limitations. It is recommended you use shorter names to reduce the likelihood of issues.
INFO: [IP_Flow 19-1686] Generating 'Synthesis' target for IP 'cv_hw_ap_sitodp_2_no_dsp_32'...
INFO: [IP_Flow 19-1686] Generating 'Simulation' target for IP 'cv_hw_ap_sitodp_2_no_dsp_32'...
INFO: [IP_Flow 19-234] Refreshing IP repositories
INFO: [IP_Flow 19-1704] No user IP repositories specified
INFO: [IP_Flow 19-2313] Loaded Vivado IP repository '/home/t-1000/Xilinx/Vivado/2018.2/data/ip'.
INFO: [Common 17-206] Exiting Vivado at Tue Oct 30 08:44:11 2018...
